18:06:40.615 [main                     ] DEBUG Logger               - Configured Logger
18:06:40.692 [main                     ] DEBUG GameApplication      - Logging settings
Title: Island Knockout
Version: 1.0
Width: 1440
Height: 810
Fullscreen: true
Intro: false
Profiling: false
Single step:false
App Mode: DEVELOPER
Menu Key: ESCAPE
Stage Style: DECORATED
Scene Factory: class com.almasb.fxgl.app.scene.SceneFactory

18:06:42.122 [JavaFX Application Thread] DEBUG FXGLApplication      - Initializing FXGL
18:06:42.132 [JavaFX Application Thread] INFO  Engine               - FXGL-21.1 (27.03.2024 07.52) on WINDOWS (J:23.0.1 FX:21)
18:06:42.132 [JavaFX Application Thread] DEBUG Engine               - JRE Vendor Name: Oracle Corporation
18:06:42.133 [JavaFX Application Thread] DEBUG Engine               - Running on OS: Windows 11 version 10.0
18:06:42.133 [JavaFX Application Thread] DEBUG Engine               - Architecture: amd64
18:06:42.133 [JavaFX Application Thread] INFO  Engine               - Source code and latest versions at: https://github.com/AlmasB/FXGL
18:06:42.133 [JavaFX Application Thread] INFO  Engine               -       Ask questions and discuss at: https://github.com/AlmasB/FXGL/discussions
18:06:42.133 [JavaFX Application Thread] INFO  Engine               -              Join the FXGL chat at: https://gitter.im/AlmasB/FXGL
18:06:42.516 [JavaFX Application Thread] DEBUG PrimaryStageWindow   - Creating a JavaFX scene
18:06:42.677 [JavaFX Application Thread] DEBUG PrimaryStageWindow   - Target settings size: 1440.0 x 810.0
18:06:42.678 [JavaFX Application Thread] DEBUG PrimaryStageWindow   - Scaled scene size:    1440.0 x 810.0
18:06:42.679 [JavaFX Application Thread] DEBUG PrimaryStageWindow   - Scaled ratio: (1.0, 1.0)
18:06:42.681 [JavaFX Application Thread] DEBUG PrimaryStageWindow   - Set initial scene to FXGLStartupScene
18:06:42.691 [JavaFX Application Thread] DEBUG PrimaryStageWindow   - Opening main window
18:06:42.949 [JavaFX Application Thread] DEBUG PrimaryStageWindow   - Window border size: (16.0, 39.0)
18:06:42.950 [JavaFX Application Thread] DEBUG PrimaryStageWindow   - Scaled size: 1440.0 x 810.0
18:06:42.950 [JavaFX Application Thread] DEBUG PrimaryStageWindow   - Scaled ratio: (1.0, 1.0)
18:06:42.951 [JavaFX Application Thread] DEBUG PrimaryStageWindow   - Scene size: 1440.0 x 810.0
18:06:42.951 [JavaFX Application Thread] DEBUG PrimaryStageWindow   - Stage size: 1456.0 x 849.0
18:06:42.971 [FXGL Background Thread 1 ] DEBUG Engine               - Initializing environment variables
18:06:43.088 [FXGL Background Thread 1 ] DEBUG FXGLAssetLoaderServi - User app class for loading assets: class com.arena.dual_arena.Main
18:06:43.088 [FXGL Background Thread 1 ] DEBUG GameApplicationServi - Applying CSS: fxgl_dark.css
18:06:43.091 [FXGL Background Thread 1 ] DEBUG FXGLAssetLoaderServi - Loading from file system: jar:file:///C:/Users/jaure/.m2/repository/com/github/almasb/fxgl/21.1/fxgl-21.1.jar!/fxglassets/ui/css/fxgl_dark.css
18:06:43.227 [FXGL Background Thread 1 ] DEBUG GameApplicationServi - Initializing application scenes
18:06:43.509 [FXGL Background Thread 1 ] DEBUG GameWorld            - Game world initialized
18:06:43.697 [FXGL Background Thread 1 ] DEBUG PhysicsWorld         - Physics world initialized: appHeight=810, physics.ppm=50,0
18:06:43.697 [FXGL Background Thread 1 ] DEBUG PhysicsWorld         - Using strategy: BRUTE_FORCE
18:06:43.707 [FXGL Background Thread 1 ] DEBUG GameScene            - Game scene initialized: 1440x810
18:06:43.747 [FXGL Background Thread 1 ] DEBUG FXGL.DefaultMenu     - createMenuBodyMainMenu()
18:06:43.795 [FXGL Background Thread 1 ] DEBUG FXGL.DefaultMenu     - createOptionsMenu()
18:06:43.825 [FXGL Background Thread 1 ] DEBUG FXGLAssetLoaderServi - Loading from file system: jar:file:///C:/Users/jaure/.m2/repository/com/github/almasb/fxgl/21.1/fxgl-21.1.jar!/fxglassets/textures/particles/smoke.png
18:06:44.140 [FXGL Background Thread 1 ] DEBUG FXGLAssetLoaderServi - Loading from file system: jar:file:///C:/Users/jaure/.m2/repository/com/github/almasb/fxgl/21.1/fxgl-21.1.jar!/fxglassets/textures/particles/trace_horizontal.png
18:06:44.197 [FXGL Background Thread 1 ] DEBUG FXGL.DefaultMenu     - createMenuBodyGameMenu()
18:06:44.201 [FXGL Background Thread 1 ] DEBUG FXGL.DefaultMenu     - createOptionsMenu()
18:06:44.284 [FXGL Background Thread 1 ] DEBUG GameApplicationServi - Application scenes initialized
18:06:44.323 [FXGL Background Thread 1 ] DEBUG SystemBundleService  - Loading FXGL system data
18:06:44.328 [FXGL Background Thread 1 ] DEBUG FileSystemAccess     - Reading from: C:\Users\jaure\OneDrive\Documents\final\T-JAV-501-NAN_2\system\fxgl.bundle
18:06:44.335 [FXGL Background Thread 1 ] DEBUG SystemBundleService  - Bundle FXGL: {}
18:06:44.336 [FXGL Background Thread 1 ] DEBUG UpdaterService       - Checking for updates
18:06:44.430 [FXGL Background Thread 4 ] DEBUG FXGLApplication      - Loading fonts
18:06:44.432 [FXGL Background Thread 1 ] DEBUG FXGLApplication      - Loading default localization
18:06:44.432 [FXGL Background Thread 4 ] DEBUG FXGLAssetLoaderServi - Loading from file system: jar:file:///C:/Users/jaure/.m2/repository/com/github/almasb/fxgl/21.1/fxgl-21.1.jar!/fxglassets/ui/fonts/VarelaRound-Regular.ttf
18:06:44.434 [FXGL Background Thread 1 ] DEBUG FXGLAssetLoaderServi - Loading from file system: jar:file:///C:/Users/jaure/.m2/repository/com/github/almasb/fxgl/21.1/fxgl-21.1.jar!/fxglassets/languages/english.lang
18:06:44.457 [FXGL Background Thread 4 ] DEBUG FXGLAssetLoaderServi - Loading from file system: jar:file:///C:/Users/jaure/.m2/repository/com/github/almasb/fxgl/21.1/fxgl-21.1.jar!/fxglassets/ui/fonts/Abel-Regular.ttf
18:06:44.468 [FXGL Background Thread 4 ] DEBUG FXGLAssetLoaderServi - Loading from file system: jar:file:///C:/Users/jaure/.m2/repository/com/github/almasb/fxgl/21.1/fxgl-21.1.jar!/fxglassets/ui/fonts/TerminalLandMono-Regular.otf
18:06:44.479 [FXGL Background Thread 4 ] DEBUG FXGLAssetLoaderServi - Loading from file system: jar:file:///C:/Users/jaure/.m2/repository/com/github/almasb/fxgl/21.1/fxgl-21.1.jar!/fxglassets/ui/fonts/Courier-Prime.ttf
18:06:44.483 [FXGL Background Thread 1 ] INFO  FXGLApplication      - FXGL initialization took: 1,511 sec
18:06:44.485 [JavaFX Application Thread] DEBUG FXGLAssetLoaderServi - Loading from file system: file:/C:/Users/jaure/OneDrive/Documents/final/T-JAV-501-NAN_2/Dual_Arena/target/classes/assets/music/music_1.mp3
18:06:44.970 [JavaFX Application Thread] DEBUG FXGLAssetLoaderServi - Loading from file system: file:/C:/Users/jaure/OneDrive/Documents/final/T-JAV-501-NAN_2/Dual_Arena/target/classes/assets/music/music_2.mp3
18:06:44.991 [JavaFX Application Thread] DEBUG AudioPlayer          - Playing music com.almasb.fxgl.audio.Music@5e7a5e40
18:06:44.994 [JavaFX Application Thread] DEBUG FXGLAssetLoaderServi - Loading from file system: jar:file:///C:/Users/jaure/.m2/repository/com/github/almasb/fxgl/21.1/fxgl-21.1.jar!/fxglassets/textures/fxgl_icon.png
18:06:45.042 [JavaFX Application Thread] DEBUG FXGLAssetLoaderServi - Loading from file system: jar:file:///C:/Users/jaure/.m2/repository/com/github/almasb/fxgl/21.1/fxgl-21.1.jar!/fxglassets/textures/fxgl_default_cursor.png
18:06:45.080 [JavaFX Application Thread] DEBUG Input                - Registered new binding: Screenshot - CTRL+8
18:06:45.081 [JavaFX Application Thread] DEBUG Input                - Registered new binding: Dev Options - 1
18:06:45.082 [JavaFX Application Thread] DEBUG Input                - Registered new binding: Dev Console - 2
18:06:45.083 [JavaFX Application Thread] DEBUG Input                - Registered new binding: System info dump - CTRL+9
18:06:45.084 [JavaFX Application Thread] DEBUG Input                - Registered new binding: Restart - CTRL+R
18:06:45.085 [JavaFX Application Thread] DEBUG Input                - Registered new binding: Toggle Debug Camera - CTRL+7
18:06:45.095 [JavaFX Application Thread] DEBUG LoopRunner           - Starting loop
18:06:45.144 [JavaFX Application Thread] DEBUG LoopRunner           - Initializing JavaFX AnimationTimerLoop
18:06:45.151 [JavaFX Application Thread] DEBUG Input                - Clearing active input actions
18:06:45.175 [JavaFX Application Thread] DEBUG GameApplicationServi - Removing overlay from FXGLStartupScene and adding to FXGLMainMenuDummyScene
18:06:45.188 [JavaFX Application Thread] DEBUG PrimaryStageWindow   - FXGLStartupScene -> FXGLMainMenuDummyScene
18:06:45.188 [JavaFX Application Thread] DEBUG PrimaryStageWindow   - Push state: FXGLDefaultMenu
18:06:45.204 [JavaFX Application Thread] DEBUG Input                - Clearing active input actions
18:06:45.222 [JavaFX Application Thread] DEBUG GameApplicationServi - Removing overlay from FXGLMainMenuDummyScene and adding to FXGLDefaultMenu
18:06:45.223 [JavaFX Application Thread] DEBUG PrimaryStageWindow   - FXGLMainMenuDummyScene -> FXGLDefaultMenu
18:06:45.224 [JavaFX Application Thread] DEBUG FXGLApplication      - Registering font factories with UI factory
18:06:47.316 [JavaFX Application Thread] DEBUG Menu                 - fireNewGame()
18:06:47.317 [JavaFX Application Thread] DEBUG GameApplicationServi - Starting new game
18:06:47.333 [JavaFX Application Thread] DEBUG PrimaryStageWindow   - Pop state: FXGLDefaultMenu
18:06:47.333 [JavaFX Application Thread] DEBUG Input                - Clearing active input actions
18:06:47.334 [JavaFX Application Thread] DEBUG GameApplicationServi - Removing overlay from FXGLDefaultMenu and adding to FXGLMainMenuDummyScene
18:06:47.340 [JavaFX Application Thread] DEBUG PrimaryStageWindow   - FXGLMainMenuDummyScene <- FXGLDefaultMenu
18:06:47.341 [JavaFX Application Thread] DEBUG Input                - Clearing active input actions
18:06:47.367 [JavaFX Application Thread] DEBUG GameApplicationServi - Removing overlay from FXGLMainMenuDummyScene and adding to FXGLLoadingScene
18:06:47.368 [JavaFX Application Thread] DEBUG PrimaryStageWindow   - FXGLMainMenuDummyScene -> FXGLLoadingScene
18:06:47.368 [JavaFX Application Thread] DEBUG GameApplicationServi - Clearing previous game
18:06:47.369 [JavaFX Application Thread] DEBUG GameScene            - Clearing game scene
18:06:47.369 [JavaFX Application Thread] DEBUG GameWorld            - Clearing game world
18:06:47.369 [JavaFX Application Thread] DEBUG PhysicsWorld         - Clearing physics world
18:06:47.373 [FXGL Background Thread 2 ] DEBUG FXGLApplication      - Initializing game
18:06:47.426 [FXGL Background Thread 3 ] DEBUG Engine               - Logging environment variables
18:06:47.427 [FXGL Background Thread 3 ] DEBUG Engine               - achievements: []
18:06:47.428 [FXGL Background Thread 3 ] DEBUG Engine               - actualHeight: 810.0
18:06:47.428 [FXGL Background Thread 3 ] DEBUG Engine               - actualHeightProperty: ReadOnlyDoubleProperty [value: 810.0]
18:06:47.429 [FXGL Background Thread 3 ] DEBUG Engine               - actualWidth: 1440.0
18:06:47.429 [FXGL Background Thread 3 ] DEBUG Engine               - actualWidthProperty: ReadOnlyDoubleProperty [value: 1440.0]
18:06:47.429 [FXGL Background Thread 3 ] DEBUG Engine               - appIcon: fxgl_icon.png
18:06:47.429 [FXGL Background Thread 3 ] DEBUG Engine               - applicationMode: DEVELOPER
18:06:47.429 [FXGL Background Thread 3 ] DEBUG Engine               - cSSList: [fxgl_dark.css]
18:06:47.430 [FXGL Background Thread 3 ] DEBUG Engine               - collisionDetectionStrategy: BRUTE_FORCE
18:06:47.430 [FXGL Background Thread 3 ] DEBUG Engine               - configClass: Optional.empty
18:06:47.430 [FXGL Background Thread 3 ] DEBUG Engine               - credits: []
18:06:47.431 [FXGL Background Thread 3 ] DEBUG Engine               - defaultCursor: CursorInfo(imageName=fxgl_default_cursor.png, hotspotX=7.0, hotspotY=6.0)
18:06:47.431 [FXGL Background Thread 3 ] DEBUG Engine               - devBBoxColorProperty: ObjectProperty [value: 0xff0000ff]
18:06:47.432 [FXGL Background Thread 3 ] DEBUG Engine               - devEnableDebugCameraProperty: BooleanProperty [value: false]
18:06:47.432 [FXGL Background Thread 3 ] DEBUG Engine               - devSensorColorProperty: ObjectProperty [value: 0xffff00ff]
18:06:47.432 [FXGL Background Thread 3 ] DEBUG Engine               - devShowBBoxProperty: BooleanProperty [value: false]
18:06:47.432 [FXGL Background Thread 3 ] DEBUG Engine               - devShowPositionProperty: BooleanProperty [value: false]
18:06:47.433 [FXGL Background Thread 3 ] DEBUG Engine               - enabledMenuItems: []
18:06:47.433 [FXGL Background Thread 3 ] DEBUG Engine               - engineServices: [class com.almasb.fxgl.app.services.FXGLAssetLoaderService, class com.almasb.fxgl.app.FXGLApplication$GameApplicationService, class com.almasb.fxgl.app.services.FXGLDialogService, class com.almasb.fxgl.app.services.IOTaskExecutorService, class com.almasb.fxgl.io.FileSystemService, class com.almasb.fxgl.localization.LocalizationService, class com.almasb.fxgl.app.services.SystemBundleService, class com.almasb.fxgl.profile.SaveLoadService, class com.almasb.fxgl.ui.FXGLUIFactoryServiceProvider, class com.almasb.fxgl.ui.FXGLDialogFactoryServiceProvider, class com.almasb.fxgl.audio.AudioPlayer, class com.almasb.fxgl.notification.impl.NotificationServiceProvider, class com.almasb.fxgl.achievement.AchievementService, class com.almasb.fxgl.cutscene.CutsceneService, class com.almasb.fxgl.minigames.MiniGameService, class com.almasb.fxgl.net.NetService, class com.almasb.fxgl.app.services.UpdaterService, class com.almasb.fxgl.dev.DevService]
18:06:47.433 [FXGL Background Thread 3 ] DEBUG Engine               - fontGame: Abel-Regular.ttf
18:06:47.433 [FXGL Background Thread 3 ] DEBUG Engine               - fontMono: TerminalLandMono-Regular.otf
18:06:47.433 [FXGL Background Thread 3 ] DEBUG Engine               - fontSizeScaleUI: 1.0
18:06:47.434 [FXGL Background Thread 3 ] DEBUG Engine               - fontText: Courier-Prime.ttf
18:06:47.434 [FXGL Background Thread 3 ] DEBUG Engine               - fontUI: VarelaRound-Regular.ttf
18:06:47.434 [FXGL Background Thread 3 ] DEBUG Engine               - fullScreen: BooleanProperty [value: false]
18:06:47.434 [FXGL Background Thread 3 ] DEBUG Engine               - gameDifficulty: MEDIUM
18:06:47.434 [FXGL Background Thread 3 ] DEBUG Engine               - gameDifficultyProperty: ObjectProperty [value: MEDIUM]
18:06:47.435 [FXGL Background Thread 3 ] DEBUG Engine               - globalMusicVolume: 0.5
18:06:47.435 [FXGL Background Thread 3 ] DEBUG Engine               - globalMusicVolumeProperty: DoubleProperty [value: 0.25]
18:06:47.435 [FXGL Background Thread 3 ] DEBUG Engine               - globalSoundVolume: 0.5
18:06:47.435 [FXGL Background Thread 3 ] DEBUG Engine               - globalSoundVolumeProperty: DoubleProperty [value: 0.5]
18:06:47.435 [FXGL Background Thread 3 ] DEBUG Engine               - height: 810
18:06:47.435 [FXGL Background Thread 3 ] DEBUG Engine               - is3D: false
18:06:47.435 [FXGL Background Thread 3 ] DEBUG Engine               - isAndroid: false
18:06:47.435 [FXGL Background Thread 3 ] DEBUG Engine               - isBrowser: false
18:06:47.437 [FXGL Background Thread 3 ] DEBUG Engine               - isClickFeedbackEnabled: false
18:06:47.437 [FXGL Background Thread 3 ] DEBUG Engine               - isCloseConfirmation: false
18:06:47.437 [FXGL Background Thread 3 ] DEBUG Engine               - isDesktop: true
18:06:47.437 [FXGL Background Thread 3 ] DEBUG Engine               - isDeveloperMenuEnabled: true
18:06:47.437 [FXGL Background Thread 3 ] DEBUG Engine               - isEmbedded: false
18:06:47.438 [FXGL Background Thread 3 ] DEBUG Engine               - isEntityPreloadEnabled: true
18:06:47.438 [FXGL Background Thread 3 ] DEBUG Engine               - isExperimentalTiledLargeMap: false
18:06:47.438 [FXGL Background Thread 3 ] DEBUG Engine               - isFileSystemWriteAllowed: true
18:06:47.438 [FXGL Background Thread 3 ] DEBUG Engine               - isFullScreenAllowed: true
18:06:47.438 [FXGL Background Thread 3 ] DEBUG Engine               - isFullScreenFromStart: false
18:06:47.439 [FXGL Background Thread 3 ] DEBUG Engine               - isGameMenuEnabled: true
18:06:47.439 [FXGL Background Thread 3 ] DEBUG Engine               - isIOS: false
18:06:47.439 [FXGL Background Thread 3 ] DEBUG Engine               - isIntroEnabled: false
18:06:47.439 [FXGL Background Thread 3 ] DEBUG Engine               - isLinux: false
18:06:47.439 [FXGL Background Thread 3 ] DEBUG Engine               - isMac: false
18:06:47.439 [FXGL Background Thread 3 ] DEBUG Engine               - isMainMenuEnabled: true
18:06:47.440 [FXGL Background Thread 3 ] DEBUG Engine               - isManualResizeEnabled: false
18:06:47.440 [FXGL Background Thread 3 ] DEBUG Engine               - isMobile: false
18:06:47.440 [FXGL Background Thread 3 ] DEBUG Engine               - isNative: false
18:06:47.440 [FXGL Background Thread 3 ] DEBUG Engine               - isPauseMusicWhenMinimized: true
18:06:47.440 [FXGL Background Thread 3 ] DEBUG Engine               - isPreserveResizeRatio: false
18:06:47.440 [FXGL Background Thread 3 ] DEBUG Engine               - isProfilingEnabled: false
18:06:47.440 [FXGL Background Thread 3 ] DEBUG Engine               - isScaleAffectedOnResize: true
18:06:47.440 [FXGL Background Thread 3 ] DEBUG Engine               - isSingleStep: false
18:06:47.440 [FXGL Background Thread 3 ] DEBUG Engine               - isUserProfileEnabled: false
18:06:47.441 [FXGL Background Thread 3 ] DEBUG Engine               - isWindows: true
18:06:47.441 [FXGL Background Thread 3 ] DEBUG Engine               - language: ObjectProperty [value: ENGLISH]
18:06:47.441 [FXGL Background Thread 3 ] DEBUG Engine               - menuKey: ESCAPE
18:06:47.441 [FXGL Background Thread 3 ] DEBUG Engine               - mouseSensitivity: 0.2
18:06:47.441 [FXGL Background Thread 3 ] DEBUG Engine               - notificationViewClass: class com.almasb.fxgl.notification.view.XboxNotificationView
18:06:47.441 [FXGL Background Thread 3 ] DEBUG Engine               - pixelsPerMeter: 50.0
18:06:47.441 [FXGL Background Thread 3 ] DEBUG Engine               - platform: WINDOWS
18:06:47.441 [FXGL Background Thread 3 ] DEBUG Engine               - prefHeightProperty: ReadOnlyDoubleProperty [value: 810.0]
18:06:47.442 [FXGL Background Thread 3 ] DEBUG Engine               - prefWidthProperty: ReadOnlyDoubleProperty [value: 1440.0]
18:06:47.442 [FXGL Background Thread 3 ] DEBUG Engine               - profileDir: profiles/
18:06:47.442 [FXGL Background Thread 3 ] DEBUG Engine               - profileName: StringProperty [value: DEFAULT]
18:06:47.442 [FXGL Background Thread 3 ] DEBUG Engine               - randomSeed: -1
18:06:47.442 [FXGL Background Thread 3 ] DEBUG Engine               - runtimeInfo: RuntimeInfo(platform=WINDOWS, version=21.1, build=27.03.2024 07.52)
18:06:47.443 [FXGL Background Thread 3 ] DEBUG Engine               - saveFileExt: sav
18:06:47.443 [FXGL Background Thread 3 ] DEBUG Engine               - scaledHeightProp$fxgl: DoubleProperty [bound, value: 810.0]
18:06:47.443 [FXGL Background Thread 3 ] DEBUG Engine               - scaledWidthProp$fxgl: DoubleProperty [bound, value: 1440.0]
18:06:47.444 [FXGL Background Thread 3 ] DEBUG Engine               - sceneFactory: com.almasb.fxgl.app.scene.SceneFactory@16750fb3
18:06:47.444 [FXGL Background Thread 3 ] DEBUG Engine               - secondsIn24h: 60
18:06:47.444 [FXGL Background Thread 3 ] DEBUG Engine               - soundMenuBack: menu/back.wav
18:06:47.444 [FXGL Background Thread 3 ] DEBUG Engine               - soundMenuPress: menu/press.wav
18:06:47.445 [FXGL Background Thread 3 ] DEBUG Engine               - soundMenuSelect: menu/select.wav
18:06:47.445 [FXGL Background Thread 3 ] DEBUG Engine               - soundNotification: core/notification.wav
18:06:47.445 [FXGL Background Thread 3 ] DEBUG Engine               - stageStyle: DECORATED
18:06:47.445 [FXGL Background Thread 3 ] DEBUG Engine               - supportedLanguages: [ENGLISH, FRENCH, GERMAN, HUNGARIAN, RUSSIAN]
18:06:47.445 [FXGL Background Thread 3 ] DEBUG Engine               - ticksPerSecond: -1
18:06:47.445 [FXGL Background Thread 3 ] DEBUG Engine               - title: Island Knockout
18:06:47.445 [FXGL Background Thread 3 ] DEBUG Engine               - urlGithub: https://github.com/AlmasB/FXGL
18:06:47.446 [FXGL Background Thread 3 ] DEBUG Engine               - urlLeaderboard: http://fxgl-top.herokuapp.com/
18:06:47.446 [FXGL Background Thread 3 ] DEBUG Engine               - urlPOM: https://raw.githubusercontent.com/AlmasB/FXGL/release/README.md
18:06:47.446 [FXGL Background Thread 3 ] DEBUG Engine               - userAppClass: class com.arena.dual_arena.Main
18:06:47.446 [FXGL Background Thread 3 ] DEBUG Engine               - version: 1.0
18:06:47.446 [FXGL Background Thread 3 ] DEBUG Engine               - versionCheckDays: 7
18:06:47.446 [FXGL Background Thread 3 ] DEBUG Engine               - width: 1440
18:06:47.446 [FXGL Background Thread 3 ] DEBUG Engine               - Logging services
18:06:47.447 [FXGL Background Thread 3 ] DEBUG Engine               - class com.almasb.fxgl.app.services.FXGLAssetLoaderService
18:06:47.447 [FXGL Background Thread 3 ] DEBUG Engine               - class com.almasb.fxgl.app.FXGLApplication$GameApplicationService
18:06:47.447 [FXGL Background Thread 3 ] DEBUG Engine               - class com.almasb.fxgl.app.services.FXGLDialogService
18:06:47.447 [FXGL Background Thread 3 ] DEBUG Engine               - class com.almasb.fxgl.app.services.IOTaskExecutorService
18:06:47.448 [FXGL Background Thread 3 ] DEBUG Engine               - class com.almasb.fxgl.io.FileSystemService
18:06:47.448 [FXGL Background Thread 3 ] DEBUG Engine               - class com.almasb.fxgl.localization.LocalizationService
18:06:47.448 [FXGL Background Thread 3 ] DEBUG Engine               - class com.almasb.fxgl.app.services.SystemBundleService
18:06:47.448 [FXGL Background Thread 3 ] DEBUG Engine               - class com.almasb.fxgl.profile.SaveLoadService
18:06:47.448 [FXGL Background Thread 3 ] DEBUG Engine               - class com.almasb.fxgl.ui.FXGLUIFactoryServiceProvider
18:06:47.448 [FXGL Background Thread 3 ] DEBUG Engine               - class com.almasb.fxgl.ui.FXGLDialogFactoryServiceProvider
18:06:47.448 [FXGL Background Thread 3 ] DEBUG Engine               - class com.almasb.fxgl.audio.AudioPlayer
18:06:47.448 [FXGL Background Thread 3 ] DEBUG Engine               - class com.almasb.fxgl.notification.impl.NotificationServiceProvider
18:06:47.449 [FXGL Background Thread 3 ] DEBUG Engine               - class com.almasb.fxgl.achievement.AchievementService
18:06:47.449 [FXGL Background Thread 3 ] DEBUG Engine               - class com.almasb.fxgl.cutscene.CutsceneService
18:06:47.449 [FXGL Background Thread 3 ] DEBUG Engine               - class com.almasb.fxgl.minigames.MiniGameService
18:06:47.449 [FXGL Background Thread 3 ] DEBUG Engine               - class com.almasb.fxgl.net.NetService
18:06:47.449 [FXGL Background Thread 3 ] DEBUG Engine               - class com.almasb.fxgl.app.services.UpdaterService
18:06:47.449 [FXGL Background Thread 3 ] DEBUG Engine               - class com.almasb.fxgl.dev.DevService
18:06:47.562 [FXGL Background Thread 2 ] WARN  TMXLevelLoader       - TiledMap generated from 1.11.0. Supported version: 1.9.0. Some features may not be parsed fully.
18:06:47.578 [FXGL Background Thread 2 ] DEBUG TMXLevelLoader       - Parsed TiledMap: file:/C:/Users/jaure/OneDrive/Documents/final/T-JAV-501-NAN_2/Dual_Arena/target/classes/assets/levels/arena.tmx
18:06:47.581 [FXGL Background Thread 2 ] DEBUG TMXLevelLoader       - Creating tile layer entities
18:06:47.585 [FXGL Background Thread 2 ] DEBUG TilesetLoader        - Loading view for layer Calque de Tuiles 1
18:06:47.586 [FXGL Background Thread 2 ] DEBUG TilesetLoader        - Created buffer with size 800.0x448.0
18:06:47.598 [FXGL Background Thread 2 ] DEBUG TMXLevelLoader       - Creating object layer entities
18:06:47.644 [FXGL Background Thread 2 ] DEBUG GameWorld            - Clearing removable entities
18:06:47.645 [FXGL Background Thread 2 ] DEBUG GameWorld            - Setting level: com.almasb.fxgl.entity.level.Level@48af4460
18:06:48.150 [FXGL Background Thread 2 ] DEBUG Input                - Registered new binding: Move Up1 - Z
18:06:48.152 [FXGL Background Thread 2 ] DEBUG Input                - Registered new binding: Move Down1 - S
18:06:48.154 [FXGL Background Thread 2 ] DEBUG Input                - Registered new binding: Move Left1 - Q
18:06:48.156 [FXGL Background Thread 2 ] DEBUG Input                - Registered new binding: Move Right1 - D
18:06:48.157 [FXGL Background Thread 2 ] DEBUG Input                - Registered new binding: PrimaryFire1 - Space
18:06:48.157 [FXGL Background Thread 2 ] DEBUG Input                - Registered new binding: SecondaryFire1 - C
18:06:48.158 [FXGL Background Thread 2 ] DEBUG Input                - Registered new binding: Drop Weapon1 - G
18:06:48.166 [FXGL Background Thread 2 ] DEBUG FXGLAssetLoaderServi - Loading from file system: file:/C:/Users/jaure/OneDrive/Documents/final/T-JAV-501-NAN_2/Dual_Arena/target/classes/assets/textures/player_idle_2.png
18:06:48.176 [FXGL Background Thread 2 ] DEBUG FXGLAssetLoaderServi - Loading from file system: file:/C:/Users/jaure/OneDrive/Documents/final/T-JAV-501-NAN_2/Dual_Arena/target/classes/assets/textures/player_walk_2.png
18:06:48.251 [FXGL Background Thread 2 ] DEBUG Input                - Registered new binding: Move Up2 - Up
18:06:48.252 [FXGL Background Thread 2 ] DEBUG Input                - Registered new binding: Move Down2 - Down
18:06:48.252 [FXGL Background Thread 2 ] DEBUG Input                - Registered new binding: Move Left2 - Left
18:06:48.253 [FXGL Background Thread 2 ] DEBUG Input                - Registered new binding: Move Right2 - Right
18:06:48.253 [FXGL Background Thread 2 ] DEBUG Input                - Registered new binding: PrimaryFire2 - Page Up
18:06:48.253 [FXGL Background Thread 2 ] DEBUG Input                - Registered new binding: SecondaryFire2 - Page Down
18:06:48.253 [FXGL Background Thread 2 ] DEBUG Input                - Registered new binding: Drop Weapon2 - M
18:06:48.260 [FXGL Background Thread 2 ] DEBUG FXGLAssetLoaderServi - Loading from file system: file:/C:/Users/jaure/OneDrive/Documents/final/T-JAV-501-NAN_2/Dual_Arena/target/classes/assets/textures/DEagle_0.png
18:06:48.302 [FXGL Background Thread 2 ] INFO  FXGLApplication      - Game initialization took: 0,928 sec
18:06:48.306 [JavaFX Application Thread] DEBUG Input                - Clearing active input actions
18:06:48.324 [JavaFX Application Thread] DEBUG GameApplicationServi - Removing overlay from FXGLLoadingScene and adding to GameScene
18:06:48.338 [JavaFX Application Thread] DEBUG PrimaryStageWindow   - FXGLLoadingScene -> GameScene
18:06:52.267 [JavaFX Application Thread] DEBUG FXGLAssetLoaderServi - Loading from file system: file:/C:/Users/jaure/OneDrive/Documents/final/T-JAV-501-NAN_2/Dual_Arena/target/classes/assets/textures/explosion.png
18:06:52.301 [JavaFX Application Thread] DEBUG FXGLAssetLoaderServi - Loading from file system: file:/C:/Users/jaure/OneDrive/Documents/final/T-JAV-501-NAN_2/Dual_Arena/target/classes/assets/sounds/hazard_explosion.wav
18:06:54.070 [JavaFX Application Thread] DEBUG PrimaryStageWindow   - Push state: DialogSubScene
18:06:54.072 [JavaFX Application Thread] DEBUG Input                - Clearing active input actions
18:06:54.073 [JavaFX Application Thread] DEBUG GameApplicationServi - Removing overlay from GameScene and adding to DialogSubScene
18:06:54.077 [JavaFX Application Thread] DEBUG PrimaryStageWindow   - GameScene -> DialogSubScene
18:06:55.245 [JavaFX Application Thread] DEBUG FXGLApplication      - Exiting FXGL
18:06:55.245 [JavaFX Application Thread] DEBUG LoopRunner           - Stopping loop
18:06:55.245 [JavaFX Application Thread] DEBUG SystemBundleService  - Saving FXGL system data
18:06:55.249 [JavaFX Application Thread] DEBUG FileSystemAccess     - Writing to: C:\Users\jaure\OneDrive\Documents\final\T-JAV-501-NAN_2\system\fxgl.bundle
18:06:55.252 [JavaFX Application Thread] DEBUG Async                - Shutting down background threads
18:06:55.253 [JavaFX Application Thread] DEBUG PrimaryStageWindow   - Closing main window
18:06:55.302 [JavaFX Application Thread] DEBUG Logger               - Closing Logger
