18:08:01.679 [main                     ] DEBUG Logger               - Configured Logger
18:08:01.769 [main                     ] DEBUG GameApplication      - Logging settings
Title: Island Knockout
Version: 1.0
Width: 1440
Height: 810
Fullscreen: true
Intro: false
Profiling: false
Single step:false
App Mode: DEVELOPER
Menu Key: ESCAPE
Stage Style: DECORATED
Scene Factory: class com.almasb.fxgl.app.scene.SceneFactory

18:08:03.247 [JavaFX Application Thread] DEBUG FXGLApplication      - Initializing FXGL
18:08:03.260 [JavaFX Application Thread] INFO  Engine               - FXGL-21.1 (27.03.2024 07.52) on WINDOWS (J:23.0.1 FX:21)
18:08:03.261 [JavaFX Application Thread] DEBUG Engine               - JRE Vendor Name: Oracle Corporation
18:08:03.262 [JavaFX Application Thread] DEBUG Engine               - Running on OS: Windows 11 version 10.0
18:08:03.262 [JavaFX Application Thread] DEBUG Engine               - Architecture: amd64
18:08:03.262 [JavaFX Application Thread] INFO  Engine               - Source code and latest versions at: https://github.com/AlmasB/FXGL
18:08:03.263 [JavaFX Application Thread] INFO  Engine               -       Ask questions and discuss at: https://github.com/AlmasB/FXGL/discussions
18:08:03.263 [JavaFX Application Thread] INFO  Engine               -              Join the FXGL chat at: https://gitter.im/AlmasB/FXGL
18:08:03.629 [JavaFX Application Thread] DEBUG PrimaryStageWindow   - Creating a JavaFX scene
18:08:03.772 [JavaFX Application Thread] DEBUG PrimaryStageWindow   - Target settings size: 1440.0 x 810.0
18:08:03.773 [JavaFX Application Thread] DEBUG PrimaryStageWindow   - Scaled scene size:    1440.0 x 810.0
18:08:03.773 [JavaFX Application Thread] DEBUG PrimaryStageWindow   - Scaled ratio: (1.0, 1.0)
18:08:03.776 [JavaFX Application Thread] DEBUG PrimaryStageWindow   - Set initial scene to FXGLStartupScene
18:08:03.789 [JavaFX Application Thread] DEBUG PrimaryStageWindow   - Opening main window
18:08:04.050 [JavaFX Application Thread] DEBUG PrimaryStageWindow   - Window border size: (16.0, 39.0)
18:08:04.051 [JavaFX Application Thread] DEBUG PrimaryStageWindow   - Scaled size: 1440.0 x 810.0
18:08:04.052 [JavaFX Application Thread] DEBUG PrimaryStageWindow   - Scaled ratio: (1.0, 1.0)
18:08:04.053 [JavaFX Application Thread] DEBUG PrimaryStageWindow   - Scene size: 1440.0 x 810.0
18:08:04.054 [JavaFX Application Thread] DEBUG PrimaryStageWindow   - Stage size: 1456.0 x 849.0
18:08:04.076 [FXGL Background Thread 1 ] DEBUG Engine               - Initializing environment variables
18:08:04.216 [FXGL Background Thread 1 ] DEBUG FXGLAssetLoaderServi - User app class for loading assets: class com.arena.dual_arena.Main
18:08:04.217 [FXGL Background Thread 1 ] DEBUG GameApplicationServi - Applying CSS: fxgl_dark.css
18:08:04.221 [FXGL Background Thread 1 ] DEBUG FXGLAssetLoaderServi - Loading from file system: jar:file:///C:/Users/jaure/.m2/repository/com/github/almasb/fxgl/21.1/fxgl-21.1.jar!/fxglassets/ui/css/fxgl_dark.css
18:08:04.370 [FXGL Background Thread 1 ] DEBUG GameApplicationServi - Initializing application scenes
18:08:04.486 [FXGL Background Thread 1 ] DEBUG GameWorld            - Game world initialized
18:08:04.677 [FXGL Background Thread 1 ] DEBUG PhysicsWorld         - Physics world initialized: appHeight=810, physics.ppm=50,0
18:08:04.677 [FXGL Background Thread 1 ] DEBUG PhysicsWorld         - Using strategy: BRUTE_FORCE
18:08:04.691 [FXGL Background Thread 1 ] DEBUG GameScene            - Game scene initialized: 1440x810
18:08:04.731 [FXGL Background Thread 1 ] DEBUG FXGL.DefaultMenu     - createMenuBodyMainMenu()
18:08:04.791 [FXGL Background Thread 1 ] DEBUG FXGL.DefaultMenu     - createOptionsMenu()
18:08:04.827 [FXGL Background Thread 1 ] DEBUG FXGLAssetLoaderServi - Loading from file system: jar:file:///C:/Users/jaure/.m2/repository/com/github/almasb/fxgl/21.1/fxgl-21.1.jar!/fxglassets/textures/particles/smoke.png
18:08:05.151 [FXGL Background Thread 1 ] DEBUG FXGLAssetLoaderServi - Loading from file system: jar:file:///C:/Users/jaure/.m2/repository/com/github/almasb/fxgl/21.1/fxgl-21.1.jar!/fxglassets/textures/particles/trace_horizontal.png
18:08:05.211 [FXGL Background Thread 1 ] DEBUG FXGL.DefaultMenu     - createMenuBodyGameMenu()
18:08:05.215 [FXGL Background Thread 1 ] DEBUG FXGL.DefaultMenu     - createOptionsMenu()
18:08:05.268 [FXGL Background Thread 1 ] DEBUG GameApplicationServi - Application scenes initialized
18:08:05.307 [FXGL Background Thread 1 ] DEBUG SystemBundleService  - Loading FXGL system data
18:08:05.312 [FXGL Background Thread 1 ] DEBUG FileSystemAccess     - Reading from: C:\Users\jaure\OneDrive\Documents\final\T-JAV-501-NAN_2\system\fxgl.bundle
18:08:05.319 [FXGL Background Thread 1 ] DEBUG SystemBundleService  - Bundle FXGL: {}
18:08:05.320 [FXGL Background Thread 1 ] DEBUG UpdaterService       - Checking for updates
18:08:05.419 [FXGL Background Thread 1 ] DEBUG FXGLApplication      - Loading default localization
18:08:05.419 [FXGL Background Thread 4 ] DEBUG FXGLApplication      - Loading fonts
18:08:05.421 [FXGL Background Thread 1 ] DEBUG FXGLAssetLoaderServi - Loading from file system: jar:file:///C:/Users/jaure/.m2/repository/com/github/almasb/fxgl/21.1/fxgl-21.1.jar!/fxglassets/languages/english.lang
18:08:05.421 [FXGL Background Thread 4 ] DEBUG FXGLAssetLoaderServi - Loading from file system: jar:file:///C:/Users/jaure/.m2/repository/com/github/almasb/fxgl/21.1/fxgl-21.1.jar!/fxglassets/ui/fonts/VarelaRound-Regular.ttf
18:08:05.453 [FXGL Background Thread 4 ] DEBUG FXGLAssetLoaderServi - Loading from file system: jar:file:///C:/Users/jaure/.m2/repository/com/github/almasb/fxgl/21.1/fxgl-21.1.jar!/fxglassets/ui/fonts/Abel-Regular.ttf
18:08:05.464 [FXGL Background Thread 4 ] DEBUG FXGLAssetLoaderServi - Loading from file system: jar:file:///C:/Users/jaure/.m2/repository/com/github/almasb/fxgl/21.1/fxgl-21.1.jar!/fxglassets/ui/fonts/TerminalLandMono-Regular.otf
18:08:05.475 [FXGL Background Thread 4 ] DEBUG FXGLAssetLoaderServi - Loading from file system: jar:file:///C:/Users/jaure/.m2/repository/com/github/almasb/fxgl/21.1/fxgl-21.1.jar!/fxglassets/ui/fonts/Courier-Prime.ttf
18:08:05.477 [FXGL Background Thread 1 ] INFO  FXGLApplication      - FXGL initialization took: 1,400 sec
18:08:05.480 [JavaFX Application Thread] DEBUG FXGLAssetLoaderServi - Loading from file system: file:/C:/Users/jaure/OneDrive/Documents/final/T-JAV-501-NAN_2/Dual_Arena/target/classes/assets/music/music_1.mp3
18:08:05.899 [JavaFX Application Thread] DEBUG FXGLAssetLoaderServi - Loading from file system: file:/C:/Users/jaure/OneDrive/Documents/final/T-JAV-501-NAN_2/Dual_Arena/target/classes/assets/music/music_2.mp3
18:08:05.917 [JavaFX Application Thread] DEBUG AudioPlayer          - Playing music com.almasb.fxgl.audio.Music@22c62a83
18:08:05.919 [JavaFX Application Thread] DEBUG FXGLAssetLoaderServi - Loading from file system: jar:file:///C:/Users/jaure/.m2/repository/com/github/almasb/fxgl/21.1/fxgl-21.1.jar!/fxglassets/textures/fxgl_icon.png
18:08:05.968 [JavaFX Application Thread] DEBUG FXGLAssetLoaderServi - Loading from file system: jar:file:///C:/Users/jaure/.m2/repository/com/github/almasb/fxgl/21.1/fxgl-21.1.jar!/fxglassets/textures/fxgl_default_cursor.png
18:08:05.996 [JavaFX Application Thread] DEBUG Input                - Registered new binding: Screenshot - CTRL+8
18:08:05.997 [JavaFX Application Thread] DEBUG Input                - Registered new binding: Dev Options - 1
18:08:05.998 [JavaFX Application Thread] DEBUG Input                - Registered new binding: Dev Console - 2
18:08:05.999 [JavaFX Application Thread] DEBUG Input                - Registered new binding: System info dump - CTRL+9
18:08:06.000 [JavaFX Application Thread] DEBUG Input                - Registered new binding: Restart - CTRL+R
18:08:06.001 [JavaFX Application Thread] DEBUG Input                - Registered new binding: Toggle Debug Camera - CTRL+7
18:08:06.008 [JavaFX Application Thread] DEBUG LoopRunner           - Starting loop
18:08:06.045 [JavaFX Application Thread] DEBUG LoopRunner           - Initializing JavaFX AnimationTimerLoop
18:08:06.051 [JavaFX Application Thread] DEBUG Input                - Clearing active input actions
18:08:06.074 [JavaFX Application Thread] DEBUG GameApplicationServi - Removing overlay from FXGLStartupScene and adding to FXGLMainMenuDummyScene
18:08:06.085 [JavaFX Application Thread] DEBUG PrimaryStageWindow   - FXGLStartupScene -> FXGLMainMenuDummyScene
18:08:06.085 [JavaFX Application Thread] DEBUG PrimaryStageWindow   - Push state: FXGLDefaultMenu
18:08:06.102 [JavaFX Application Thread] DEBUG Input                - Clearing active input actions
18:08:06.121 [JavaFX Application Thread] DEBUG GameApplicationServi - Removing overlay from FXGLMainMenuDummyScene and adding to FXGLDefaultMenu
18:08:06.123 [JavaFX Application Thread] DEBUG PrimaryStageWindow   - FXGLMainMenuDummyScene -> FXGLDefaultMenu
18:08:06.124 [JavaFX Application Thread] DEBUG FXGLApplication      - Registering font factories with UI factory
18:08:08.330 [JavaFX Application Thread] DEBUG Menu                 - fireNewGame()
18:08:08.330 [JavaFX Application Thread] DEBUG GameApplicationServi - Starting new game
18:08:08.350 [JavaFX Application Thread] DEBUG PrimaryStageWindow   - Pop state: FXGLDefaultMenu
18:08:08.351 [JavaFX Application Thread] DEBUG Input                - Clearing active input actions
18:08:08.353 [JavaFX Application Thread] DEBUG GameApplicationServi - Removing overlay from FXGLDefaultMenu and adding to FXGLMainMenuDummyScene
18:08:08.359 [JavaFX Application Thread] DEBUG PrimaryStageWindow   - FXGLMainMenuDummyScene <- FXGLDefaultMenu
18:08:08.360 [JavaFX Application Thread] DEBUG Input                - Clearing active input actions
18:08:08.380 [JavaFX Application Thread] DEBUG GameApplicationServi - Removing overlay from FXGLMainMenuDummyScene and adding to FXGLLoadingScene
18:08:08.382 [JavaFX Application Thread] DEBUG PrimaryStageWindow   - FXGLMainMenuDummyScene -> FXGLLoadingScene
18:08:08.382 [JavaFX Application Thread] DEBUG GameApplicationServi - Clearing previous game
18:08:08.382 [JavaFX Application Thread] DEBUG GameScene            - Clearing game scene
18:08:08.382 [JavaFX Application Thread] DEBUG GameWorld            - Clearing game world
18:08:08.382 [JavaFX Application Thread] DEBUG PhysicsWorld         - Clearing physics world
18:08:08.387 [FXGL Background Thread 2 ] DEBUG FXGLApplication      - Initializing game
18:08:08.415 [FXGL Background Thread 3 ] DEBUG Engine               - Logging environment variables
18:08:08.416 [FXGL Background Thread 3 ] DEBUG Engine               - achievements: []
18:08:08.416 [FXGL Background Thread 3 ] DEBUG Engine               - actualHeight: 810.0
18:08:08.416 [FXGL Background Thread 3 ] DEBUG Engine               - actualHeightProperty: ReadOnlyDoubleProperty [value: 810.0]
18:08:08.416 [FXGL Background Thread 3 ] DEBUG Engine               - actualWidth: 1440.0
18:08:08.416 [FXGL Background Thread 3 ] DEBUG Engine               - actualWidthProperty: ReadOnlyDoubleProperty [value: 1440.0]
18:08:08.417 [FXGL Background Thread 3 ] DEBUG Engine               - appIcon: fxgl_icon.png
18:08:08.417 [FXGL Background Thread 3 ] DEBUG Engine               - applicationMode: DEVELOPER
18:08:08.417 [FXGL Background Thread 3 ] DEBUG Engine               - cSSList: [fxgl_dark.css]
18:08:08.417 [FXGL Background Thread 3 ] DEBUG Engine               - collisionDetectionStrategy: BRUTE_FORCE
18:08:08.417 [FXGL Background Thread 3 ] DEBUG Engine               - configClass: Optional.empty
18:08:08.417 [FXGL Background Thread 3 ] DEBUG Engine               - credits: []
18:08:08.418 [FXGL Background Thread 3 ] DEBUG Engine               - defaultCursor: CursorInfo(imageName=fxgl_default_cursor.png, hotspotX=7.0, hotspotY=6.0)
18:08:08.419 [FXGL Background Thread 3 ] DEBUG Engine               - devBBoxColorProperty: ObjectProperty [value: 0xff0000ff]
18:08:08.419 [FXGL Background Thread 3 ] DEBUG Engine               - devEnableDebugCameraProperty: BooleanProperty [value: false]
18:08:08.419 [FXGL Background Thread 3 ] DEBUG Engine               - devSensorColorProperty: ObjectProperty [value: 0xffff00ff]
18:08:08.420 [FXGL Background Thread 3 ] DEBUG Engine               - devShowBBoxProperty: BooleanProperty [value: false]
18:08:08.420 [FXGL Background Thread 3 ] DEBUG Engine               - devShowPositionProperty: BooleanProperty [value: false]
18:08:08.420 [FXGL Background Thread 3 ] DEBUG Engine               - enabledMenuItems: []
18:08:08.420 [FXGL Background Thread 3 ] DEBUG Engine               - engineServices: [class com.almasb.fxgl.app.services.FXGLAssetLoaderService, class com.almasb.fxgl.app.FXGLApplication$GameApplicationService, class com.almasb.fxgl.app.services.FXGLDialogService, class com.almasb.fxgl.app.services.IOTaskExecutorService, class com.almasb.fxgl.io.FileSystemService, class com.almasb.fxgl.localization.LocalizationService, class com.almasb.fxgl.app.services.SystemBundleService, class com.almasb.fxgl.profile.SaveLoadService, class com.almasb.fxgl.ui.FXGLUIFactoryServiceProvider, class com.almasb.fxgl.ui.FXGLDialogFactoryServiceProvider, class com.almasb.fxgl.audio.AudioPlayer, class com.almasb.fxgl.notification.impl.NotificationServiceProvider, class com.almasb.fxgl.achievement.AchievementService, class com.almasb.fxgl.cutscene.CutsceneService, class com.almasb.fxgl.minigames.MiniGameService, class com.almasb.fxgl.net.NetService, class com.almasb.fxgl.app.services.UpdaterService, class com.almasb.fxgl.dev.DevService]
18:08:08.420 [FXGL Background Thread 3 ] DEBUG Engine               - fontGame: Abel-Regular.ttf
18:08:08.420 [FXGL Background Thread 3 ] DEBUG Engine               - fontMono: TerminalLandMono-Regular.otf
18:08:08.420 [FXGL Background Thread 3 ] DEBUG Engine               - fontSizeScaleUI: 1.0
18:08:08.420 [FXGL Background Thread 3 ] DEBUG Engine               - fontText: Courier-Prime.ttf
18:08:08.421 [FXGL Background Thread 3 ] DEBUG Engine               - fontUI: VarelaRound-Regular.ttf
18:08:08.421 [FXGL Background Thread 3 ] DEBUG Engine               - fullScreen: BooleanProperty [value: false]
18:08:08.421 [FXGL Background Thread 3 ] DEBUG Engine               - gameDifficulty: MEDIUM
18:08:08.421 [FXGL Background Thread 3 ] DEBUG Engine               - gameDifficultyProperty: ObjectProperty [value: MEDIUM]
18:08:08.421 [FXGL Background Thread 3 ] DEBUG Engine               - globalMusicVolume: 0.5
18:08:08.421 [FXGL Background Thread 3 ] DEBUG Engine               - globalMusicVolumeProperty: DoubleProperty [value: 0.25]
18:08:08.421 [FXGL Background Thread 3 ] DEBUG Engine               - globalSoundVolume: 0.5
18:08:08.421 [FXGL Background Thread 3 ] DEBUG Engine               - globalSoundVolumeProperty: DoubleProperty [value: 0.5]
18:08:08.422 [FXGL Background Thread 3 ] DEBUG Engine               - height: 810
18:08:08.422 [FXGL Background Thread 3 ] DEBUG Engine               - is3D: false
18:08:08.422 [FXGL Background Thread 3 ] DEBUG Engine               - isAndroid: false
18:08:08.422 [FXGL Background Thread 3 ] DEBUG Engine               - isBrowser: false
18:08:08.422 [FXGL Background Thread 3 ] DEBUG Engine               - isClickFeedbackEnabled: false
18:08:08.422 [FXGL Background Thread 3 ] DEBUG Engine               - isCloseConfirmation: false
18:08:08.422 [FXGL Background Thread 3 ] DEBUG Engine               - isDesktop: true
18:08:08.422 [FXGL Background Thread 3 ] DEBUG Engine               - isDeveloperMenuEnabled: true
18:08:08.422 [FXGL Background Thread 3 ] DEBUG Engine               - isEmbedded: false
18:08:08.423 [FXGL Background Thread 3 ] DEBUG Engine               - isEntityPreloadEnabled: true
18:08:08.423 [FXGL Background Thread 3 ] DEBUG Engine               - isExperimentalTiledLargeMap: false
18:08:08.423 [FXGL Background Thread 3 ] DEBUG Engine               - isFileSystemWriteAllowed: true
18:08:08.423 [FXGL Background Thread 3 ] DEBUG Engine               - isFullScreenAllowed: true
18:08:08.423 [FXGL Background Thread 3 ] DEBUG Engine               - isFullScreenFromStart: false
18:08:08.424 [FXGL Background Thread 3 ] DEBUG Engine               - isGameMenuEnabled: true
18:08:08.424 [FXGL Background Thread 3 ] DEBUG Engine               - isIOS: false
18:08:08.424 [FXGL Background Thread 3 ] DEBUG Engine               - isIntroEnabled: false
18:08:08.424 [FXGL Background Thread 3 ] DEBUG Engine               - isLinux: false
18:08:08.424 [FXGL Background Thread 3 ] DEBUG Engine               - isMac: false
18:08:08.424 [FXGL Background Thread 3 ] DEBUG Engine               - isMainMenuEnabled: true
18:08:08.424 [FXGL Background Thread 3 ] DEBUG Engine               - isManualResizeEnabled: false
18:08:08.425 [FXGL Background Thread 3 ] DEBUG Engine               - isMobile: false
18:08:08.425 [FXGL Background Thread 3 ] DEBUG Engine               - isNative: false
18:08:08.425 [FXGL Background Thread 3 ] DEBUG Engine               - isPauseMusicWhenMinimized: true
18:08:08.425 [FXGL Background Thread 3 ] DEBUG Engine               - isPreserveResizeRatio: false
18:08:08.425 [FXGL Background Thread 3 ] DEBUG Engine               - isProfilingEnabled: false
18:08:08.425 [FXGL Background Thread 3 ] DEBUG Engine               - isScaleAffectedOnResize: true
18:08:08.426 [FXGL Background Thread 3 ] DEBUG Engine               - isSingleStep: false
18:08:08.426 [FXGL Background Thread 3 ] DEBUG Engine               - isUserProfileEnabled: false
18:08:08.426 [FXGL Background Thread 3 ] DEBUG Engine               - isWindows: true
18:08:08.426 [FXGL Background Thread 3 ] DEBUG Engine               - language: ObjectProperty [value: ENGLISH]
18:08:08.426 [FXGL Background Thread 3 ] DEBUG Engine               - menuKey: ESCAPE
18:08:08.427 [FXGL Background Thread 3 ] DEBUG Engine               - mouseSensitivity: 0.2
18:08:08.427 [FXGL Background Thread 3 ] DEBUG Engine               - notificationViewClass: class com.almasb.fxgl.notification.view.XboxNotificationView
18:08:08.427 [FXGL Background Thread 3 ] DEBUG Engine               - pixelsPerMeter: 50.0
18:08:08.427 [FXGL Background Thread 3 ] DEBUG Engine               - platform: WINDOWS
18:08:08.427 [FXGL Background Thread 3 ] DEBUG Engine               - prefHeightProperty: ReadOnlyDoubleProperty [value: 810.0]
18:08:08.428 [FXGL Background Thread 3 ] DEBUG Engine               - prefWidthProperty: ReadOnlyDoubleProperty [value: 1440.0]
18:08:08.428 [FXGL Background Thread 3 ] DEBUG Engine               - profileDir: profiles/
18:08:08.428 [FXGL Background Thread 3 ] DEBUG Engine               - profileName: StringProperty [value: DEFAULT]
18:08:08.428 [FXGL Background Thread 3 ] DEBUG Engine               - randomSeed: -1
18:08:08.428 [FXGL Background Thread 3 ] DEBUG Engine               - runtimeInfo: RuntimeInfo(platform=WINDOWS, version=21.1, build=27.03.2024 07.52)
18:08:08.429 [FXGL Background Thread 3 ] DEBUG Engine               - saveFileExt: sav
18:08:08.429 [FXGL Background Thread 3 ] DEBUG Engine               - scaledHeightProp$fxgl: DoubleProperty [bound, value: 810.0]
18:08:08.429 [FXGL Background Thread 3 ] DEBUG Engine               - scaledWidthProp$fxgl: DoubleProperty [bound, value: 1440.0]
18:08:08.429 [FXGL Background Thread 3 ] DEBUG Engine               - sceneFactory: com.almasb.fxgl.app.scene.SceneFactory@148d4345
18:08:08.429 [FXGL Background Thread 3 ] DEBUG Engine               - secondsIn24h: 60
18:08:08.430 [FXGL Background Thread 3 ] DEBUG Engine               - soundMenuBack: menu/back.wav
18:08:08.430 [FXGL Background Thread 3 ] DEBUG Engine               - soundMenuPress: menu/press.wav
18:08:08.430 [FXGL Background Thread 3 ] DEBUG Engine               - soundMenuSelect: menu/select.wav
18:08:08.430 [FXGL Background Thread 3 ] DEBUG Engine               - soundNotification: core/notification.wav
18:08:08.430 [FXGL Background Thread 3 ] DEBUG Engine               - stageStyle: DECORATED
18:08:08.430 [FXGL Background Thread 3 ] DEBUG Engine               - supportedLanguages: [ENGLISH, FRENCH, GERMAN, HUNGARIAN, RUSSIAN]
18:08:08.430 [FXGL Background Thread 3 ] DEBUG Engine               - ticksPerSecond: -1
18:08:08.430 [FXGL Background Thread 3 ] DEBUG Engine               - title: Island Knockout
18:08:08.432 [FXGL Background Thread 3 ] DEBUG Engine               - urlGithub: https://github.com/AlmasB/FXGL
18:08:08.432 [FXGL Background Thread 3 ] DEBUG Engine               - urlLeaderboard: http://fxgl-top.herokuapp.com/
18:08:08.432 [FXGL Background Thread 3 ] DEBUG Engine               - urlPOM: https://raw.githubusercontent.com/AlmasB/FXGL/release/README.md
18:08:08.432 [FXGL Background Thread 3 ] DEBUG Engine               - userAppClass: class com.arena.dual_arena.Main
18:08:08.432 [FXGL Background Thread 3 ] DEBUG Engine               - version: 1.0
18:08:08.432 [FXGL Background Thread 3 ] DEBUG Engine               - versionCheckDays: 7
18:08:08.432 [FXGL Background Thread 3 ] DEBUG Engine               - width: 1440
18:08:08.433 [FXGL Background Thread 3 ] DEBUG Engine               - Logging services
18:08:08.433 [FXGL Background Thread 3 ] DEBUG Engine               - class com.almasb.fxgl.app.services.FXGLAssetLoaderService
18:08:08.433 [FXGL Background Thread 3 ] DEBUG Engine               - class com.almasb.fxgl.app.FXGLApplication$GameApplicationService
18:08:08.433 [FXGL Background Thread 3 ] DEBUG Engine               - class com.almasb.fxgl.app.services.FXGLDialogService
18:08:08.433 [FXGL Background Thread 3 ] DEBUG Engine               - class com.almasb.fxgl.app.services.IOTaskExecutorService
18:08:08.433 [FXGL Background Thread 3 ] DEBUG Engine               - class com.almasb.fxgl.io.FileSystemService
18:08:08.433 [FXGL Background Thread 3 ] DEBUG Engine               - class com.almasb.fxgl.localization.LocalizationService
18:08:08.434 [FXGL Background Thread 3 ] DEBUG Engine               - class com.almasb.fxgl.app.services.SystemBundleService
18:08:08.434 [FXGL Background Thread 3 ] DEBUG Engine               - class com.almasb.fxgl.profile.SaveLoadService
18:08:08.434 [FXGL Background Thread 3 ] DEBUG Engine               - class com.almasb.fxgl.ui.FXGLUIFactoryServiceProvider
18:08:08.434 [FXGL Background Thread 3 ] DEBUG Engine               - class com.almasb.fxgl.ui.FXGLDialogFactoryServiceProvider
18:08:08.434 [FXGL Background Thread 3 ] DEBUG Engine               - class com.almasb.fxgl.audio.AudioPlayer
18:08:08.434 [FXGL Background Thread 3 ] DEBUG Engine               - class com.almasb.fxgl.notification.impl.NotificationServiceProvider
18:08:08.434 [FXGL Background Thread 3 ] DEBUG Engine               - class com.almasb.fxgl.achievement.AchievementService
18:08:08.434 [FXGL Background Thread 3 ] DEBUG Engine               - class com.almasb.fxgl.cutscene.CutsceneService
18:08:08.434 [FXGL Background Thread 3 ] DEBUG Engine               - class com.almasb.fxgl.minigames.MiniGameService
18:08:08.434 [FXGL Background Thread 3 ] DEBUG Engine               - class com.almasb.fxgl.net.NetService
18:08:08.435 [FXGL Background Thread 3 ] DEBUG Engine               - class com.almasb.fxgl.app.services.UpdaterService
18:08:08.435 [FXGL Background Thread 3 ] DEBUG Engine               - class com.almasb.fxgl.dev.DevService
18:08:08.586 [FXGL Background Thread 2 ] WARN  TMXLevelLoader       - TiledMap generated from 1.11.0. Supported version: 1.9.0. Some features may not be parsed fully.
18:08:08.600 [FXGL Background Thread 2 ] DEBUG TMXLevelLoader       - Parsed TiledMap: file:/C:/Users/jaure/OneDrive/Documents/final/T-JAV-501-NAN_2/Dual_Arena/target/classes/assets/levels/arena.tmx
18:08:08.602 [FXGL Background Thread 2 ] DEBUG TMXLevelLoader       - Creating tile layer entities
18:08:08.606 [FXGL Background Thread 2 ] DEBUG TilesetLoader        - Loading view for layer Calque de Tuiles 1
18:08:08.607 [FXGL Background Thread 2 ] DEBUG TilesetLoader        - Created buffer with size 800.0x448.0
18:08:08.622 [FXGL Background Thread 2 ] DEBUG TMXLevelLoader       - Creating object layer entities
18:08:08.668 [FXGL Background Thread 2 ] DEBUG GameWorld            - Clearing removable entities
18:08:08.669 [FXGL Background Thread 2 ] DEBUG GameWorld            - Setting level: com.almasb.fxgl.entity.level.Level@4f0bca93
18:08:09.090 [FXGL Background Thread 2 ] DEBUG Input                - Registered new binding: Move Up1 - Z
18:08:09.090 [FXGL Background Thread 2 ] DEBUG Input                - Registered new binding: Move Down1 - S
18:08:09.091 [FXGL Background Thread 2 ] DEBUG Input                - Registered new binding: Move Left1 - Q
18:08:09.091 [FXGL Background Thread 2 ] DEBUG Input                - Registered new binding: Move Right1 - D
18:08:09.091 [FXGL Background Thread 2 ] DEBUG Input                - Registered new binding: PrimaryFire1 - Space
18:08:09.091 [FXGL Background Thread 2 ] DEBUG Input                - Registered new binding: SecondaryFire1 - C
18:08:09.093 [FXGL Background Thread 2 ] DEBUG Input                - Registered new binding: Drop Weapon1 - G
18:08:09.101 [FXGL Background Thread 2 ] DEBUG FXGLAssetLoaderServi - Loading from file system: file:/C:/Users/jaure/OneDrive/Documents/final/T-JAV-501-NAN_2/Dual_Arena/target/classes/assets/textures/player_idle_2.png
18:08:09.112 [FXGL Background Thread 2 ] DEBUG FXGLAssetLoaderServi - Loading from file system: file:/C:/Users/jaure/OneDrive/Documents/final/T-JAV-501-NAN_2/Dual_Arena/target/classes/assets/textures/player_walk_2.png
18:08:09.175 [FXGL Background Thread 2 ] DEBUG Input                - Registered new binding: Move Up2 - Up
18:08:09.175 [FXGL Background Thread 2 ] DEBUG Input                - Registered new binding: Move Down2 - Down
18:08:09.177 [FXGL Background Thread 2 ] DEBUG Input                - Registered new binding: Move Left2 - Left
18:08:09.177 [FXGL Background Thread 2 ] DEBUG Input                - Registered new binding: Move Right2 - Right
18:08:09.177 [FXGL Background Thread 2 ] DEBUG Input                - Registered new binding: PrimaryFire2 - Page Up
18:08:09.177 [FXGL Background Thread 2 ] DEBUG Input                - Registered new binding: SecondaryFire2 - Page Down
18:08:09.177 [FXGL Background Thread 2 ] DEBUG Input                - Registered new binding: Drop Weapon2 - M
18:08:09.185 [FXGL Background Thread 2 ] DEBUG FXGLAssetLoaderServi - Loading from file system: file:/C:/Users/jaure/OneDrive/Documents/final/T-JAV-501-NAN_2/Dual_Arena/target/classes/assets/textures/DEagle_0.png
18:08:09.217 [FXGL Background Thread 2 ] INFO  FXGLApplication      - Game initialization took: 0,829 sec
18:08:09.221 [JavaFX Application Thread] DEBUG Input                - Clearing active input actions
18:08:09.238 [JavaFX Application Thread] DEBUG GameApplicationServi - Removing overlay from FXGLLoadingScene and adding to GameScene
18:08:09.250 [JavaFX Application Thread] DEBUG PrimaryStageWindow   - FXGLLoadingScene -> GameScene
18:08:12.712 [JavaFX Application Thread] DEBUG FXGLAssetLoaderServi - Loading from file system: file:/C:/Users/jaure/OneDrive/Documents/final/T-JAV-501-NAN_2/Dual_Arena/target/classes/assets/textures/explosion.png
18:08:12.734 [JavaFX Application Thread] DEBUG FXGLAssetLoaderServi - Loading from file system: file:/C:/Users/jaure/OneDrive/Documents/final/T-JAV-501-NAN_2/Dual_Arena/target/classes/assets/sounds/hazard_explosion.wav
18:08:13.394 [JavaFX Application Thread] DEBUG FXGLApplication      - Exiting FXGL
18:08:13.394 [JavaFX Application Thread] DEBUG LoopRunner           - Stopping loop
18:08:13.394 [JavaFX Application Thread] DEBUG SystemBundleService  - Saving FXGL system data
18:08:13.397 [JavaFX Application Thread] DEBUG FileSystemAccess     - Writing to: C:\Users\jaure\OneDrive\Documents\final\T-JAV-501-NAN_2\system\fxgl.bundle
18:08:13.400 [JavaFX Application Thread] DEBUG Async                - Shutting down background threads
18:08:13.400 [JavaFX Application Thread] DEBUG PrimaryStageWindow   - Closing main window
18:08:13.440 [JavaFX Application Thread] DEBUG Logger               - Closing Logger
