18:09:28.715 [main                     ] DEBUG Logger               - Configured Logger
18:09:28.806 [main                     ] DEBUG GameApplication      - Logging settings
Title: Island Knockout
Version: 1.0
Width: 1440
Height: 810
Fullscreen: true
Intro: false
Profiling: false
Single step:false
App Mode: DEVELOPER
Menu Key: ESCAPE
Stage Style: DECORATED
Scene Factory: class com.almasb.fxgl.app.scene.SceneFactory

18:09:30.199 [JavaFX Application Thread] DEBUG FXGLApplication      - Initializing FXGL
18:09:30.210 [JavaFX Application Thread] INFO  Engine               - FXGL-21.1 (27.03.2024 07.52) on WINDOWS (J:23.0.1 FX:21)
18:09:30.212 [JavaFX Application Thread] DEBUG Engine               - JRE Vendor Name: Oracle Corporation
18:09:30.213 [JavaFX Application Thread] DEBUG Engine               - Running on OS: Windows 11 version 10.0
18:09:30.213 [JavaFX Application Thread] DEBUG Engine               - Architecture: amd64
18:09:30.214 [JavaFX Application Thread] INFO  Engine               - Source code and latest versions at: https://github.com/AlmasB/FXGL
18:09:30.214 [JavaFX Application Thread] INFO  Engine               -       Ask questions and discuss at: https://github.com/AlmasB/FXGL/discussions
18:09:30.214 [JavaFX Application Thread] INFO  Engine               -              Join the FXGL chat at: https://gitter.im/AlmasB/FXGL
18:09:30.633 [JavaFX Application Thread] DEBUG PrimaryStageWindow   - Creating a JavaFX scene
18:09:30.783 [JavaFX Application Thread] DEBUG PrimaryStageWindow   - Target settings size: 1440.0 x 810.0
18:09:30.783 [JavaFX Application Thread] DEBUG PrimaryStageWindow   - Scaled scene size:    1440.0 x 810.0
18:09:30.784 [JavaFX Application Thread] DEBUG PrimaryStageWindow   - Scaled ratio: (1.0, 1.0)
18:09:30.787 [JavaFX Application Thread] DEBUG PrimaryStageWindow   - Set initial scene to FXGLStartupScene
18:09:30.798 [JavaFX Application Thread] DEBUG PrimaryStageWindow   - Opening main window
18:09:31.118 [JavaFX Application Thread] DEBUG PrimaryStageWindow   - Window border size: (16.0, 39.0)
18:09:31.118 [JavaFX Application Thread] DEBUG PrimaryStageWindow   - Scaled size: 1440.0 x 810.0
18:09:31.119 [JavaFX Application Thread] DEBUG PrimaryStageWindow   - Scaled ratio: (1.0, 1.0)
18:09:31.119 [JavaFX Application Thread] DEBUG PrimaryStageWindow   - Scene size: 1440.0 x 810.0
18:09:31.120 [JavaFX Application Thread] DEBUG PrimaryStageWindow   - Stage size: 1456.0 x 849.0
18:09:31.154 [FXGL Background Thread 1 ] DEBUG Engine               - Initializing environment variables
18:09:31.338 [FXGL Background Thread 1 ] DEBUG FXGLAssetLoaderServi - User app class for loading assets: class com.arena.dual_arena.Main
18:09:31.339 [FXGL Background Thread 1 ] DEBUG GameApplicationServi - Applying CSS: fxgl_dark.css
18:09:31.343 [FXGL Background Thread 1 ] DEBUG FXGLAssetLoaderServi - Loading from file system: jar:file:///C:/Users/jaure/.m2/repository/com/github/almasb/fxgl/21.1/fxgl-21.1.jar!/fxglassets/ui/css/fxgl_dark.css
18:09:31.519 [FXGL Background Thread 1 ] DEBUG GameApplicationServi - Initializing application scenes
18:09:31.724 [FXGL Background Thread 1 ] DEBUG GameWorld            - Game world initialized
18:09:32.336 [FXGL Background Thread 1 ] DEBUG PhysicsWorld         - Physics world initialized: appHeight=810, physics.ppm=50,0
18:09:32.336 [FXGL Background Thread 1 ] DEBUG PhysicsWorld         - Using strategy: BRUTE_FORCE
18:09:32.353 [FXGL Background Thread 1 ] DEBUG GameScene            - Game scene initialized: 1440x810
18:09:32.408 [FXGL Background Thread 1 ] DEBUG FXGL.DefaultMenu     - createMenuBodyMainMenu()
18:09:32.490 [FXGL Background Thread 1 ] DEBUG FXGL.DefaultMenu     - createOptionsMenu()
18:09:32.552 [FXGL Background Thread 1 ] DEBUG FXGLAssetLoaderServi - Loading from file system: jar:file:///C:/Users/jaure/.m2/repository/com/github/almasb/fxgl/21.1/fxgl-21.1.jar!/fxglassets/textures/particles/smoke.png
18:09:32.919 [FXGL Background Thread 1 ] DEBUG FXGLAssetLoaderServi - Loading from file system: jar:file:///C:/Users/jaure/.m2/repository/com/github/almasb/fxgl/21.1/fxgl-21.1.jar!/fxglassets/textures/particles/trace_horizontal.png
18:09:32.985 [FXGL Background Thread 1 ] DEBUG FXGL.DefaultMenu     - createMenuBodyGameMenu()
18:09:32.989 [FXGL Background Thread 1 ] DEBUG FXGL.DefaultMenu     - createOptionsMenu()
18:09:33.085 [FXGL Background Thread 1 ] DEBUG GameApplicationServi - Application scenes initialized
18:09:33.124 [FXGL Background Thread 1 ] DEBUG SystemBundleService  - Loading FXGL system data
18:09:33.129 [FXGL Background Thread 1 ] DEBUG FileSystemAccess     - Reading from: C:\Users\jaure\OneDrive\Documents\final\T-JAV-501-NAN_2\system\fxgl.bundle
18:09:33.136 [FXGL Background Thread 1 ] DEBUG SystemBundleService  - Bundle FXGL: {}
18:09:33.136 [FXGL Background Thread 1 ] DEBUG UpdaterService       - Checking for updates
18:09:33.252 [FXGL Background Thread 4 ] DEBUG FXGLApplication      - Loading fonts
18:09:33.254 [FXGL Background Thread 1 ] DEBUG FXGLApplication      - Loading default localization
18:09:33.255 [FXGL Background Thread 4 ] DEBUG FXGLAssetLoaderServi - Loading from file system: jar:file:///C:/Users/jaure/.m2/repository/com/github/almasb/fxgl/21.1/fxgl-21.1.jar!/fxglassets/ui/fonts/VarelaRound-Regular.ttf
18:09:33.256 [FXGL Background Thread 1 ] DEBUG FXGLAssetLoaderServi - Loading from file system: jar:file:///C:/Users/jaure/.m2/repository/com/github/almasb/fxgl/21.1/fxgl-21.1.jar!/fxglassets/languages/english.lang
18:09:33.285 [FXGL Background Thread 4 ] DEBUG FXGLAssetLoaderServi - Loading from file system: jar:file:///C:/Users/jaure/.m2/repository/com/github/almasb/fxgl/21.1/fxgl-21.1.jar!/fxglassets/ui/fonts/Abel-Regular.ttf
18:09:33.301 [FXGL Background Thread 4 ] DEBUG FXGLAssetLoaderServi - Loading from file system: jar:file:///C:/Users/jaure/.m2/repository/com/github/almasb/fxgl/21.1/fxgl-21.1.jar!/fxglassets/ui/fonts/TerminalLandMono-Regular.otf
18:09:33.311 [FXGL Background Thread 4 ] DEBUG FXGLAssetLoaderServi - Loading from file system: jar:file:///C:/Users/jaure/.m2/repository/com/github/almasb/fxgl/21.1/fxgl-21.1.jar!/fxglassets/ui/fonts/Courier-Prime.ttf
18:09:33.325 [FXGL Background Thread 1 ] INFO  FXGLApplication      - FXGL initialization took: 2,171 sec
18:09:33.328 [JavaFX Application Thread] DEBUG FXGLAssetLoaderServi - Loading from file system: file:/C:/Users/jaure/OneDrive/Documents/final/T-JAV-501-NAN_2/Dual_Arena/target/classes/assets/music/music_1.mp3
18:09:33.757 [JavaFX Application Thread] DEBUG FXGLAssetLoaderServi - Loading from file system: file:/C:/Users/jaure/OneDrive/Documents/final/T-JAV-501-NAN_2/Dual_Arena/target/classes/assets/music/music_2.mp3
18:09:33.779 [JavaFX Application Thread] DEBUG AudioPlayer          - Playing music com.almasb.fxgl.audio.Music@7da82c0b
18:09:33.781 [JavaFX Application Thread] DEBUG FXGLAssetLoaderServi - Loading from file system: jar:file:///C:/Users/jaure/.m2/repository/com/github/almasb/fxgl/21.1/fxgl-21.1.jar!/fxglassets/textures/fxgl_icon.png
18:09:33.830 [JavaFX Application Thread] DEBUG FXGLAssetLoaderServi - Loading from file system: jar:file:///C:/Users/jaure/.m2/repository/com/github/almasb/fxgl/21.1/fxgl-21.1.jar!/fxglassets/textures/fxgl_default_cursor.png
18:09:33.860 [JavaFX Application Thread] DEBUG Input                - Registered new binding: Screenshot - CTRL+8
18:09:33.861 [JavaFX Application Thread] DEBUG Input                - Registered new binding: Dev Options - 1
18:09:33.863 [JavaFX Application Thread] DEBUG Input                - Registered new binding: Dev Console - 2
18:09:33.864 [JavaFX Application Thread] DEBUG Input                - Registered new binding: System info dump - CTRL+9
18:09:33.865 [JavaFX Application Thread] DEBUG Input                - Registered new binding: Restart - CTRL+R
18:09:33.867 [JavaFX Application Thread] DEBUG Input                - Registered new binding: Toggle Debug Camera - CTRL+7
18:09:33.875 [JavaFX Application Thread] DEBUG LoopRunner           - Starting loop
18:09:33.914 [JavaFX Application Thread] DEBUG LoopRunner           - Initializing JavaFX AnimationTimerLoop
18:09:33.920 [JavaFX Application Thread] DEBUG Input                - Clearing active input actions
18:09:33.946 [JavaFX Application Thread] DEBUG GameApplicationServi - Removing overlay from FXGLStartupScene and adding to FXGLMainMenuDummyScene
18:09:33.957 [JavaFX Application Thread] DEBUG PrimaryStageWindow   - FXGLStartupScene -> FXGLMainMenuDummyScene
18:09:33.957 [JavaFX Application Thread] DEBUG PrimaryStageWindow   - Push state: FXGLDefaultMenu
18:09:33.968 [JavaFX Application Thread] DEBUG Input                - Clearing active input actions
18:09:33.980 [JavaFX Application Thread] DEBUG GameApplicationServi - Removing overlay from FXGLMainMenuDummyScene and adding to FXGLDefaultMenu
18:09:33.982 [JavaFX Application Thread] DEBUG PrimaryStageWindow   - FXGLMainMenuDummyScene -> FXGLDefaultMenu
18:09:33.982 [JavaFX Application Thread] DEBUG FXGLApplication      - Registering font factories with UI factory
18:09:35.746 [JavaFX Application Thread] DEBUG Menu                 - fireNewGame()
18:09:35.746 [JavaFX Application Thread] DEBUG GameApplicationServi - Starting new game
18:09:35.760 [JavaFX Application Thread] DEBUG PrimaryStageWindow   - Pop state: FXGLDefaultMenu
18:09:35.761 [JavaFX Application Thread] DEBUG Input                - Clearing active input actions
18:09:35.763 [JavaFX Application Thread] DEBUG GameApplicationServi - Removing overlay from FXGLDefaultMenu and adding to FXGLMainMenuDummyScene
18:09:35.768 [JavaFX Application Thread] DEBUG PrimaryStageWindow   - FXGLMainMenuDummyScene <- FXGLDefaultMenu
18:09:35.768 [JavaFX Application Thread] DEBUG Input                - Clearing active input actions
18:09:35.781 [JavaFX Application Thread] DEBUG GameApplicationServi - Removing overlay from FXGLMainMenuDummyScene and adding to FXGLLoadingScene
18:09:35.781 [JavaFX Application Thread] DEBUG PrimaryStageWindow   - FXGLMainMenuDummyScene -> FXGLLoadingScene
18:09:35.782 [JavaFX Application Thread] DEBUG GameApplicationServi - Clearing previous game
18:09:35.782 [JavaFX Application Thread] DEBUG GameScene            - Clearing game scene
18:09:35.782 [JavaFX Application Thread] DEBUG GameWorld            - Clearing game world
18:09:35.783 [JavaFX Application Thread] DEBUG PhysicsWorld         - Clearing physics world
18:09:35.786 [FXGL Background Thread 2 ] DEBUG FXGLApplication      - Initializing game
18:09:35.978 [FXGL Background Thread 2 ] WARN  TMXLevelLoader       - TiledMap generated from 1.11.0. Supported version: 1.9.0. Some features may not be parsed fully.
18:09:35.997 [FXGL Background Thread 2 ] DEBUG TMXLevelLoader       - Parsed TiledMap: file:/C:/Users/jaure/OneDrive/Documents/final/T-JAV-501-NAN_2/Dual_Arena/target/classes/assets/levels/arena.tmx
18:09:35.999 [FXGL Background Thread 2 ] DEBUG TMXLevelLoader       - Creating tile layer entities
18:09:36.005 [FXGL Background Thread 2 ] DEBUG TilesetLoader        - Loading view for layer Calque de Tuiles 1
18:09:36.006 [FXGL Background Thread 2 ] DEBUG TilesetLoader        - Created buffer with size 800.0x448.0
18:09:36.016 [FXGL Background Thread 2 ] DEBUG TMXLevelLoader       - Creating object layer entities
18:09:36.058 [FXGL Background Thread 2 ] DEBUG GameWorld            - Clearing removable entities
18:09:36.058 [FXGL Background Thread 2 ] DEBUG GameWorld            - Setting level: com.almasb.fxgl.entity.level.Level@1edda649
18:09:36.245 [FXGL Background Thread 3 ] DEBUG Engine               - Logging environment variables
18:09:36.246 [FXGL Background Thread 3 ] DEBUG Engine               - achievements: []
18:09:36.246 [FXGL Background Thread 3 ] DEBUG Engine               - actualHeight: 810.0
18:09:36.246 [FXGL Background Thread 3 ] DEBUG Engine               - actualHeightProperty: ReadOnlyDoubleProperty [value: 810.0]
18:09:36.246 [FXGL Background Thread 3 ] DEBUG Engine               - actualWidth: 1440.0
18:09:36.247 [FXGL Background Thread 3 ] DEBUG Engine               - actualWidthProperty: ReadOnlyDoubleProperty [value: 1440.0]
18:09:36.247 [FXGL Background Thread 3 ] DEBUG Engine               - appIcon: fxgl_icon.png
18:09:36.247 [FXGL Background Thread 3 ] DEBUG Engine               - applicationMode: DEVELOPER
18:09:36.247 [FXGL Background Thread 3 ] DEBUG Engine               - cSSList: [fxgl_dark.css]
18:09:36.247 [FXGL Background Thread 3 ] DEBUG Engine               - collisionDetectionStrategy: BRUTE_FORCE
18:09:36.248 [FXGL Background Thread 3 ] DEBUG Engine               - configClass: Optional.empty
18:09:36.248 [FXGL Background Thread 3 ] DEBUG Engine               - credits: []
18:09:36.250 [FXGL Background Thread 3 ] DEBUG Engine               - defaultCursor: CursorInfo(imageName=fxgl_default_cursor.png, hotspotX=7.0, hotspotY=6.0)
18:09:36.251 [FXGL Background Thread 3 ] DEBUG Engine               - devBBoxColorProperty: ObjectProperty [value: 0xff0000ff]
18:09:36.252 [FXGL Background Thread 3 ] DEBUG Engine               - devEnableDebugCameraProperty: BooleanProperty [value: false]
18:09:36.253 [FXGL Background Thread 3 ] DEBUG Engine               - devSensorColorProperty: ObjectProperty [value: 0xffff00ff]
18:09:36.253 [FXGL Background Thread 3 ] DEBUG Engine               - devShowBBoxProperty: BooleanProperty [value: false]
18:09:36.253 [FXGL Background Thread 3 ] DEBUG Engine               - devShowPositionProperty: BooleanProperty [value: false]
18:09:36.254 [FXGL Background Thread 3 ] DEBUG Engine               - enabledMenuItems: []
18:09:36.254 [FXGL Background Thread 3 ] DEBUG Engine               - engineServices: [class com.almasb.fxgl.app.services.FXGLAssetLoaderService, class com.almasb.fxgl.app.FXGLApplication$GameApplicationService, class com.almasb.fxgl.app.services.FXGLDialogService, class com.almasb.fxgl.app.services.IOTaskExecutorService, class com.almasb.fxgl.io.FileSystemService, class com.almasb.fxgl.localization.LocalizationService, class com.almasb.fxgl.app.services.SystemBundleService, class com.almasb.fxgl.profile.SaveLoadService, class com.almasb.fxgl.ui.FXGLUIFactoryServiceProvider, class com.almasb.fxgl.ui.FXGLDialogFactoryServiceProvider, class com.almasb.fxgl.audio.AudioPlayer, class com.almasb.fxgl.notification.impl.NotificationServiceProvider, class com.almasb.fxgl.achievement.AchievementService, class com.almasb.fxgl.cutscene.CutsceneService, class com.almasb.fxgl.minigames.MiniGameService, class com.almasb.fxgl.net.NetService, class com.almasb.fxgl.app.services.UpdaterService, class com.almasb.fxgl.dev.DevService]
18:09:36.254 [FXGL Background Thread 3 ] DEBUG Engine               - fontGame: Abel-Regular.ttf
18:09:36.254 [FXGL Background Thread 3 ] DEBUG Engine               - fontMono: TerminalLandMono-Regular.otf
18:09:36.254 [FXGL Background Thread 3 ] DEBUG Engine               - fontSizeScaleUI: 1.0
18:09:36.255 [FXGL Background Thread 3 ] DEBUG Engine               - fontText: Courier-Prime.ttf
18:09:36.255 [FXGL Background Thread 3 ] DEBUG Engine               - fontUI: VarelaRound-Regular.ttf
18:09:36.255 [FXGL Background Thread 3 ] DEBUG Engine               - fullScreen: BooleanProperty [value: false]
18:09:36.255 [FXGL Background Thread 3 ] DEBUG Engine               - gameDifficulty: MEDIUM
18:09:36.255 [FXGL Background Thread 3 ] DEBUG Engine               - gameDifficultyProperty: ObjectProperty [value: MEDIUM]
18:09:36.255 [FXGL Background Thread 3 ] DEBUG Engine               - globalMusicVolume: 0.5
18:09:36.256 [FXGL Background Thread 3 ] DEBUG Engine               - globalMusicVolumeProperty: DoubleProperty [value: 0.25]
18:09:36.256 [FXGL Background Thread 3 ] DEBUG Engine               - globalSoundVolume: 0.5
18:09:36.256 [FXGL Background Thread 3 ] DEBUG Engine               - globalSoundVolumeProperty: DoubleProperty [value: 0.5]
18:09:36.256 [FXGL Background Thread 3 ] DEBUG Engine               - height: 810
18:09:36.256 [FXGL Background Thread 3 ] DEBUG Engine               - is3D: false
18:09:36.256 [FXGL Background Thread 3 ] DEBUG Engine               - isAndroid: false
18:09:36.257 [FXGL Background Thread 3 ] DEBUG Engine               - isBrowser: false
18:09:36.257 [FXGL Background Thread 3 ] DEBUG Engine               - isClickFeedbackEnabled: false
18:09:36.257 [FXGL Background Thread 3 ] DEBUG Engine               - isCloseConfirmation: false
18:09:36.257 [FXGL Background Thread 3 ] DEBUG Engine               - isDesktop: true
18:09:36.257 [FXGL Background Thread 3 ] DEBUG Engine               - isDeveloperMenuEnabled: true
18:09:36.257 [FXGL Background Thread 3 ] DEBUG Engine               - isEmbedded: false
18:09:36.257 [FXGL Background Thread 3 ] DEBUG Engine               - isEntityPreloadEnabled: true
18:09:36.258 [FXGL Background Thread 3 ] DEBUG Engine               - isExperimentalTiledLargeMap: false
18:09:36.258 [FXGL Background Thread 3 ] DEBUG Engine               - isFileSystemWriteAllowed: true
18:09:36.258 [FXGL Background Thread 3 ] DEBUG Engine               - isFullScreenAllowed: true
18:09:36.258 [FXGL Background Thread 3 ] DEBUG Engine               - isFullScreenFromStart: false
18:09:36.258 [FXGL Background Thread 3 ] DEBUG Engine               - isGameMenuEnabled: true
18:09:36.258 [FXGL Background Thread 3 ] DEBUG Engine               - isIOS: false
18:09:36.258 [FXGL Background Thread 3 ] DEBUG Engine               - isIntroEnabled: false
18:09:36.259 [FXGL Background Thread 3 ] DEBUG Engine               - isLinux: false
18:09:36.259 [FXGL Background Thread 3 ] DEBUG Engine               - isMac: false
18:09:36.259 [FXGL Background Thread 3 ] DEBUG Engine               - isMainMenuEnabled: true
18:09:36.259 [FXGL Background Thread 3 ] DEBUG Engine               - isManualResizeEnabled: false
18:09:36.259 [FXGL Background Thread 3 ] DEBUG Engine               - isMobile: false
18:09:36.259 [FXGL Background Thread 3 ] DEBUG Engine               - isNative: false
18:09:36.259 [FXGL Background Thread 3 ] DEBUG Engine               - isPauseMusicWhenMinimized: true
18:09:36.259 [FXGL Background Thread 3 ] DEBUG Engine               - isPreserveResizeRatio: false
18:09:36.259 [FXGL Background Thread 3 ] DEBUG Engine               - isProfilingEnabled: false
18:09:36.259 [FXGL Background Thread 3 ] DEBUG Engine               - isScaleAffectedOnResize: true
18:09:36.259 [FXGL Background Thread 3 ] DEBUG Engine               - isSingleStep: false
18:09:36.259 [FXGL Background Thread 3 ] DEBUG Engine               - isUserProfileEnabled: false
18:09:36.261 [FXGL Background Thread 3 ] DEBUG Engine               - isWindows: true
18:09:36.261 [FXGL Background Thread 3 ] DEBUG Engine               - language: ObjectProperty [value: ENGLISH]
18:09:36.261 [FXGL Background Thread 3 ] DEBUG Engine               - menuKey: ESCAPE
18:09:36.261 [FXGL Background Thread 3 ] DEBUG Engine               - mouseSensitivity: 0.2
18:09:36.261 [FXGL Background Thread 3 ] DEBUG Engine               - notificationViewClass: class com.almasb.fxgl.notification.view.XboxNotificationView
18:09:36.262 [FXGL Background Thread 3 ] DEBUG Engine               - pixelsPerMeter: 50.0
18:09:36.262 [FXGL Background Thread 3 ] DEBUG Engine               - platform: WINDOWS
18:09:36.262 [FXGL Background Thread 3 ] DEBUG Engine               - prefHeightProperty: ReadOnlyDoubleProperty [value: 810.0]
18:09:36.262 [FXGL Background Thread 3 ] DEBUG Engine               - prefWidthProperty: ReadOnlyDoubleProperty [value: 1440.0]
18:09:36.262 [FXGL Background Thread 3 ] DEBUG Engine               - profileDir: profiles/
18:09:36.263 [FXGL Background Thread 3 ] DEBUG Engine               - profileName: StringProperty [value: DEFAULT]
18:09:36.263 [FXGL Background Thread 3 ] DEBUG Engine               - randomSeed: -1
18:09:36.264 [FXGL Background Thread 3 ] DEBUG Engine               - runtimeInfo: RuntimeInfo(platform=WINDOWS, version=21.1, build=27.03.2024 07.52)
18:09:36.264 [FXGL Background Thread 3 ] DEBUG Engine               - saveFileExt: sav
18:09:36.265 [FXGL Background Thread 3 ] DEBUG Engine               - scaledHeightProp$fxgl: DoubleProperty [bound, value: 810.0]
18:09:36.265 [FXGL Background Thread 3 ] DEBUG Engine               - scaledWidthProp$fxgl: DoubleProperty [bound, value: 1440.0]
18:09:36.265 [FXGL Background Thread 3 ] DEBUG Engine               - sceneFactory: com.almasb.fxgl.app.scene.SceneFactory@3c57ef9f
18:09:36.266 [FXGL Background Thread 3 ] DEBUG Engine               - secondsIn24h: 60
18:09:36.266 [FXGL Background Thread 3 ] DEBUG Engine               - soundMenuBack: menu/back.wav
18:09:36.266 [FXGL Background Thread 3 ] DEBUG Engine               - soundMenuPress: menu/press.wav
18:09:36.266 [FXGL Background Thread 3 ] DEBUG Engine               - soundMenuSelect: menu/select.wav
18:09:36.266 [FXGL Background Thread 3 ] DEBUG Engine               - soundNotification: core/notification.wav
18:09:36.266 [FXGL Background Thread 3 ] DEBUG Engine               - stageStyle: DECORATED
18:09:36.266 [FXGL Background Thread 3 ] DEBUG Engine               - supportedLanguages: [ENGLISH, FRENCH, GERMAN, HUNGARIAN, RUSSIAN]
18:09:36.267 [FXGL Background Thread 3 ] DEBUG Engine               - ticksPerSecond: -1
18:09:36.267 [FXGL Background Thread 3 ] DEBUG Engine               - title: Island Knockout
18:09:36.267 [FXGL Background Thread 3 ] DEBUG Engine               - urlGithub: https://github.com/AlmasB/FXGL
18:09:36.267 [FXGL Background Thread 3 ] DEBUG Engine               - urlLeaderboard: http://fxgl-top.herokuapp.com/
18:09:36.267 [FXGL Background Thread 3 ] DEBUG Engine               - urlPOM: https://raw.githubusercontent.com/AlmasB/FXGL/release/README.md
18:09:36.267 [FXGL Background Thread 3 ] DEBUG Engine               - userAppClass: class com.arena.dual_arena.Main
18:09:36.267 [FXGL Background Thread 3 ] DEBUG Engine               - version: 1.0
18:09:36.268 [FXGL Background Thread 3 ] DEBUG Engine               - versionCheckDays: 7
18:09:36.268 [FXGL Background Thread 3 ] DEBUG Engine               - width: 1440
18:09:36.268 [FXGL Background Thread 3 ] DEBUG Engine               - Logging services
18:09:36.268 [FXGL Background Thread 3 ] DEBUG Engine               - class com.almasb.fxgl.app.services.FXGLAssetLoaderService
18:09:36.268 [FXGL Background Thread 3 ] DEBUG Engine               - class com.almasb.fxgl.app.FXGLApplication$GameApplicationService
18:09:36.269 [FXGL Background Thread 3 ] DEBUG Engine               - class com.almasb.fxgl.app.services.FXGLDialogService
18:09:36.269 [FXGL Background Thread 3 ] DEBUG Engine               - class com.almasb.fxgl.app.services.IOTaskExecutorService
18:09:36.269 [FXGL Background Thread 3 ] DEBUG Engine               - class com.almasb.fxgl.io.FileSystemService
18:09:36.269 [FXGL Background Thread 3 ] DEBUG Engine               - class com.almasb.fxgl.localization.LocalizationService
18:09:36.269 [FXGL Background Thread 3 ] DEBUG Engine               - class com.almasb.fxgl.app.services.SystemBundleService
18:09:36.269 [FXGL Background Thread 3 ] DEBUG Engine               - class com.almasb.fxgl.profile.SaveLoadService
18:09:36.269 [FXGL Background Thread 3 ] DEBUG Engine               - class com.almasb.fxgl.ui.FXGLUIFactoryServiceProvider
18:09:36.269 [FXGL Background Thread 3 ] DEBUG Engine               - class com.almasb.fxgl.ui.FXGLDialogFactoryServiceProvider
18:09:36.270 [FXGL Background Thread 3 ] DEBUG Engine               - class com.almasb.fxgl.audio.AudioPlayer
18:09:36.270 [FXGL Background Thread 3 ] DEBUG Engine               - class com.almasb.fxgl.notification.impl.NotificationServiceProvider
18:09:36.270 [FXGL Background Thread 3 ] DEBUG Engine               - class com.almasb.fxgl.achievement.AchievementService
18:09:36.270 [FXGL Background Thread 3 ] DEBUG Engine               - class com.almasb.fxgl.cutscene.CutsceneService
18:09:36.270 [FXGL Background Thread 3 ] DEBUG Engine               - class com.almasb.fxgl.minigames.MiniGameService
18:09:36.270 [FXGL Background Thread 3 ] DEBUG Engine               - class com.almasb.fxgl.net.NetService
18:09:36.270 [FXGL Background Thread 3 ] DEBUG Engine               - class com.almasb.fxgl.app.services.UpdaterService
18:09:36.270 [FXGL Background Thread 3 ] DEBUG Engine               - class com.almasb.fxgl.dev.DevService
18:09:36.530 [FXGL Background Thread 2 ] DEBUG Input                - Registered new binding: Move Up1 - Z
18:09:36.531 [FXGL Background Thread 2 ] DEBUG Input                - Registered new binding: Move Down1 - S
18:09:36.533 [FXGL Background Thread 2 ] DEBUG Input                - Registered new binding: Move Left1 - Q
18:09:36.534 [FXGL Background Thread 2 ] DEBUG Input                - Registered new binding: Move Right1 - D
18:09:36.535 [FXGL Background Thread 2 ] DEBUG Input                - Registered new binding: PrimaryFire1 - Space
18:09:36.536 [FXGL Background Thread 2 ] DEBUG Input                - Registered new binding: SecondaryFire1 - C
18:09:36.537 [FXGL Background Thread 2 ] DEBUG Input                - Registered new binding: Drop Weapon1 - G
18:09:36.541 [FXGL Background Thread 2 ] DEBUG FXGLAssetLoaderServi - Loading from file system: file:/C:/Users/jaure/OneDrive/Documents/final/T-JAV-501-NAN_2/Dual_Arena/target/classes/assets/textures/player_idle_2.png
18:09:36.552 [FXGL Background Thread 2 ] DEBUG FXGLAssetLoaderServi - Loading from file system: file:/C:/Users/jaure/OneDrive/Documents/final/T-JAV-501-NAN_2/Dual_Arena/target/classes/assets/textures/player_walk_2.png
18:09:36.642 [JavaFX Application Thread] DEBUG LoopRunner           - Stopping loop
18:09:36.647 [JavaFX Application Thread] FATAL FXGLApplication      - Uncaught Exception:
java.lang.RuntimeException: Initialization failed
	at com.almasb.fxgl.all@21.1/com.almasb.fxgl.app.FXGLApplication$InitAppTask.failed(FXGLApplication.kt:347)
	at javafx.graphics@21/javafx.concurrent.Task.setState(Task.java:710)
	at javafx.graphics@21/javafx.concurrent.Task$TaskCallable.lambda$call$2(Task.java:1429)
	at javafx.graphics@21/com.sun.javafx.application.PlatformImpl.lambda$runLater$10(PlatformImpl.java:456)
	at java.base/java.security.AccessController.doPrivileged(AccessController.java:400)
	at javafx.graphics@21/com.sun.javafx.application.PlatformImpl.lambda$runLater$11(PlatformImpl.java:455)
	at javafx.graphics@21/com.sun.glass.ui.InvokeLaterDispatcher$Future.run(InvokeLaterDispatcher.java:95)
	at javafx.graphics@21/com.sun.glass.ui.win.WinApplication._runLoop(Native Method)
	at javafx.graphics@21/com.sun.glass.ui.win.WinApplication.lambda$runLoop$3(WinApplication.java:185)
	at java.base/java.lang.Thread.run(Thread.java:1575)
Caused by: com.arena.dual_arena.Exceptions.InsufficientControllersException: Pas assez de manettes connectées : 1 détectée(s), mais requise(s) pour le joueur 2
	at com.arena.dual_arena/com.arena.dual_arena.components.PlayerComponent.initController(PlayerComponent.java:140)
	at com.arena.dual_arena/com.arena.dual_arena.components.PlayerComponent.<init>(PlayerComponent.java:76)
	at com.arena.dual_arena/com.arena.dual_arena.factories.PlayerFactory.createPlayer(PlayerFactory.java:66)
	at com.arena.dual_arena/com.arena.dual_arena.factories.PlayerFactory.spawnPlayer(PlayerFactory.java:41)
	at java.base/jdk.internal.reflect.DirectMethodHandleAccessor.invoke(DirectMethodHandleAccessor.java:103)
	at java.base/java.lang.reflect.Method.invoke(Method.java:580)
	at com.almasb.fxgl.core@21.1/com.almasb.fxgl.core.reflect.ReflectionUtils.call(ReflectionUtils.java:104)
	at com.almasb.fxgl.core@21.1/com.almasb.fxgl.core.reflect.ReflectionUtils.lambda$mapToFunction$3(ReflectionUtils.java:111)
	at com.almasb.fxgl.entity@21.1/com.almasb.fxgl.entity.GameWorld$create$2.invoke(GameWorld.kt:428)
	at com.almasb.fxgl.entity@21.1/com.almasb.fxgl.entity.GameWorld$create$2.invoke(GameWorld.kt:428)
	at com.almasb.fxgl.core@21.1/com.almasb.fxgl.core.util.DSLKt.tryCatchRoot(DSL.kt:34)
	at com.almasb.fxgl.entity@21.1/com.almasb.fxgl.entity.GameWorld.create(GameWorld.kt:428)
	at com.almasb.fxgl.entity@21.1/com.almasb.fxgl.entity.GameWorld.spawn(GameWorld.kt:396)
	at com.almasb.fxgl.all@21.1/com.almasb.fxgl.dsl.FXGL$Companion.spawn(FXGL.kt:574)
	at com.almasb.fxgl.all@21.1/com.almasb.fxgl.dsl.FXGL.spawn(FXGL.kt)
	at com.arena.dual_arena/com.arena.dual_arena.Main.spawnPlayer(Main.java:159)
	at com.arena.dual_arena/com.arena.dual_arena.Main.initGame(Main.java:109)
	at com.almasb.fxgl.all@21.1/com.almasb.fxgl.app.FXGLApplication$InitAppTask.initGame(FXGLApplication.kt:343)
	at com.almasb.fxgl.all@21.1/com.almasb.fxgl.app.FXGLApplication$InitAppTask.call(FXGLApplication.kt:321)
	at com.almasb.fxgl.all@21.1/com.almasb.fxgl.app.FXGLApplication$InitAppTask.call(FXGLApplication.kt:313)
	at javafx.graphics@21/javafx.concurrent.Task$TaskCallable.call(Task.java:1399)
	at java.base/java.util.concurrent.FutureTask.run(FutureTask.java:317)
	at java.base/java.util.concurrent.Executors$RunnableAdapter.call(Executors.java:572)
	at java.base/java.util.concurrent.FutureTask.run(FutureTask.java:317)
	at java.base/java.util.concurrent.ThreadPoolExecutor.runWorker(ThreadPoolExecutor.java:1144)
	at java.base/java.util.concurrent.ThreadPoolExecutor$Worker.run(ThreadPoolExecutor.java:642)
	... 1 more

18:09:36.648 [JavaFX Application Thread] FATAL FXGLApplication      - Application will now exit
18:09:36.666 [JavaFX Application Thread] DEBUG PrimaryStageWindow   - Push state: ErrorSubScene
18:09:36.666 [JavaFX Application Thread] DEBUG Input                - Clearing active input actions
18:09:36.668 [JavaFX Application Thread] DEBUG GameApplicationServi - Removing overlay from FXGLLoadingScene and adding to ErrorSubScene
18:09:36.671 [JavaFX Application Thread] DEBUG PrimaryStageWindow   - FXGLLoadingScene -> ErrorSubScene
18:09:40.700 [JavaFX Application Thread] DEBUG FXGLApplication      - Exiting FXGL
18:09:40.701 [JavaFX Application Thread] DEBUG Async                - Shutting down background threads
18:09:40.701 [JavaFX Application Thread] DEBUG PrimaryStageWindow   - Closing main window
18:09:40.741 [JavaFX Application Thread] DEBUG Logger               - Closing Logger
