11:44:45.531 [main                     ] DEBUG Logger               - Configured Logger
11:44:45.577 [main                     ] DEBUG GameApplication      - Logging settings
Title: Island Knockout
Version: 1.0
Width: 1440
Height: 810
Fullscreen: true
Intro: false
Profiling: false
Single step:false
App Mode: DEVELOPER
Menu Key: ESCAPE
Stage Style: DECORATED
Scene Factory: class com.almasb.fxgl.app.scene.SceneFactory

11:44:46.535 [JavaFX Application Thread] DEBUG FXGLApplication      - Initializing FXGL
11:44:46.540 [JavaFX Application Thread] INFO  Engine               - FXGL-21.1 (27.03.2024 07.52) on WINDOWS (J:23.0.1 FX:21)
11:44:46.541 [JavaFX Application Thread] DEBUG Engine               - JRE Vendor Name: Oracle Corporation
11:44:46.541 [JavaFX Application Thread] DEBUG Engine               - Running on OS: Windows 11 version 10.0
11:44:46.541 [JavaFX Application Thread] DEBUG Engine               - Architecture: amd64
11:44:46.541 [JavaFX Application Thread] INFO  Engine               - Source code and latest versions at: https://github.com/AlmasB/FXGL
11:44:46.541 [JavaFX Application Thread] INFO  Engine               -       Ask questions and discuss at: https://github.com/AlmasB/FXGL/discussions
11:44:46.541 [JavaFX Application Thread] INFO  Engine               -              Join the FXGL chat at: https://gitter.im/AlmasB/FXGL
11:44:46.740 [JavaFX Application Thread] DEBUG PrimaryStageWindow   - Creating a JavaFX scene
11:44:46.819 [JavaFX Application Thread] DEBUG PrimaryStageWindow   - Target settings size: 1440.0 x 810.0
11:44:46.819 [JavaFX Application Thread] DEBUG PrimaryStageWindow   - Scaled scene size:    1440.0 x 810.0
11:44:46.820 [JavaFX Application Thread] DEBUG PrimaryStageWindow   - Scaled ratio: (1.0, 1.0)
11:44:46.821 [JavaFX Application Thread] DEBUG PrimaryStageWindow   - Set initial scene to FXGLStartupScene
11:44:46.829 [JavaFX Application Thread] DEBUG PrimaryStageWindow   - Opening main window
11:44:47.058 [JavaFX Application Thread] DEBUG PrimaryStageWindow   - Window border size: (16.0, 39.0)
11:44:47.058 [JavaFX Application Thread] DEBUG PrimaryStageWindow   - Scaled size: 1440.0 x 810.0
11:44:47.058 [JavaFX Application Thread] DEBUG PrimaryStageWindow   - Scaled ratio: (1.0, 1.0)
11:44:47.059 [JavaFX Application Thread] DEBUG PrimaryStageWindow   - Scene size: 1440.0 x 810.0
11:44:47.059 [JavaFX Application Thread] DEBUG PrimaryStageWindow   - Stage size: 1456.0 x 849.0
11:44:47.073 [FXGL Background Thread 1 ] DEBUG Engine               - Initializing environment variables
11:44:47.176 [FXGL Background Thread 1 ] DEBUG FXGLAssetLoaderServi - User app class for loading assets: class com.arena.dual_arena.Main
11:44:47.176 [FXGL Background Thread 1 ] DEBUG GameApplicationServi - Applying CSS: fxgl_dark.css
11:44:47.177 [FXGL Background Thread 1 ] DEBUG FXGLAssetLoaderServi - Loading from file system: jar:file:///C:/Users/jaure/.m2/repository/com/github/almasb/fxgl/21.1/fxgl-21.1.jar!/fxglassets/ui/css/fxgl_dark.css
11:44:47.248 [FXGL Background Thread 1 ] DEBUG GameApplicationServi - Initializing application scenes
11:44:47.308 [FXGL Background Thread 1 ] DEBUG GameWorld            - Game world initialized
11:44:47.402 [FXGL Background Thread 1 ] DEBUG PhysicsWorld         - Physics world initialized: appHeight=810, physics.ppm=50,0
11:44:47.403 [FXGL Background Thread 1 ] DEBUG PhysicsWorld         - Using strategy: BRUTE_FORCE
11:44:47.413 [FXGL Background Thread 1 ] DEBUG GameScene            - Game scene initialized: 1440x810
11:44:47.440 [FXGL Background Thread 1 ] DEBUG FXGL.DefaultMenu     - createMenuBodyMainMenu()
11:44:47.467 [FXGL Background Thread 1 ] DEBUG FXGL.DefaultMenu     - createOptionsMenu()
11:44:47.483 [FXGL Background Thread 1 ] DEBUG FXGLAssetLoaderServi - Loading from file system: jar:file:///C:/Users/jaure/.m2/repository/com/github/almasb/fxgl/21.1/fxgl-21.1.jar!/fxglassets/textures/particles/smoke.png
11:44:47.629 [FXGL Background Thread 1 ] DEBUG FXGLAssetLoaderServi - Loading from file system: jar:file:///C:/Users/jaure/.m2/repository/com/github/almasb/fxgl/21.1/fxgl-21.1.jar!/fxglassets/textures/particles/trace_horizontal.png
11:44:47.661 [FXGL Background Thread 1 ] DEBUG FXGL.DefaultMenu     - createMenuBodyGameMenu()
11:44:47.663 [FXGL Background Thread 1 ] DEBUG FXGL.DefaultMenu     - createOptionsMenu()
11:44:47.686 [FXGL Background Thread 1 ] DEBUG GameApplicationServi - Application scenes initialized
11:44:47.710 [FXGL Background Thread 1 ] DEBUG SystemBundleService  - Loading FXGL system data
11:44:47.714 [FXGL Background Thread 1 ] DEBUG FileSystemAccess     - Reading from: C:\Users\jaure\OneDrive\Documents\final\T-JAV-501-NAN_2\system\fxgl.bundle
11:44:47.717 [FXGL Background Thread 1 ] DEBUG SystemBundleService  - Bundle FXGL: {}
11:44:47.719 [FXGL Background Thread 1 ] DEBUG UpdaterService       - Checking for updates
11:44:47.776 [FXGL Background Thread 4 ] DEBUG FXGLApplication      - Loading fonts
11:44:47.778 [FXGL Background Thread 4 ] DEBUG FXGLAssetLoaderServi - Loading from file system: jar:file:///C:/Users/jaure/.m2/repository/com/github/almasb/fxgl/21.1/fxgl-21.1.jar!/fxglassets/ui/fonts/VarelaRound-Regular.ttf
11:44:47.778 [FXGL Background Thread 1 ] DEBUG FXGLApplication      - Loading default localization
11:44:47.779 [FXGL Background Thread 1 ] DEBUG FXGLAssetLoaderServi - Loading from file system: jar:file:///C:/Users/jaure/.m2/repository/com/github/almasb/fxgl/21.1/fxgl-21.1.jar!/fxglassets/languages/english.lang
11:44:47.796 [FXGL Background Thread 4 ] DEBUG FXGLAssetLoaderServi - Loading from file system: jar:file:///C:/Users/jaure/.m2/repository/com/github/almasb/fxgl/21.1/fxgl-21.1.jar!/fxglassets/ui/fonts/Abel-Regular.ttf
11:44:47.805 [FXGL Background Thread 4 ] DEBUG FXGLAssetLoaderServi - Loading from file system: jar:file:///C:/Users/jaure/.m2/repository/com/github/almasb/fxgl/21.1/fxgl-21.1.jar!/fxglassets/ui/fonts/TerminalLandMono-Regular.otf
11:44:47.814 [FXGL Background Thread 4 ] DEBUG FXGLAssetLoaderServi - Loading from file system: jar:file:///C:/Users/jaure/.m2/repository/com/github/almasb/fxgl/21.1/fxgl-21.1.jar!/fxglassets/ui/fonts/Courier-Prime.ttf
11:44:47.820 [FXGL Background Thread 1 ] INFO  FXGLApplication      - FXGL initialization took: 0,746 sec
11:44:47.822 [JavaFX Application Thread] DEBUG FXGLAssetLoaderServi - Loading from file system: file:/C:/Users/jaure/OneDrive/Documents/final/T-JAV-501-NAN_2/Dual_Arena/target/classes/assets/music/music_1.mp3
11:44:48.034 [JavaFX Application Thread] DEBUG FXGLAssetLoaderServi - Loading from file system: file:/C:/Users/jaure/OneDrive/Documents/final/T-JAV-501-NAN_2/Dual_Arena/target/classes/assets/music/music_2.mp3
11:44:48.046 [JavaFX Application Thread] DEBUG AudioPlayer          - Playing music com.almasb.fxgl.audio.Music@78603625
11:44:48.047 [JavaFX Application Thread] DEBUG FXGLAssetLoaderServi - Loading from file system: jar:file:///C:/Users/jaure/.m2/repository/com/github/almasb/fxgl/21.1/fxgl-21.1.jar!/fxglassets/textures/fxgl_icon.png
11:44:48.069 [JavaFX Application Thread] DEBUG FXGLAssetLoaderServi - Loading from file system: jar:file:///C:/Users/jaure/.m2/repository/com/github/almasb/fxgl/21.1/fxgl-21.1.jar!/fxglassets/textures/fxgl_default_cursor.png
11:44:48.084 [JavaFX Application Thread] DEBUG Input                - Registered new binding: Screenshot - CTRL+8
11:44:48.084 [JavaFX Application Thread] DEBUG Input                - Registered new binding: Dev Options - 1
11:44:48.084 [JavaFX Application Thread] DEBUG Input                - Registered new binding: Dev Console - 2
11:44:48.085 [JavaFX Application Thread] DEBUG Input                - Registered new binding: System info dump - CTRL+9
11:44:48.085 [JavaFX Application Thread] DEBUG Input                - Registered new binding: Restart - CTRL+R
11:44:48.085 [JavaFX Application Thread] DEBUG Input                - Registered new binding: Toggle Debug Camera - CTRL+7
11:44:48.090 [JavaFX Application Thread] DEBUG LoopRunner           - Starting loop
11:44:48.111 [JavaFX Application Thread] DEBUG LoopRunner           - Initializing JavaFX AnimationTimerLoop
11:44:48.115 [JavaFX Application Thread] DEBUG Input                - Clearing active input actions
11:44:48.131 [JavaFX Application Thread] DEBUG GameApplicationServi - Removing overlay from FXGLStartupScene and adding to FXGLMainMenuDummyScene
11:44:48.140 [JavaFX Application Thread] DEBUG PrimaryStageWindow   - FXGLStartupScene -> FXGLMainMenuDummyScene
11:44:48.140 [JavaFX Application Thread] DEBUG PrimaryStageWindow   - Push state: FXGLDefaultMenu
11:44:48.150 [JavaFX Application Thread] DEBUG Input                - Clearing active input actions
11:44:48.161 [JavaFX Application Thread] DEBUG GameApplicationServi - Removing overlay from FXGLMainMenuDummyScene and adding to FXGLDefaultMenu
11:44:48.163 [JavaFX Application Thread] DEBUG PrimaryStageWindow   - FXGLMainMenuDummyScene -> FXGLDefaultMenu
11:44:48.163 [JavaFX Application Thread] DEBUG FXGLApplication      - Registering font factories with UI factory
11:44:50.774 [FXGL Background Thread 3 ] DEBUG Engine               - Logging environment variables
11:44:50.774 [FXGL Background Thread 3 ] DEBUG Engine               - achievements: []
11:44:50.775 [FXGL Background Thread 3 ] DEBUG Engine               - actualHeight: 810.0
11:44:50.775 [FXGL Background Thread 3 ] DEBUG Engine               - actualHeightProperty: ReadOnlyDoubleProperty [value: 810.0]
11:44:50.775 [FXGL Background Thread 3 ] DEBUG Engine               - actualWidth: 1440.0
11:44:50.775 [FXGL Background Thread 3 ] DEBUG Engine               - actualWidthProperty: ReadOnlyDoubleProperty [value: 1440.0]
11:44:50.775 [FXGL Background Thread 3 ] DEBUG Engine               - appIcon: fxgl_icon.png
11:44:50.775 [FXGL Background Thread 3 ] DEBUG Engine               - applicationMode: DEVELOPER
11:44:50.775 [FXGL Background Thread 3 ] DEBUG Engine               - cSSList: [fxgl_dark.css]
11:44:50.775 [FXGL Background Thread 3 ] DEBUG Engine               - collisionDetectionStrategy: BRUTE_FORCE
11:44:50.775 [FXGL Background Thread 3 ] DEBUG Engine               - configClass: Optional.empty
11:44:50.775 [FXGL Background Thread 3 ] DEBUG Engine               - credits: []
11:44:50.777 [FXGL Background Thread 3 ] DEBUG Engine               - defaultCursor: CursorInfo(imageName=fxgl_default_cursor.png, hotspotX=7.0, hotspotY=6.0)
11:44:50.777 [FXGL Background Thread 3 ] DEBUG Engine               - devBBoxColorProperty: ObjectProperty [value: 0xff0000ff]
11:44:50.777 [FXGL Background Thread 3 ] DEBUG Engine               - devEnableDebugCameraProperty: BooleanProperty [value: false]
11:44:50.777 [FXGL Background Thread 3 ] DEBUG Engine               - devSensorColorProperty: ObjectProperty [value: 0xffff00ff]
11:44:50.777 [FXGL Background Thread 3 ] DEBUG Engine               - devShowBBoxProperty: BooleanProperty [value: false]
11:44:50.777 [FXGL Background Thread 3 ] DEBUG Engine               - devShowPositionProperty: BooleanProperty [value: false]
11:44:50.777 [FXGL Background Thread 3 ] DEBUG Engine               - enabledMenuItems: []
11:44:50.778 [FXGL Background Thread 3 ] DEBUG Engine               - engineServices: [class com.almasb.fxgl.app.services.FXGLAssetLoaderService, class com.almasb.fxgl.app.FXGLApplication$GameApplicationService, class com.almasb.fxgl.app.services.FXGLDialogService, class com.almasb.fxgl.app.services.IOTaskExecutorService, class com.almasb.fxgl.io.FileSystemService, class com.almasb.fxgl.localization.LocalizationService, class com.almasb.fxgl.app.services.SystemBundleService, class com.almasb.fxgl.profile.SaveLoadService, class com.almasb.fxgl.ui.FXGLUIFactoryServiceProvider, class com.almasb.fxgl.ui.FXGLDialogFactoryServiceProvider, class com.almasb.fxgl.audio.AudioPlayer, class com.almasb.fxgl.notification.impl.NotificationServiceProvider, class com.almasb.fxgl.achievement.AchievementService, class com.almasb.fxgl.cutscene.CutsceneService, class com.almasb.fxgl.minigames.MiniGameService, class com.almasb.fxgl.net.NetService, class com.almasb.fxgl.app.services.UpdaterService, class com.almasb.fxgl.dev.DevService]
11:44:50.778 [FXGL Background Thread 3 ] DEBUG Engine               - fontGame: Abel-Regular.ttf
11:44:50.778 [FXGL Background Thread 3 ] DEBUG Engine               - fontMono: TerminalLandMono-Regular.otf
11:44:50.778 [FXGL Background Thread 3 ] DEBUG Engine               - fontSizeScaleUI: 1.0
11:44:50.778 [FXGL Background Thread 3 ] DEBUG Engine               - fontText: Courier-Prime.ttf
11:44:50.778 [FXGL Background Thread 3 ] DEBUG Engine               - fontUI: VarelaRound-Regular.ttf
11:44:50.778 [FXGL Background Thread 3 ] DEBUG Engine               - fullScreen: BooleanProperty [value: false]
11:44:50.778 [FXGL Background Thread 3 ] DEBUG Engine               - gameDifficulty: MEDIUM
11:44:50.778 [FXGL Background Thread 3 ] DEBUG Engine               - gameDifficultyProperty: ObjectProperty [value: MEDIUM]
11:44:50.778 [FXGL Background Thread 3 ] DEBUG Engine               - globalMusicVolume: 0.5
11:44:50.778 [FXGL Background Thread 3 ] DEBUG Engine               - globalMusicVolumeProperty: DoubleProperty [value: 0.25]
11:44:50.778 [FXGL Background Thread 3 ] DEBUG Engine               - globalSoundVolume: 0.5
11:44:50.778 [FXGL Background Thread 3 ] DEBUG Engine               - globalSoundVolumeProperty: DoubleProperty [value: 0.5]
11:44:50.778 [FXGL Background Thread 3 ] DEBUG Engine               - height: 810
11:44:50.778 [FXGL Background Thread 3 ] DEBUG Engine               - is3D: false
11:44:50.779 [FXGL Background Thread 3 ] DEBUG Engine               - isAndroid: false
11:44:50.779 [FXGL Background Thread 3 ] DEBUG Engine               - isBrowser: false
11:44:50.779 [FXGL Background Thread 3 ] DEBUG Engine               - isClickFeedbackEnabled: false
11:44:50.779 [FXGL Background Thread 3 ] DEBUG Engine               - isCloseConfirmation: false
11:44:50.779 [FXGL Background Thread 3 ] DEBUG Engine               - isDesktop: true
11:44:50.779 [FXGL Background Thread 3 ] DEBUG Engine               - isDeveloperMenuEnabled: true
11:44:50.779 [FXGL Background Thread 3 ] DEBUG Engine               - isEmbedded: false
11:44:50.779 [FXGL Background Thread 3 ] DEBUG Engine               - isEntityPreloadEnabled: true
11:44:50.779 [FXGL Background Thread 3 ] DEBUG Engine               - isExperimentalTiledLargeMap: false
11:44:50.779 [FXGL Background Thread 3 ] DEBUG Engine               - isFileSystemWriteAllowed: true
11:44:50.779 [FXGL Background Thread 3 ] DEBUG Engine               - isFullScreenAllowed: true
11:44:50.779 [FXGL Background Thread 3 ] DEBUG Engine               - isFullScreenFromStart: false
11:44:50.779 [FXGL Background Thread 3 ] DEBUG Engine               - isGameMenuEnabled: true
11:44:50.780 [FXGL Background Thread 3 ] DEBUG Engine               - isIOS: false
11:44:50.780 [FXGL Background Thread 3 ] DEBUG Engine               - isIntroEnabled: false
11:44:50.780 [FXGL Background Thread 3 ] DEBUG Engine               - isLinux: false
11:44:50.780 [FXGL Background Thread 3 ] DEBUG Engine               - isMac: false
11:44:50.780 [FXGL Background Thread 3 ] DEBUG Engine               - isMainMenuEnabled: true
11:44:50.780 [FXGL Background Thread 3 ] DEBUG Engine               - isManualResizeEnabled: false
11:44:50.780 [FXGL Background Thread 3 ] DEBUG Engine               - isMobile: false
11:44:50.780 [FXGL Background Thread 3 ] DEBUG Engine               - isNative: false
11:44:50.780 [FXGL Background Thread 3 ] DEBUG Engine               - isPauseMusicWhenMinimized: true
11:44:50.780 [FXGL Background Thread 3 ] DEBUG Engine               - isPreserveResizeRatio: false
11:44:50.780 [FXGL Background Thread 3 ] DEBUG Engine               - isProfilingEnabled: false
11:44:50.780 [FXGL Background Thread 3 ] DEBUG Engine               - isScaleAffectedOnResize: true
11:44:50.780 [FXGL Background Thread 3 ] DEBUG Engine               - isSingleStep: false
11:44:50.780 [FXGL Background Thread 3 ] DEBUG Engine               - isUserProfileEnabled: false
11:44:50.781 [FXGL Background Thread 3 ] DEBUG Engine               - isWindows: true
11:44:50.781 [FXGL Background Thread 3 ] DEBUG Engine               - language: ObjectProperty [value: ENGLISH]
11:44:50.781 [FXGL Background Thread 3 ] DEBUG Engine               - menuKey: ESCAPE
11:44:50.781 [FXGL Background Thread 3 ] DEBUG Engine               - mouseSensitivity: 0.2
11:44:50.781 [FXGL Background Thread 3 ] DEBUG Engine               - notificationViewClass: class com.almasb.fxgl.notification.view.XboxNotificationView
11:44:50.781 [FXGL Background Thread 3 ] DEBUG Engine               - pixelsPerMeter: 50.0
11:44:50.781 [FXGL Background Thread 3 ] DEBUG Engine               - platform: WINDOWS
11:44:50.781 [FXGL Background Thread 3 ] DEBUG Engine               - prefHeightProperty: ReadOnlyDoubleProperty [value: 810.0]
11:44:50.781 [FXGL Background Thread 3 ] DEBUG Engine               - prefWidthProperty: ReadOnlyDoubleProperty [value: 1440.0]
11:44:50.781 [FXGL Background Thread 3 ] DEBUG Engine               - profileDir: profiles/
11:44:50.781 [FXGL Background Thread 3 ] DEBUG Engine               - profileName: StringProperty [value: DEFAULT]
11:44:50.782 [FXGL Background Thread 3 ] DEBUG Engine               - randomSeed: -1
11:44:50.782 [FXGL Background Thread 3 ] DEBUG Engine               - runtimeInfo: RuntimeInfo(platform=WINDOWS, version=21.1, build=27.03.2024 07.52)
11:44:50.783 [FXGL Background Thread 3 ] DEBUG Engine               - saveFileExt: sav
11:44:50.783 [FXGL Background Thread 3 ] DEBUG Engine               - scaledHeightProp$fxgl: DoubleProperty [bound, value: 810.0]
11:44:50.783 [FXGL Background Thread 3 ] DEBUG Engine               - scaledWidthProp$fxgl: DoubleProperty [bound, value: 1440.0]
11:44:50.783 [FXGL Background Thread 3 ] DEBUG Engine               - sceneFactory: com.almasb.fxgl.app.scene.SceneFactory@49259c1c
11:44:50.783 [FXGL Background Thread 3 ] DEBUG Engine               - secondsIn24h: 60
11:44:50.783 [FXGL Background Thread 3 ] DEBUG Engine               - soundMenuBack: menu/back.wav
11:44:50.784 [FXGL Background Thread 3 ] DEBUG Engine               - soundMenuPress: menu/press.wav
11:44:50.784 [FXGL Background Thread 3 ] DEBUG Engine               - soundMenuSelect: menu/select.wav
11:44:50.784 [FXGL Background Thread 3 ] DEBUG Engine               - soundNotification: core/notification.wav
11:44:50.784 [FXGL Background Thread 3 ] DEBUG Engine               - stageStyle: DECORATED
11:44:50.784 [FXGL Background Thread 3 ] DEBUG Engine               - supportedLanguages: [ENGLISH, FRENCH, GERMAN, HUNGARIAN, RUSSIAN]
11:44:50.784 [FXGL Background Thread 3 ] DEBUG Engine               - ticksPerSecond: -1
11:44:50.784 [FXGL Background Thread 3 ] DEBUG Engine               - title: Island Knockout
11:44:50.784 [FXGL Background Thread 3 ] DEBUG Engine               - urlGithub: https://github.com/AlmasB/FXGL
11:44:50.784 [FXGL Background Thread 3 ] DEBUG Engine               - urlLeaderboard: http://fxgl-top.herokuapp.com/
11:44:50.784 [FXGL Background Thread 3 ] DEBUG Engine               - urlPOM: https://raw.githubusercontent.com/AlmasB/FXGL/release/README.md
11:44:50.785 [FXGL Background Thread 3 ] DEBUG Engine               - userAppClass: class com.arena.dual_arena.Main
11:44:50.785 [FXGL Background Thread 3 ] DEBUG Engine               - version: 1.0
11:44:50.785 [FXGL Background Thread 3 ] DEBUG Engine               - versionCheckDays: 7
11:44:50.785 [FXGL Background Thread 3 ] DEBUG Engine               - width: 1440
11:44:50.785 [FXGL Background Thread 3 ] DEBUG Engine               - Logging services
11:44:50.785 [FXGL Background Thread 3 ] DEBUG Engine               - class com.almasb.fxgl.app.services.FXGLAssetLoaderService
11:44:50.785 [FXGL Background Thread 3 ] DEBUG Engine               - class com.almasb.fxgl.app.FXGLApplication$GameApplicationService
11:44:50.785 [FXGL Background Thread 3 ] DEBUG Engine               - class com.almasb.fxgl.app.services.FXGLDialogService
11:44:50.785 [FXGL Background Thread 3 ] DEBUG Engine               - class com.almasb.fxgl.app.services.IOTaskExecutorService
11:44:50.785 [FXGL Background Thread 3 ] DEBUG Engine               - class com.almasb.fxgl.io.FileSystemService
11:44:50.786 [FXGL Background Thread 3 ] DEBUG Engine               - class com.almasb.fxgl.localization.LocalizationService
11:44:50.786 [FXGL Background Thread 3 ] DEBUG Engine               - class com.almasb.fxgl.app.services.SystemBundleService
11:44:50.786 [FXGL Background Thread 3 ] DEBUG Engine               - class com.almasb.fxgl.profile.SaveLoadService
11:44:50.786 [FXGL Background Thread 3 ] DEBUG Engine               - class com.almasb.fxgl.ui.FXGLUIFactoryServiceProvider
11:44:50.786 [FXGL Background Thread 3 ] DEBUG Engine               - class com.almasb.fxgl.ui.FXGLDialogFactoryServiceProvider
11:44:50.786 [FXGL Background Thread 3 ] DEBUG Engine               - class com.almasb.fxgl.audio.AudioPlayer
11:44:50.786 [FXGL Background Thread 3 ] DEBUG Engine               - class com.almasb.fxgl.notification.impl.NotificationServiceProvider
11:44:50.786 [FXGL Background Thread 3 ] DEBUG Engine               - class com.almasb.fxgl.achievement.AchievementService
11:44:50.786 [FXGL Background Thread 3 ] DEBUG Engine               - class com.almasb.fxgl.cutscene.CutsceneService
11:44:50.786 [FXGL Background Thread 3 ] DEBUG Engine               - class com.almasb.fxgl.minigames.MiniGameService
11:44:50.786 [FXGL Background Thread 3 ] DEBUG Engine               - class com.almasb.fxgl.net.NetService
11:44:50.786 [FXGL Background Thread 3 ] DEBUG Engine               - class com.almasb.fxgl.app.services.UpdaterService
11:44:50.786 [FXGL Background Thread 3 ] DEBUG Engine               - class com.almasb.fxgl.dev.DevService
11:45:03.048 [JavaFX Application Thread] DEBUG Menu                 - fireNewGame()
11:45:03.049 [JavaFX Application Thread] DEBUG GameApplicationServi - Starting new game
11:45:03.079 [JavaFX Application Thread] DEBUG PrimaryStageWindow   - Pop state: FXGLDefaultMenu
11:45:03.079 [JavaFX Application Thread] DEBUG Input                - Clearing active input actions
11:45:03.081 [JavaFX Application Thread] DEBUG GameApplicationServi - Removing overlay from FXGLDefaultMenu and adding to FXGLMainMenuDummyScene
11:45:03.088 [JavaFX Application Thread] DEBUG PrimaryStageWindow   - FXGLMainMenuDummyScene <- FXGLDefaultMenu
11:45:03.090 [JavaFX Application Thread] DEBUG Input                - Clearing active input actions
11:45:03.102 [JavaFX Application Thread] DEBUG GameApplicationServi - Removing overlay from FXGLMainMenuDummyScene and adding to FXGLLoadingScene
11:45:03.103 [JavaFX Application Thread] DEBUG PrimaryStageWindow   - FXGLMainMenuDummyScene -> FXGLLoadingScene
11:45:03.103 [JavaFX Application Thread] DEBUG GameApplicationServi - Clearing previous game
11:45:03.104 [JavaFX Application Thread] DEBUG GameScene            - Clearing game scene
11:45:03.104 [JavaFX Application Thread] DEBUG GameWorld            - Clearing game world
11:45:03.104 [JavaFX Application Thread] DEBUG PhysicsWorld         - Clearing physics world
11:45:03.107 [FXGL Background Thread 2 ] DEBUG FXGLApplication      - Initializing game
11:45:03.331 [FXGL Background Thread 2 ] WARN  TMXLevelLoader       - TiledMap generated from 1.11.0. Supported version: 1.9.0. Some features may not be parsed fully.
11:45:03.355 [FXGL Background Thread 2 ] DEBUG TMXLevelLoader       - Parsed TiledMap: file:/C:/Users/jaure/OneDrive/Documents/final/T-JAV-501-NAN_2/Dual_Arena/target/classes/assets/levels/arena.tmx
11:45:03.360 [FXGL Background Thread 2 ] DEBUG TMXLevelLoader       - Creating tile layer entities
11:45:03.368 [FXGL Background Thread 2 ] DEBUG TilesetLoader        - Loading view for layer Calque de Tuiles 1
11:45:03.371 [FXGL Background Thread 2 ] DEBUG TilesetLoader        - Created buffer with size 800.0x448.0
11:45:03.382 [FXGL Background Thread 2 ] DEBUG TMXLevelLoader       - Creating object layer entities
11:45:03.429 [FXGL Background Thread 2 ] DEBUG GameWorld            - Clearing removable entities
11:45:03.432 [FXGL Background Thread 2 ] DEBUG GameWorld            - Setting level: com.almasb.fxgl.entity.level.Level@3c74b25e
11:45:04.222 [FXGL Background Thread 2 ] DEBUG Input                - Registered new binding: Move Up1 - Z
11:45:04.223 [FXGL Background Thread 2 ] DEBUG Input                - Registered new binding: Move Down1 - S
11:45:04.224 [FXGL Background Thread 2 ] DEBUG Input                - Registered new binding: Move Left1 - Q
11:45:04.224 [FXGL Background Thread 2 ] DEBUG Input                - Registered new binding: Move Right1 - D
11:45:04.226 [FXGL Background Thread 2 ] DEBUG Input                - Registered new binding: PrimaryFire1 - Space
11:45:04.226 [FXGL Background Thread 2 ] DEBUG Input                - Registered new binding: SecondaryFire1 - C
11:45:04.228 [FXGL Background Thread 2 ] DEBUG Input                - Registered new binding: Drop Weapon1 - G
11:45:04.235 [FXGL Background Thread 2 ] DEBUG FXGLAssetLoaderServi - Loading from file system: file:/C:/Users/jaure/OneDrive/Documents/final/T-JAV-501-NAN_2/Dual_Arena/target/classes/assets/textures/player_idle_2.png
11:45:04.248 [FXGL Background Thread 2 ] DEBUG FXGLAssetLoaderServi - Loading from file system: file:/C:/Users/jaure/OneDrive/Documents/final/T-JAV-501-NAN_2/Dual_Arena/target/classes/assets/textures/player_walk_2.png
11:45:04.377 [FXGL Background Thread 2 ] DEBUG Input                - Registered new binding: Move Up2 - Up
11:45:04.377 [FXGL Background Thread 2 ] DEBUG Input                - Registered new binding: Move Down2 - Down
11:45:04.378 [FXGL Background Thread 2 ] DEBUG Input                - Registered new binding: Move Left2 - Left
11:45:04.378 [FXGL Background Thread 2 ] DEBUG Input                - Registered new binding: Move Right2 - Right
11:45:04.378 [FXGL Background Thread 2 ] DEBUG Input                - Registered new binding: PrimaryFire2 - Page Up
11:45:04.378 [FXGL Background Thread 2 ] DEBUG Input                - Registered new binding: SecondaryFire2 - Page Down
11:45:04.378 [FXGL Background Thread 2 ] DEBUG Input                - Registered new binding: Drop Weapon2 - M
11:45:04.386 [FXGL Background Thread 2 ] DEBUG FXGLAssetLoaderServi - Loading from file system: file:/C:/Users/jaure/OneDrive/Documents/final/T-JAV-501-NAN_2/Dual_Arena/target/classes/assets/textures/DEagle_0.png
11:45:04.559 [FXGL Background Thread 2 ] INFO  FXGLApplication      - Game initialization took: 1,444 sec
11:45:04.564 [JavaFX Application Thread] DEBUG Input                - Clearing active input actions
11:45:04.590 [JavaFX Application Thread] DEBUG GameApplicationServi - Removing overlay from FXGLLoadingScene and adding to GameScene
11:45:04.601 [JavaFX Application Thread] DEBUG PrimaryStageWindow   - FXGLLoadingScene -> GameScene
11:45:06.453 [JavaFX Application Thread] DEBUG FXGLAssetLoaderServi - Loading from file system: file:/C:/Users/jaure/OneDrive/Documents/final/T-JAV-501-NAN_2/Dual_Arena/target/classes/assets/sounds/gun_shot.wav
11:45:06.487 [JavaFX Application Thread] DEBUG FXGLAssetLoaderServi - Loading from file system: file:/C:/Users/jaure/OneDrive/Documents/final/T-JAV-501-NAN_2/Dual_Arena/target/classes/assets/textures/bullet.png
11:45:08.494 [JavaFX Application Thread] DEBUG FXGLAssetLoaderServi - Loading from file system: file:/C:/Users/jaure/OneDrive/Documents/final/T-JAV-501-NAN_2/Dual_Arena/target/classes/assets/textures/explosion.png
11:45:08.529 [JavaFX Application Thread] DEBUG FXGLAssetLoaderServi - Loading from file system: file:/C:/Users/jaure/OneDrive/Documents/final/T-JAV-501-NAN_2/Dual_Arena/target/classes/assets/sounds/hazard_explosion.wav
11:45:11.967 [JavaFX Application Thread] DEBUG PrimaryStageWindow   - Push state: DialogSubScene
11:45:11.967 [JavaFX Application Thread] DEBUG Input                - Clearing active input actions
11:45:11.968 [JavaFX Application Thread] DEBUG GameApplicationServi - Removing overlay from GameScene and adding to DialogSubScene
11:45:11.968 [JavaFX Application Thread] DEBUG PrimaryStageWindow   - GameScene -> DialogSubScene
11:45:29.654 [JavaFX Application Thread] DEBUG PrimaryStageWindow   - Pop state: DialogSubScene
11:45:29.654 [JavaFX Application Thread] DEBUG Input                - Clearing active input actions
11:45:29.654 [JavaFX Application Thread] DEBUG GameApplicationServi - Removing overlay from DialogSubScene and adding to GameScene
11:45:29.656 [JavaFX Application Thread] DEBUG PrimaryStageWindow   - GameScene <- DialogSubScene
11:45:29.656 [JavaFX Application Thread] DEBUG AudioPlayer          - Stopping music com.almasb.fxgl.audio.Music@78603625
11:45:29.658 [JavaFX Application Thread] DEBUG AudioPlayer          - Playing music com.almasb.fxgl.audio.Music@5c7e68b0
11:45:29.660 [JavaFX Application Thread] WARN  GameWorld            - Attempted to remove entity which is not active
11:45:29.663 [JavaFX Application Thread] WARN  GameWorld            - Attempted to remove entity which is not active
11:45:30.656 [JavaFX Application Thread] DEBUG PrimaryStageWindow   - Push state: DialogSubScene
11:45:30.657 [JavaFX Application Thread] DEBUG Input                - Clearing active input actions
11:45:30.657 [JavaFX Application Thread] DEBUG GameApplicationServi - Removing overlay from GameScene and adding to DialogSubScene
11:45:30.659 [JavaFX Application Thread] DEBUG PrimaryStageWindow   - GameScene -> DialogSubScene
11:45:32.798 [JavaFX Application Thread] DEBUG PrimaryStageWindow   - Pop state: DialogSubScene
11:45:32.798 [JavaFX Application Thread] DEBUG Input                - Clearing active input actions
11:45:32.799 [JavaFX Application Thread] DEBUG GameApplicationServi - Removing overlay from DialogSubScene and adding to GameScene
11:45:32.800 [JavaFX Application Thread] DEBUG PrimaryStageWindow   - GameScene <- DialogSubScene
11:45:32.800 [JavaFX Application Thread] DEBUG AudioPlayer          - Stopping music com.almasb.fxgl.audio.Music@5c7e68b0
11:45:32.801 [JavaFX Application Thread] DEBUG AudioPlayer          - Playing music com.almasb.fxgl.audio.Music@78603625
11:45:32.801 [JavaFX Application Thread] WARN  GameWorld            - Attempted to remove entity which is not active
11:45:32.803 [JavaFX Application Thread] WARN  GameWorld            - Attempted to remove entity which is not active
11:45:40.064 [JavaFX Application Thread] DEBUG FXGLAssetLoaderServi - Loading from file system: file:/C:/Users/jaure/OneDrive/Documents/final/T-JAV-501-NAN_2/Dual_Arena/target/classes/assets/textures/AWP_00.png
11:45:42.573 [JavaFX Application Thread] DEBUG FXGLAssetLoaderServi - Loading from file system: file:/C:/Users/jaure/OneDrive/Documents/final/T-JAV-501-NAN_2/Dual_Arena/target/classes/assets/sounds/sniper_shot.wav
11:45:52.367 [JavaFX Application Thread] DEBUG PrimaryStageWindow   - Push state: DialogSubScene
11:45:52.367 [JavaFX Application Thread] DEBUG Input                - Clearing active input actions
11:45:52.367 [JavaFX Application Thread] DEBUG GameApplicationServi - Removing overlay from GameScene and adding to DialogSubScene
11:45:52.368 [JavaFX Application Thread] DEBUG PrimaryStageWindow   - GameScene -> DialogSubScene
11:45:58.048 [JavaFX Application Thread] DEBUG PrimaryStageWindow   - Pop state: DialogSubScene
11:45:58.048 [JavaFX Application Thread] DEBUG Input                - Clearing active input actions
11:45:58.049 [JavaFX Application Thread] DEBUG GameApplicationServi - Removing overlay from DialogSubScene and adding to GameScene
11:45:58.049 [JavaFX Application Thread] DEBUG PrimaryStageWindow   - GameScene <- DialogSubScene
11:45:58.049 [JavaFX Application Thread] DEBUG AudioPlayer          - Stopping music com.almasb.fxgl.audio.Music@78603625
11:45:58.050 [JavaFX Application Thread] DEBUG AudioPlayer          - Playing music com.almasb.fxgl.audio.Music@5c7e68b0
11:45:58.051 [JavaFX Application Thread] WARN  GameWorld            - Attempted to remove entity which is not active
11:45:58.052 [JavaFX Application Thread] WARN  GameWorld            - Attempted to remove entity which is not active
11:46:00.881 [JavaFX Application Thread] DEBUG FXGLAssetLoaderServi - Loading from file system: file:/C:/Users/jaure/OneDrive/Documents/final/T-JAV-501-NAN_2/Dual_Arena/target/classes/assets/textures/Six12SD_0.png
11:46:04.334 [JavaFX Application Thread] DEBUG FXGLAssetLoaderServi - Loading from file system: file:/C:/Users/jaure/OneDrive/Documents/final/T-JAV-501-NAN_2/Dual_Arena/target/classes/assets/sounds/rocket_blast.wav
11:46:04.349 [JavaFX Application Thread] DEBUG FXGLAssetLoaderServi - Loading from file system: file:/C:/Users/jaure/OneDrive/Documents/final/T-JAV-501-NAN_2/Dual_Arena/target/classes/assets/textures/rocket.png
11:46:05.838 [JavaFX Application Thread] DEBUG PrimaryStageWindow   - Push state: DialogSubScene
11:46:05.838 [JavaFX Application Thread] DEBUG Input                - Clearing active input actions
11:46:05.839 [JavaFX Application Thread] DEBUG GameApplicationServi - Removing overlay from GameScene and adding to DialogSubScene
11:46:05.839 [JavaFX Application Thread] DEBUG PrimaryStageWindow   - GameScene -> DialogSubScene
11:46:09.465 [JavaFX Application Thread] DEBUG PrimaryStageWindow   - Pop state: DialogSubScene
11:46:09.465 [JavaFX Application Thread] DEBUG Input                - Clearing active input actions
11:46:09.466 [JavaFX Application Thread] DEBUG GameApplicationServi - Removing overlay from DialogSubScene and adding to GameScene
11:46:09.468 [JavaFX Application Thread] DEBUG PrimaryStageWindow   - GameScene <- DialogSubScene
11:46:09.468 [JavaFX Application Thread] DEBUG AudioPlayer          - Stopping music com.almasb.fxgl.audio.Music@5c7e68b0
11:46:09.507 [JavaFX Application Thread] DEBUG AudioPlayer          - Playing music com.almasb.fxgl.audio.Music@5c7e68b0
11:46:09.508 [JavaFX Application Thread] WARN  GameWorld            - Attempted to remove entity which is not active
11:46:09.509 [JavaFX Application Thread] WARN  GameWorld            - Attempted to remove entity which is not active
11:46:13.773 [JavaFX Application Thread] DEBUG FXGLAssetLoaderServi - Loading from file system: file:/C:/Users/jaure/OneDrive/Documents/final/T-JAV-501-NAN_2/Dual_Arena/target/classes/assets/textures/fireball.png
11:46:14.898 [JavaFX Application Thread] DEBUG FXGLAssetLoaderServi - Loading from file system: file:/C:/Users/jaure/OneDrive/Documents/final/T-JAV-501-NAN_2/Dual_Arena/target/classes/assets/textures/reversed_bullet.png
11:46:32.158 [JavaFX Application Thread] DEBUG PrimaryStageWindow   - Push state: DialogSubScene
11:46:32.158 [JavaFX Application Thread] DEBUG Input                - Clearing active input actions
11:46:32.159 [JavaFX Application Thread] DEBUG GameApplicationServi - Removing overlay from GameScene and adding to DialogSubScene
11:46:32.160 [JavaFX Application Thread] DEBUG PrimaryStageWindow   - GameScene -> DialogSubScene
11:46:36.130 [JavaFX Application Thread] DEBUG PrimaryStageWindow   - Pop state: DialogSubScene
11:46:36.130 [JavaFX Application Thread] DEBUG Input                - Clearing active input actions
11:46:36.131 [JavaFX Application Thread] DEBUG GameApplicationServi - Removing overlay from DialogSubScene and adding to GameScene
11:46:36.131 [JavaFX Application Thread] DEBUG PrimaryStageWindow   - GameScene <- DialogSubScene
11:46:36.131 [JavaFX Application Thread] DEBUG AudioPlayer          - Stopping music com.almasb.fxgl.audio.Music@5c7e68b0
11:46:36.166 [JavaFX Application Thread] DEBUG AudioPlayer          - Playing music com.almasb.fxgl.audio.Music@78603625
11:46:36.167 [JavaFX Application Thread] WARN  GameWorld            - Attempted to remove entity which is not active
11:46:36.169 [JavaFX Application Thread] WARN  GameWorld            - Attempted to remove entity which is not active
11:46:43.247 [JavaFX Application Thread] DEBUG PrimaryStageWindow   - Push state: DialogSubScene
11:46:43.247 [JavaFX Application Thread] DEBUG Input                - Clearing active input actions
11:46:43.248 [JavaFX Application Thread] DEBUG GameApplicationServi - Removing overlay from GameScene and adding to DialogSubScene
11:46:43.250 [JavaFX Application Thread] DEBUG PrimaryStageWindow   - GameScene -> DialogSubScene
11:46:44.898 [JavaFX Application Thread] DEBUG PrimaryStageWindow   - Pop state: DialogSubScene
11:46:44.898 [JavaFX Application Thread] DEBUG Input                - Clearing active input actions
11:46:44.899 [JavaFX Application Thread] DEBUG GameApplicationServi - Removing overlay from DialogSubScene and adding to GameScene
11:46:44.899 [JavaFX Application Thread] DEBUG PrimaryStageWindow   - GameScene <- DialogSubScene
11:46:44.899 [JavaFX Application Thread] DEBUG AudioPlayer          - Stopping music com.almasb.fxgl.audio.Music@78603625
11:46:44.901 [JavaFX Application Thread] DEBUG AudioPlayer          - Playing music com.almasb.fxgl.audio.Music@78603625
11:46:44.901 [JavaFX Application Thread] WARN  GameWorld            - Attempted to remove entity which is not active
11:46:44.902 [JavaFX Application Thread] WARN  GameWorld            - Attempted to remove entity which is not active
11:46:50.925 [JavaFX Application Thread] DEBUG PrimaryStageWindow   - Push state: DialogSubScene
11:46:50.926 [JavaFX Application Thread] DEBUG Input                - Clearing active input actions
11:46:50.927 [JavaFX Application Thread] DEBUG GameApplicationServi - Removing overlay from GameScene and adding to DialogSubScene
11:46:50.928 [JavaFX Application Thread] DEBUG PrimaryStageWindow   - GameScene -> DialogSubScene
11:46:56.998 [JavaFX Application Thread] DEBUG PrimaryStageWindow   - Pop state: DialogSubScene
11:46:56.998 [JavaFX Application Thread] DEBUG Input                - Clearing active input actions
11:46:56.999 [JavaFX Application Thread] DEBUG GameApplicationServi - Removing overlay from DialogSubScene and adding to GameScene
11:46:56.999 [JavaFX Application Thread] DEBUG PrimaryStageWindow   - GameScene <- DialogSubScene
11:46:56.999 [JavaFX Application Thread] DEBUG AudioPlayer          - Stopping music com.almasb.fxgl.audio.Music@78603625
11:46:57.000 [JavaFX Application Thread] DEBUG AudioPlayer          - Playing music com.almasb.fxgl.audio.Music@78603625
11:46:57.001 [JavaFX Application Thread] WARN  GameWorld            - Attempted to remove entity which is not active
11:46:57.002 [JavaFX Application Thread] WARN  GameWorld            - Attempted to remove entity which is not active
11:46:59.329 [JavaFX Application Thread] DEBUG PrimaryStageWindow   - Push state: DialogSubScene
11:46:59.329 [JavaFX Application Thread] DEBUG Input                - Clearing active input actions
11:46:59.330 [JavaFX Application Thread] DEBUG GameApplicationServi - Removing overlay from GameScene and adding to DialogSubScene
11:46:59.331 [JavaFX Application Thread] DEBUG PrimaryStageWindow   - GameScene -> DialogSubScene
11:47:02.922 [JavaFX Application Thread] DEBUG PrimaryStageWindow   - Pop state: DialogSubScene
11:47:02.922 [JavaFX Application Thread] DEBUG Input                - Clearing active input actions
11:47:02.922 [JavaFX Application Thread] DEBUG GameApplicationServi - Removing overlay from DialogSubScene and adding to GameScene
11:47:02.924 [JavaFX Application Thread] DEBUG PrimaryStageWindow   - GameScene <- DialogSubScene
11:47:02.924 [JavaFX Application Thread] DEBUG AudioPlayer          - Stopping music com.almasb.fxgl.audio.Music@78603625
11:47:02.924 [JavaFX Application Thread] DEBUG AudioPlayer          - Playing music com.almasb.fxgl.audio.Music@5c7e68b0
11:47:02.924 [JavaFX Application Thread] WARN  GameWorld            - Attempted to remove entity which is not active
11:47:02.926 [JavaFX Application Thread] WARN  GameWorld            - Attempted to remove entity which is not active
11:47:03.663 [JavaFX Application Thread] DEBUG PrimaryStageWindow   - Push state: DialogSubScene
11:47:03.663 [JavaFX Application Thread] DEBUG Input                - Clearing active input actions
11:47:03.664 [JavaFX Application Thread] DEBUG GameApplicationServi - Removing overlay from GameScene and adding to DialogSubScene
11:47:03.666 [JavaFX Application Thread] DEBUG PrimaryStageWindow   - GameScene -> DialogSubScene
11:47:06.861 [JavaFX Application Thread] DEBUG FXGLApplication      - Exiting FXGL
11:47:06.861 [JavaFX Application Thread] DEBUG LoopRunner           - Stopping loop
11:47:06.861 [JavaFX Application Thread] DEBUG SystemBundleService  - Saving FXGL system data
11:47:06.927 [JavaFX Application Thread] DEBUG FileSystemAccess     - Writing to: C:\Users\jaure\OneDrive\Documents\final\T-JAV-501-NAN_2\system\fxgl.bundle
11:47:06.929 [JavaFX Application Thread] DEBUG Async                - Shutting down background threads
11:47:06.930 [JavaFX Application Thread] DEBUG PrimaryStageWindow   - Closing main window
11:47:06.985 [JavaFX Application Thread] DEBUG Logger               - Closing Logger
