17:54:31.651 [main                     ] DEBUG Logger               - Configured Logger
17:54:31.737 [main                     ] DEBUG GameApplication      - Logging settings
Title: Dual Arena
Version: 1.0
Width: 1440
Height: 810
Fullscreen: true
Intro: false
Profiling: false
Single step:false
App Mode: DEBUG
Menu Key: ESCAPE
Stage Style: DECORATED
Scene Factory: class com.almasb.fxgl.app.scene.SceneFactory

17:54:32.772 [JavaFX Application Thread] DEBUG FXGLApplication      - Initializing FXGL
17:54:32.781 [JavaFX Application Thread] INFO  Engine               - FXGL-21.1 (27.03.2024 07.52) on WINDOWS (J:23.0.1 FX:21)
17:54:32.782 [JavaFX Application Thread] DEBUG Engine               - JRE Vendor Name: Oracle Corporation
17:54:32.782 [JavaFX Application Thread] DEBUG Engine               - Running on OS: Windows 11 version 10.0
17:54:32.782 [JavaFX Application Thread] DEBUG Engine               - Architecture: amd64
17:54:32.782 [JavaFX Application Thread] INFO  Engine               - Source code and latest versions at: https://github.com/AlmasB/FXGL
17:54:32.783 [JavaFX Application Thread] INFO  Engine               -       Ask questions and discuss at: https://github.com/AlmasB/FXGL/discussions
17:54:32.783 [JavaFX Application Thread] INFO  Engine               -              Join the FXGL chat at: https://gitter.im/AlmasB/FXGL
17:54:33.003 [JavaFX Application Thread] DEBUG PrimaryStageWindow   - Creating a JavaFX scene
17:54:33.097 [JavaFX Application Thread] DEBUG PrimaryStageWindow   - Target settings size: 1440.0 x 810.0
17:54:33.098 [JavaFX Application Thread] DEBUG PrimaryStageWindow   - Scaled scene size:    1440.0 x 810.0
17:54:33.098 [JavaFX Application Thread] DEBUG PrimaryStageWindow   - Scaled ratio: (1.0, 1.0)
17:54:33.100 [JavaFX Application Thread] DEBUG PrimaryStageWindow   - Set initial scene to FXGLStartupScene
17:54:33.107 [JavaFX Application Thread] DEBUG PrimaryStageWindow   - Opening main window
17:54:33.321 [JavaFX Application Thread] DEBUG PrimaryStageWindow   - Window border size: (16.0, 39.0)
17:54:33.322 [JavaFX Application Thread] DEBUG PrimaryStageWindow   - Scaled size: 1440.0 x 810.0
17:54:33.324 [JavaFX Application Thread] DEBUG PrimaryStageWindow   - Scaled ratio: (1.0, 1.0)
17:54:33.325 [JavaFX Application Thread] DEBUG PrimaryStageWindow   - Scene size: 1440.0 x 810.0
17:54:33.326 [JavaFX Application Thread] DEBUG PrimaryStageWindow   - Stage size: 1456.0 x 849.0
17:54:33.349 [FXGL Background Thread 1 ] DEBUG Engine               - Initializing environment variables
17:54:33.480 [FXGL Background Thread 1 ] DEBUG FXGLAssetLoaderServi - User app class for loading assets: class com.arena.dual_arena.Main
17:54:33.482 [FXGL Background Thread 1 ] DEBUG GameApplicationServi - Applying CSS: fxgl_dark.css
17:54:33.486 [FXGL Background Thread 1 ] DEBUG FXGLAssetLoaderServi - Loading from file system: jar:file:///C:/Users/jaure/.m2/repository/com/github/almasb/fxgl/21.1/fxgl-21.1.jar!/fxglassets/ui/css/fxgl_dark.css
17:54:33.580 [FXGL Background Thread 1 ] DEBUG GameApplicationServi - Initializing application scenes
17:54:33.672 [FXGL Background Thread 1 ] DEBUG GameWorld            - Game world initialized
17:54:33.805 [FXGL Background Thread 1 ] DEBUG PhysicsWorld         - Physics world initialized: appHeight=810, physics.ppm=50,0
17:54:33.806 [FXGL Background Thread 1 ] DEBUG PhysicsWorld         - Using strategy: BRUTE_FORCE
17:54:33.814 [FXGL Background Thread 1 ] DEBUG GameScene            - Game scene initialized: 1440x810
17:54:33.847 [FXGL Background Thread 1 ] DEBUG FXGL.DefaultMenu     - createMenuBodyMainMenu()
17:54:33.882 [FXGL Background Thread 1 ] DEBUG FXGL.DefaultMenu     - createOptionsMenu()
17:54:33.908 [FXGL Background Thread 1 ] DEBUG FXGLAssetLoaderServi - Loading from file system: jar:file:///C:/Users/jaure/.m2/repository/com/github/almasb/fxgl/21.1/fxgl-21.1.jar!/fxglassets/textures/particles/smoke.png
17:54:34.110 [FXGL Background Thread 1 ] DEBUG FXGLAssetLoaderServi - Loading from file system: jar:file:///C:/Users/jaure/.m2/repository/com/github/almasb/fxgl/21.1/fxgl-21.1.jar!/fxglassets/textures/particles/trace_horizontal.png
17:54:34.142 [FXGL Background Thread 1 ] DEBUG FXGL.DefaultMenu     - createMenuBodyGameMenu()
17:54:34.145 [FXGL Background Thread 1 ] DEBUG FXGL.DefaultMenu     - createOptionsMenu()
17:54:34.170 [FXGL Background Thread 1 ] DEBUG GameApplicationServi - Application scenes initialized
17:54:34.204 [FXGL Background Thread 1 ] DEBUG SystemBundleService  - Loading FXGL system data
17:54:34.208 [FXGL Background Thread 1 ] DEBUG FileSystemAccess     - Reading from: C:\Users\jaure\OneDrive\Documents\final\T-JAV-501-NAN_2\system\fxgl.bundle
17:54:34.213 [FXGL Background Thread 1 ] DEBUG SystemBundleService  - Bundle FXGL: {}
17:54:34.213 [FXGL Background Thread 1 ] DEBUG UpdaterService       - Checking for updates
17:54:34.291 [FXGL Background Thread 4 ] DEBUG FXGLApplication      - Loading fonts
17:54:34.292 [FXGL Background Thread 1 ] DEBUG FXGLApplication      - Loading default localization
17:54:34.292 [FXGL Background Thread 4 ] DEBUG FXGLAssetLoaderServi - Loading from file system: jar:file:///C:/Users/jaure/.m2/repository/com/github/almasb/fxgl/21.1/fxgl-21.1.jar!/fxglassets/ui/fonts/VarelaRound-Regular.ttf
17:54:34.294 [FXGL Background Thread 1 ] DEBUG FXGLAssetLoaderServi - Loading from file system: jar:file:///C:/Users/jaure/.m2/repository/com/github/almasb/fxgl/21.1/fxgl-21.1.jar!/fxglassets/languages/english.lang
17:54:34.313 [FXGL Background Thread 4 ] DEBUG FXGLAssetLoaderServi - Loading from file system: jar:file:///C:/Users/jaure/.m2/repository/com/github/almasb/fxgl/21.1/fxgl-21.1.jar!/fxglassets/ui/fonts/Abel-Regular.ttf
17:54:34.323 [FXGL Background Thread 4 ] DEBUG FXGLAssetLoaderServi - Loading from file system: jar:file:///C:/Users/jaure/.m2/repository/com/github/almasb/fxgl/21.1/fxgl-21.1.jar!/fxglassets/ui/fonts/TerminalLandMono-Regular.otf
17:54:34.335 [FXGL Background Thread 4 ] DEBUG FXGLAssetLoaderServi - Loading from file system: jar:file:///C:/Users/jaure/.m2/repository/com/github/almasb/fxgl/21.1/fxgl-21.1.jar!/fxglassets/ui/fonts/Courier-Prime.ttf
17:54:34.336 [FXGL Background Thread 1 ] INFO  FXGLApplication      - FXGL initialization took: 0,986 sec
17:54:34.340 [JavaFX Application Thread] DEBUG FXGLAssetLoaderServi - Loading from file system: file:/C:/Users/jaure/OneDrive/Documents/final/T-JAV-501-NAN_2/Dual_Arena/target/classes/assets/music/music_1.mp3
17:54:34.698 [JavaFX Application Thread] DEBUG FXGLAssetLoaderServi - Loading from file system: file:/C:/Users/jaure/OneDrive/Documents/final/T-JAV-501-NAN_2/Dual_Arena/target/classes/assets/music/music_2.mp3
17:54:34.715 [JavaFX Application Thread] DEBUG AudioPlayer          - Playing music com.almasb.fxgl.audio.Music@53d87ba7
17:54:34.717 [JavaFX Application Thread] DEBUG FXGLAssetLoaderServi - Loading from file system: jar:file:///C:/Users/jaure/.m2/repository/com/github/almasb/fxgl/21.1/fxgl-21.1.jar!/fxglassets/textures/fxgl_icon.png
17:54:34.746 [JavaFX Application Thread] DEBUG FXGLAssetLoaderServi - Loading from file system: jar:file:///C:/Users/jaure/.m2/repository/com/github/almasb/fxgl/21.1/fxgl-21.1.jar!/fxglassets/textures/fxgl_default_cursor.png
17:54:34.765 [JavaFX Application Thread] DEBUG Input                - Registered new binding: Screenshot - CTRL+8
17:54:34.766 [JavaFX Application Thread] DEBUG Input                - Registered new binding: Dev Options - 1
17:54:34.767 [JavaFX Application Thread] DEBUG Input                - Registered new binding: Dev Console - 2
17:54:34.769 [JavaFX Application Thread] DEBUG Input                - Registered new binding: System info dump - CTRL+9
17:54:34.770 [JavaFX Application Thread] DEBUG Input                - Registered new binding: Restart - CTRL+R
17:54:34.771 [JavaFX Application Thread] DEBUG Input                - Registered new binding: Toggle Debug Camera - CTRL+7
17:54:34.780 [JavaFX Application Thread] DEBUG LoopRunner           - Starting loop
17:54:34.809 [JavaFX Application Thread] DEBUG LoopRunner           - Initializing JavaFX AnimationTimerLoop
17:54:34.815 [JavaFX Application Thread] DEBUG Input                - Clearing active input actions
17:54:34.833 [JavaFX Application Thread] DEBUG GameApplicationServi - Removing overlay from FXGLStartupScene and adding to FXGLMainMenuDummyScene
17:54:34.839 [JavaFX Application Thread] DEBUG PrimaryStageWindow   - FXGLStartupScene -> FXGLMainMenuDummyScene
17:54:34.839 [JavaFX Application Thread] DEBUG PrimaryStageWindow   - Push state: FXGLDefaultMenu
17:54:34.847 [JavaFX Application Thread] DEBUG Input                - Clearing active input actions
17:54:34.861 [JavaFX Application Thread] DEBUG GameApplicationServi - Removing overlay from FXGLMainMenuDummyScene and adding to FXGLDefaultMenu
17:54:34.862 [JavaFX Application Thread] DEBUG PrimaryStageWindow   - FXGLMainMenuDummyScene -> FXGLDefaultMenu
17:54:34.863 [JavaFX Application Thread] DEBUG FXGLApplication      - Registering font factories with UI factory
17:54:37.288 [FXGL Background Thread 3 ] DEBUG Engine               - Logging environment variables
17:54:37.289 [FXGL Background Thread 3 ] DEBUG Engine               - achievements: []
17:54:37.289 [FXGL Background Thread 3 ] DEBUG Engine               - actualHeight: 810.0
17:54:37.290 [FXGL Background Thread 3 ] DEBUG Engine               - actualHeightProperty: ReadOnlyDoubleProperty [value: 810.0]
17:54:37.290 [FXGL Background Thread 3 ] DEBUG Engine               - actualWidth: 1440.0
17:54:37.290 [FXGL Background Thread 3 ] DEBUG Engine               - actualWidthProperty: ReadOnlyDoubleProperty [value: 1440.0]
17:54:37.290 [FXGL Background Thread 3 ] DEBUG Engine               - appIcon: fxgl_icon.png
17:54:37.290 [FXGL Background Thread 3 ] DEBUG Engine               - applicationMode: DEBUG
17:54:37.290 [FXGL Background Thread 3 ] DEBUG Engine               - cSSList: [fxgl_dark.css]
17:54:37.291 [FXGL Background Thread 3 ] DEBUG Engine               - collisionDetectionStrategy: BRUTE_FORCE
17:54:37.291 [FXGL Background Thread 3 ] DEBUG Engine               - configClass: Optional.empty
17:54:37.291 [FXGL Background Thread 3 ] DEBUG Engine               - credits: []
17:54:37.292 [FXGL Background Thread 3 ] DEBUG Engine               - defaultCursor: CursorInfo(imageName=fxgl_default_cursor.png, hotspotX=7.0, hotspotY=6.0)
17:54:37.293 [FXGL Background Thread 3 ] DEBUG Engine               - devBBoxColorProperty: ObjectProperty [value: 0xff0000ff]
17:54:37.293 [FXGL Background Thread 3 ] DEBUG Engine               - devEnableDebugCameraProperty: BooleanProperty [value: false]
17:54:37.294 [FXGL Background Thread 3 ] DEBUG Engine               - devSensorColorProperty: ObjectProperty [value: 0xffff00ff]
17:54:37.294 [FXGL Background Thread 3 ] DEBUG Engine               - devShowBBoxProperty: BooleanProperty [value: false]
17:54:37.294 [FXGL Background Thread 3 ] DEBUG Engine               - devShowPositionProperty: BooleanProperty [value: false]
17:54:37.294 [FXGL Background Thread 3 ] DEBUG Engine               - enabledMenuItems: []
17:54:37.294 [FXGL Background Thread 3 ] DEBUG Engine               - engineServices: [class com.almasb.fxgl.app.services.FXGLAssetLoaderService, class com.almasb.fxgl.app.FXGLApplication$GameApplicationService, class com.almasb.fxgl.app.services.FXGLDialogService, class com.almasb.fxgl.app.services.IOTaskExecutorService, class com.almasb.fxgl.io.FileSystemService, class com.almasb.fxgl.localization.LocalizationService, class com.almasb.fxgl.app.services.SystemBundleService, class com.almasb.fxgl.profile.SaveLoadService, class com.almasb.fxgl.ui.FXGLUIFactoryServiceProvider, class com.almasb.fxgl.ui.FXGLDialogFactoryServiceProvider, class com.almasb.fxgl.audio.AudioPlayer, class com.almasb.fxgl.notification.impl.NotificationServiceProvider, class com.almasb.fxgl.achievement.AchievementService, class com.almasb.fxgl.cutscene.CutsceneService, class com.almasb.fxgl.minigames.MiniGameService, class com.almasb.fxgl.net.NetService, class com.almasb.fxgl.app.services.UpdaterService, class com.almasb.fxgl.dev.DevService]
17:54:37.294 [FXGL Background Thread 3 ] DEBUG Engine               - fontGame: Abel-Regular.ttf
17:54:37.294 [FXGL Background Thread 3 ] DEBUG Engine               - fontMono: TerminalLandMono-Regular.otf
17:54:37.294 [FXGL Background Thread 3 ] DEBUG Engine               - fontSizeScaleUI: 1.0
17:54:37.294 [FXGL Background Thread 3 ] DEBUG Engine               - fontText: Courier-Prime.ttf
17:54:37.294 [FXGL Background Thread 3 ] DEBUG Engine               - fontUI: VarelaRound-Regular.ttf
17:54:37.294 [FXGL Background Thread 3 ] DEBUG Engine               - fullScreen: BooleanProperty [value: false]
17:54:37.294 [FXGL Background Thread 3 ] DEBUG Engine               - gameDifficulty: MEDIUM
17:54:37.296 [FXGL Background Thread 3 ] DEBUG Engine               - gameDifficultyProperty: ObjectProperty [value: MEDIUM]
17:54:37.296 [FXGL Background Thread 3 ] DEBUG Engine               - globalMusicVolume: 0.5
17:54:37.296 [FXGL Background Thread 3 ] DEBUG Engine               - globalMusicVolumeProperty: DoubleProperty [value: 0.25]
17:54:37.296 [FXGL Background Thread 3 ] DEBUG Engine               - globalSoundVolume: 0.5
17:54:37.296 [FXGL Background Thread 3 ] DEBUG Engine               - globalSoundVolumeProperty: DoubleProperty [value: 0.5]
17:54:37.296 [FXGL Background Thread 3 ] DEBUG Engine               - height: 810
17:54:37.296 [FXGL Background Thread 3 ] DEBUG Engine               - is3D: false
17:54:37.296 [FXGL Background Thread 3 ] DEBUG Engine               - isAndroid: false
17:54:37.297 [FXGL Background Thread 3 ] DEBUG Engine               - isBrowser: false
17:54:37.297 [FXGL Background Thread 3 ] DEBUG Engine               - isClickFeedbackEnabled: false
17:54:37.297 [FXGL Background Thread 3 ] DEBUG Engine               - isCloseConfirmation: false
17:54:37.297 [FXGL Background Thread 3 ] DEBUG Engine               - isDesktop: true
17:54:37.297 [FXGL Background Thread 3 ] DEBUG Engine               - isDeveloperMenuEnabled: true
17:54:37.297 [FXGL Background Thread 3 ] DEBUG Engine               - isEmbedded: false
17:54:37.297 [FXGL Background Thread 3 ] DEBUG Engine               - isEntityPreloadEnabled: true
17:54:37.297 [FXGL Background Thread 3 ] DEBUG Engine               - isExperimentalTiledLargeMap: false
17:54:37.297 [FXGL Background Thread 3 ] DEBUG Engine               - isFileSystemWriteAllowed: true
17:54:37.297 [FXGL Background Thread 3 ] DEBUG Engine               - isFullScreenAllowed: true
17:54:37.298 [FXGL Background Thread 3 ] DEBUG Engine               - isFullScreenFromStart: false
17:54:37.298 [FXGL Background Thread 3 ] DEBUG Engine               - isGameMenuEnabled: true
17:54:37.298 [FXGL Background Thread 3 ] DEBUG Engine               - isIOS: false
17:54:37.298 [FXGL Background Thread 3 ] DEBUG Engine               - isIntroEnabled: false
17:54:37.298 [FXGL Background Thread 3 ] DEBUG Engine               - isLinux: false
17:54:37.298 [FXGL Background Thread 3 ] DEBUG Engine               - isMac: false
17:54:37.298 [FXGL Background Thread 3 ] DEBUG Engine               - isMainMenuEnabled: true
17:54:37.298 [FXGL Background Thread 3 ] DEBUG Engine               - isManualResizeEnabled: false
17:54:37.299 [FXGL Background Thread 3 ] DEBUG Engine               - isMobile: false
17:54:37.299 [FXGL Background Thread 3 ] DEBUG Engine               - isNative: false
17:54:37.299 [FXGL Background Thread 3 ] DEBUG Engine               - isPauseMusicWhenMinimized: true
17:54:37.300 [FXGL Background Thread 3 ] DEBUG Engine               - isPreserveResizeRatio: false
17:54:37.300 [FXGL Background Thread 3 ] DEBUG Engine               - isProfilingEnabled: false
17:54:37.300 [FXGL Background Thread 3 ] DEBUG Engine               - isScaleAffectedOnResize: true
17:54:37.300 [FXGL Background Thread 3 ] DEBUG Engine               - isSingleStep: false
17:54:37.300 [FXGL Background Thread 3 ] DEBUG Engine               - isUserProfileEnabled: false
17:54:37.300 [FXGL Background Thread 3 ] DEBUG Engine               - isWindows: true
17:54:37.300 [FXGL Background Thread 3 ] DEBUG Engine               - language: ObjectProperty [value: ENGLISH]
17:54:37.300 [FXGL Background Thread 3 ] DEBUG Engine               - menuKey: ESCAPE
17:54:37.300 [FXGL Background Thread 3 ] DEBUG Engine               - mouseSensitivity: 0.2
17:54:37.301 [FXGL Background Thread 3 ] DEBUG Engine               - notificationViewClass: class com.almasb.fxgl.notification.view.XboxNotificationView
17:54:37.301 [FXGL Background Thread 3 ] DEBUG Engine               - pixelsPerMeter: 50.0
17:54:37.301 [FXGL Background Thread 3 ] DEBUG Engine               - platform: WINDOWS
17:54:37.301 [FXGL Background Thread 3 ] DEBUG Engine               - prefHeightProperty: ReadOnlyDoubleProperty [value: 810.0]
17:54:37.301 [FXGL Background Thread 3 ] DEBUG Engine               - prefWidthProperty: ReadOnlyDoubleProperty [value: 1440.0]
17:54:37.301 [FXGL Background Thread 3 ] DEBUG Engine               - profileDir: profiles/
17:54:37.301 [FXGL Background Thread 3 ] DEBUG Engine               - profileName: StringProperty [value: DEFAULT]
17:54:37.301 [FXGL Background Thread 3 ] DEBUG Engine               - randomSeed: -1
17:54:37.302 [FXGL Background Thread 3 ] DEBUG Engine               - runtimeInfo: RuntimeInfo(platform=WINDOWS, version=21.1, build=27.03.2024 07.52)
17:54:37.302 [FXGL Background Thread 3 ] DEBUG Engine               - saveFileExt: sav
17:54:37.303 [FXGL Background Thread 3 ] DEBUG Engine               - scaledHeightProp$fxgl: DoubleProperty [bound, value: 810.0]
17:54:37.303 [FXGL Background Thread 3 ] DEBUG Engine               - scaledWidthProp$fxgl: DoubleProperty [bound, value: 1440.0]
17:54:37.303 [FXGL Background Thread 3 ] DEBUG Engine               - sceneFactory: com.almasb.fxgl.app.scene.SceneFactory@66180001
17:54:37.303 [FXGL Background Thread 3 ] DEBUG Engine               - secondsIn24h: 60
17:54:37.303 [FXGL Background Thread 3 ] DEBUG Engine               - soundMenuBack: menu/back.wav
17:54:37.303 [FXGL Background Thread 3 ] DEBUG Engine               - soundMenuPress: menu/press.wav
17:54:37.303 [FXGL Background Thread 3 ] DEBUG Engine               - soundMenuSelect: menu/select.wav
17:54:37.303 [FXGL Background Thread 3 ] DEBUG Engine               - soundNotification: core/notification.wav
17:54:37.304 [FXGL Background Thread 3 ] DEBUG Engine               - stageStyle: DECORATED
17:54:37.304 [FXGL Background Thread 3 ] DEBUG Engine               - supportedLanguages: [ENGLISH, FRENCH, GERMAN, HUNGARIAN, RUSSIAN]
17:54:37.304 [FXGL Background Thread 3 ] DEBUG Engine               - ticksPerSecond: -1
17:54:37.304 [FXGL Background Thread 3 ] DEBUG Engine               - title: Dual Arena
17:54:37.304 [FXGL Background Thread 3 ] DEBUG Engine               - urlGithub: https://github.com/AlmasB/FXGL
17:54:37.304 [FXGL Background Thread 3 ] DEBUG Engine               - urlLeaderboard: http://fxgl-top.herokuapp.com/
17:54:37.304 [FXGL Background Thread 3 ] DEBUG Engine               - urlPOM: https://raw.githubusercontent.com/AlmasB/FXGL/release/README.md
17:54:37.306 [FXGL Background Thread 3 ] DEBUG Engine               - userAppClass: class com.arena.dual_arena.Main
17:54:37.306 [FXGL Background Thread 3 ] DEBUG Engine               - version: 1.0
17:54:37.306 [FXGL Background Thread 3 ] DEBUG Engine               - versionCheckDays: 7
17:54:37.306 [FXGL Background Thread 3 ] DEBUG Engine               - width: 1440
17:54:37.306 [FXGL Background Thread 3 ] DEBUG Engine               - Logging services
17:54:37.307 [FXGL Background Thread 3 ] DEBUG Engine               - class com.almasb.fxgl.app.services.FXGLAssetLoaderService
17:54:37.307 [FXGL Background Thread 3 ] DEBUG Engine               - class com.almasb.fxgl.app.FXGLApplication$GameApplicationService
17:54:37.307 [FXGL Background Thread 3 ] DEBUG Engine               - class com.almasb.fxgl.app.services.FXGLDialogService
17:54:37.307 [FXGL Background Thread 3 ] DEBUG Engine               - class com.almasb.fxgl.app.services.IOTaskExecutorService
17:54:37.307 [FXGL Background Thread 3 ] DEBUG Engine               - class com.almasb.fxgl.io.FileSystemService
17:54:37.307 [FXGL Background Thread 3 ] DEBUG Engine               - class com.almasb.fxgl.localization.LocalizationService
17:54:37.309 [FXGL Background Thread 3 ] DEBUG Engine               - class com.almasb.fxgl.app.services.SystemBundleService
17:54:37.309 [FXGL Background Thread 3 ] DEBUG Engine               - class com.almasb.fxgl.profile.SaveLoadService
17:54:37.309 [FXGL Background Thread 3 ] DEBUG Engine               - class com.almasb.fxgl.ui.FXGLUIFactoryServiceProvider
17:54:37.309 [FXGL Background Thread 3 ] DEBUG Engine               - class com.almasb.fxgl.ui.FXGLDialogFactoryServiceProvider
17:54:37.309 [FXGL Background Thread 3 ] DEBUG Engine               - class com.almasb.fxgl.audio.AudioPlayer
17:54:37.310 [FXGL Background Thread 3 ] DEBUG Engine               - class com.almasb.fxgl.notification.impl.NotificationServiceProvider
17:54:37.310 [FXGL Background Thread 3 ] DEBUG Engine               - class com.almasb.fxgl.achievement.AchievementService
17:54:37.310 [FXGL Background Thread 3 ] DEBUG Engine               - class com.almasb.fxgl.cutscene.CutsceneService
17:54:37.310 [FXGL Background Thread 3 ] DEBUG Engine               - class com.almasb.fxgl.minigames.MiniGameService
17:54:37.310 [FXGL Background Thread 3 ] DEBUG Engine               - class com.almasb.fxgl.net.NetService
17:54:37.310 [FXGL Background Thread 3 ] DEBUG Engine               - class com.almasb.fxgl.app.services.UpdaterService
17:54:37.310 [FXGL Background Thread 3 ] DEBUG Engine               - class com.almasb.fxgl.dev.DevService
17:54:47.161 [JavaFX Application Thread] DEBUG Menu                 - fireNewGame()
17:54:47.162 [JavaFX Application Thread] DEBUG GameApplicationServi - Starting new game
17:54:47.178 [JavaFX Application Thread] DEBUG PrimaryStageWindow   - Pop state: FXGLDefaultMenu
17:54:47.178 [JavaFX Application Thread] DEBUG Input                - Clearing active input actions
17:54:47.180 [JavaFX Application Thread] DEBUG GameApplicationServi - Removing overlay from FXGLDefaultMenu and adding to FXGLMainMenuDummyScene
17:54:47.183 [JavaFX Application Thread] DEBUG PrimaryStageWindow   - FXGLMainMenuDummyScene <- FXGLDefaultMenu
17:54:47.184 [JavaFX Application Thread] DEBUG Input                - Clearing active input actions
17:54:47.193 [JavaFX Application Thread] DEBUG GameApplicationServi - Removing overlay from FXGLMainMenuDummyScene and adding to FXGLLoadingScene
17:54:47.196 [JavaFX Application Thread] DEBUG PrimaryStageWindow   - FXGLMainMenuDummyScene -> FXGLLoadingScene
17:54:47.196 [JavaFX Application Thread] DEBUG GameApplicationServi - Clearing previous game
17:54:47.197 [JavaFX Application Thread] DEBUG GameScene            - Clearing game scene
17:54:47.197 [JavaFX Application Thread] DEBUG GameWorld            - Clearing game world
17:54:47.197 [JavaFX Application Thread] DEBUG PhysicsWorld         - Clearing physics world
17:54:47.200 [FXGL Background Thread 2 ] DEBUG FXGLApplication      - Initializing game
17:54:47.349 [FXGL Background Thread 2 ] WARN  TMXLevelLoader       - TiledMap generated from 1.11.0. Supported version: 1.9.0. Some features may not be parsed fully.
17:54:47.367 [FXGL Background Thread 2 ] DEBUG TMXLevelLoader       - Parsed TiledMap: file:/C:/Users/jaure/OneDrive/Documents/final/T-JAV-501-NAN_2/Dual_Arena/target/classes/assets/levels/arena.tmx
17:54:47.370 [FXGL Background Thread 2 ] DEBUG TMXLevelLoader       - Creating tile layer entities
17:54:47.376 [FXGL Background Thread 2 ] DEBUG TilesetLoader        - Loading view for layer Calque de Tuiles 1
17:54:47.382 [FXGL Background Thread 2 ] DEBUG TilesetLoader        - Created buffer with size 800.0x448.0
17:54:47.395 [FXGL Background Thread 2 ] DEBUG TMXLevelLoader       - Creating object layer entities
17:54:47.445 [FXGL Background Thread 2 ] DEBUG GameWorld            - Clearing removable entities
17:54:47.448 [FXGL Background Thread 2 ] DEBUG GameWorld            - Setting level: com.almasb.fxgl.entity.level.Level@176d6ded
17:54:47.889 [JavaFX Application Thread] DEBUG LoopRunner           - Stopping loop
17:54:47.895 [JavaFX Application Thread] FATAL FXGLApplication      - Uncaught Exception:
java.lang.RuntimeException: Initialization failed
	at com.almasb.fxgl.all@21.1/com.almasb.fxgl.app.FXGLApplication$InitAppTask.failed(FXGLApplication.kt:347)
	at javafx.graphics@21/javafx.concurrent.Task.setState(Task.java:710)
	at javafx.graphics@21/javafx.concurrent.Task$TaskCallable.lambda$call$2(Task.java:1429)
	at javafx.graphics@21/com.sun.javafx.application.PlatformImpl.lambda$runLater$10(PlatformImpl.java:456)
	at java.base/java.security.AccessController.doPrivileged(AccessController.java:400)
	at javafx.graphics@21/com.sun.javafx.application.PlatformImpl.lambda$runLater$11(PlatformImpl.java:455)
	at javafx.graphics@21/com.sun.glass.ui.InvokeLaterDispatcher$Future.run(InvokeLaterDispatcher.java:95)
	at javafx.graphics@21/com.sun.glass.ui.win.WinApplication._runLoop(Native Method)
	at javafx.graphics@21/com.sun.glass.ui.win.WinApplication.lambda$runLoop$3(WinApplication.java:185)
	at java.base/java.lang.Thread.run(Thread.java:1575)
Caused by: com.arena.dual_arena.Exceptions.InsufficientControllersException: Pas assez de manettes connectées : 0 détectée(s), mais requise(s) pour le joueur 1
	at com.arena.dual_arena/com.arena.dual_arena.components.PlayerComponent.initController(PlayerComponent.java:139)
	at com.arena.dual_arena/com.arena.dual_arena.components.PlayerComponent.<init>(PlayerComponent.java:76)
	at com.arena.dual_arena/com.arena.dual_arena.factories.PlayerFactory.createPlayer(PlayerFactory.java:66)
	at com.arena.dual_arena/com.arena.dual_arena.factories.PlayerFactory.spawnPlayer(PlayerFactory.java:41)
	at java.base/jdk.internal.reflect.DirectMethodHandleAccessor.invoke(DirectMethodHandleAccessor.java:103)
	at java.base/java.lang.reflect.Method.invoke(Method.java:580)
	at com.almasb.fxgl.core@21.1/com.almasb.fxgl.core.reflect.ReflectionUtils.call(ReflectionUtils.java:104)
	at com.almasb.fxgl.core@21.1/com.almasb.fxgl.core.reflect.ReflectionUtils.lambda$mapToFunction$3(ReflectionUtils.java:111)
	at com.almasb.fxgl.entity@21.1/com.almasb.fxgl.entity.GameWorld$create$2.invoke(GameWorld.kt:428)
	at com.almasb.fxgl.entity@21.1/com.almasb.fxgl.entity.GameWorld$create$2.invoke(GameWorld.kt:428)
	at com.almasb.fxgl.core@21.1/com.almasb.fxgl.core.util.DSLKt.tryCatchRoot(DSL.kt:34)
	at com.almasb.fxgl.entity@21.1/com.almasb.fxgl.entity.GameWorld.create(GameWorld.kt:428)
	at com.almasb.fxgl.entity@21.1/com.almasb.fxgl.entity.GameWorld.spawn(GameWorld.kt:396)
	at com.almasb.fxgl.all@21.1/com.almasb.fxgl.dsl.FXGL$Companion.spawn(FXGL.kt:574)
	at com.almasb.fxgl.all@21.1/com.almasb.fxgl.dsl.FXGL.spawn(FXGL.kt)
	at com.arena.dual_arena/com.arena.dual_arena.Main.spawnPlayer(Main.java:160)
	at com.arena.dual_arena/com.arena.dual_arena.Main.initGame(Main.java:109)
	at com.almasb.fxgl.all@21.1/com.almasb.fxgl.app.FXGLApplication$InitAppTask.initGame(FXGLApplication.kt:343)
	at com.almasb.fxgl.all@21.1/com.almasb.fxgl.app.FXGLApplication$InitAppTask.call(FXGLApplication.kt:321)
	at com.almasb.fxgl.all@21.1/com.almasb.fxgl.app.FXGLApplication$InitAppTask.call(FXGLApplication.kt:313)
	at javafx.graphics@21/javafx.concurrent.Task$TaskCallable.call(Task.java:1399)
	at java.base/java.util.concurrent.FutureTask.run(FutureTask.java:317)
	at java.base/java.util.concurrent.Executors$RunnableAdapter.call(Executors.java:572)
	at java.base/java.util.concurrent.FutureTask.run(FutureTask.java:317)
	at java.base/java.util.concurrent.ThreadPoolExecutor.runWorker(ThreadPoolExecutor.java:1144)
	at java.base/java.util.concurrent.ThreadPoolExecutor$Worker.run(ThreadPoolExecutor.java:642)
	... 1 more

17:54:47.896 [JavaFX Application Thread] FATAL FXGLApplication      - Application will now exit
17:54:47.911 [JavaFX Application Thread] DEBUG PrimaryStageWindow   - Push state: ErrorSubScene
17:54:47.912 [JavaFX Application Thread] DEBUG Input                - Clearing active input actions
17:54:47.912 [JavaFX Application Thread] DEBUG GameApplicationServi - Removing overlay from FXGLLoadingScene and adding to ErrorSubScene
17:54:47.916 [JavaFX Application Thread] DEBUG PrimaryStageWindow   - FXGLLoadingScene -> ErrorSubScene
17:54:53.474 [JavaFX Application Thread] DEBUG FXGLApplication      - Exiting FXGL
17:54:53.474 [JavaFX Application Thread] DEBUG Async                - Shutting down background threads
17:54:53.475 [JavaFX Application Thread] DEBUG PrimaryStageWindow   - Closing main window
17:54:53.503 [JavaFX Application Thread] DEBUG Logger               - Closing Logger
