11:47:13.323 [main                     ] DEBUG Logger               - Configured Logger
11:47:13.380 [main                     ] DEBUG GameApplication      - Logging settings
Title: Island Knockout
Version: 1.0
Width: 1440
Height: 810
Fullscreen: true
Intro: false
Profiling: false
Single step:false
App Mode: DEVELOPER
Menu Key: ESCAPE
Stage Style: DECORATED
Scene Factory: class com.almasb.fxgl.app.scene.SceneFactory

11:47:14.196 [JavaFX Application Thread] DEBUG FXGLApplication      - Initializing FXGL
11:47:14.206 [JavaFX Application Thread] INFO  Engine               - FXGL-21.1 (27.03.2024 07.52) on WINDOWS (J:23.0.1 FX:21)
11:47:14.207 [JavaFX Application Thread] DEBUG Engine               - JRE Vendor Name: Oracle Corporation
11:47:14.207 [JavaFX Application Thread] DEBUG Engine               - Running on OS: Windows 11 version 10.0
11:47:14.208 [JavaFX Application Thread] DEBUG Engine               - Architecture: amd64
11:47:14.208 [JavaFX Application Thread] INFO  Engine               - Source code and latest versions at: https://github.com/AlmasB/FXGL
11:47:14.208 [JavaFX Application Thread] INFO  Engine               -       Ask questions and discuss at: https://github.com/AlmasB/FXGL/discussions
11:47:14.208 [JavaFX Application Thread] INFO  Engine               -              Join the FXGL chat at: https://gitter.im/AlmasB/FXGL
11:47:14.416 [JavaFX Application Thread] DEBUG PrimaryStageWindow   - Creating a JavaFX scene
11:47:14.519 [JavaFX Application Thread] DEBUG PrimaryStageWindow   - Target settings size: 1440.0 x 810.0
11:47:14.520 [JavaFX Application Thread] DEBUG PrimaryStageWindow   - Scaled scene size:    1440.0 x 810.0
11:47:14.520 [JavaFX Application Thread] DEBUG PrimaryStageWindow   - Scaled ratio: (1.0, 1.0)
11:47:14.522 [JavaFX Application Thread] DEBUG PrimaryStageWindow   - Set initial scene to FXGLStartupScene
11:47:14.530 [JavaFX Application Thread] DEBUG PrimaryStageWindow   - Opening main window
11:47:14.821 [JavaFX Application Thread] DEBUG PrimaryStageWindow   - Window border size: (16.0, 39.0)
11:47:14.822 [JavaFX Application Thread] DEBUG PrimaryStageWindow   - Scaled size: 1440.0 x 810.0
11:47:14.822 [JavaFX Application Thread] DEBUG PrimaryStageWindow   - Scaled ratio: (1.0, 1.0)
11:47:14.822 [JavaFX Application Thread] DEBUG PrimaryStageWindow   - Scene size: 1440.0 x 810.0
11:47:14.823 [JavaFX Application Thread] DEBUG PrimaryStageWindow   - Stage size: 1456.0 x 849.0
11:47:14.851 [FXGL Background Thread 1 ] DEBUG Engine               - Initializing environment variables
11:47:15.026 [FXGL Background Thread 1 ] DEBUG FXGLAssetLoaderServi - User app class for loading assets: class com.arena.dual_arena.Main
11:47:15.027 [FXGL Background Thread 1 ] DEBUG GameApplicationServi - Applying CSS: fxgl_dark.css
11:47:15.030 [FXGL Background Thread 1 ] DEBUG FXGLAssetLoaderServi - Loading from file system: jar:file:///C:/Users/jaure/.m2/repository/com/github/almasb/fxgl/21.1/fxgl-21.1.jar!/fxglassets/ui/css/fxgl_dark.css
11:47:15.115 [FXGL Background Thread 1 ] DEBUG GameApplicationServi - Initializing application scenes
11:47:15.210 [FXGL Background Thread 1 ] DEBUG GameWorld            - Game world initialized
11:47:15.320 [FXGL Background Thread 1 ] DEBUG PhysicsWorld         - Physics world initialized: appHeight=810, physics.ppm=50,0
11:47:15.320 [FXGL Background Thread 1 ] DEBUG PhysicsWorld         - Using strategy: BRUTE_FORCE
11:47:15.324 [FXGL Background Thread 1 ] DEBUG GameScene            - Game scene initialized: 1440x810
11:47:15.350 [FXGL Background Thread 1 ] DEBUG FXGL.DefaultMenu     - createMenuBodyMainMenu()
11:47:15.377 [FXGL Background Thread 1 ] DEBUG FXGL.DefaultMenu     - createOptionsMenu()
11:47:15.397 [FXGL Background Thread 1 ] DEBUG FXGLAssetLoaderServi - Loading from file system: jar:file:///C:/Users/jaure/.m2/repository/com/github/almasb/fxgl/21.1/fxgl-21.1.jar!/fxglassets/textures/particles/smoke.png
11:47:15.558 [FXGL Background Thread 1 ] DEBUG FXGLAssetLoaderServi - Loading from file system: jar:file:///C:/Users/jaure/.m2/repository/com/github/almasb/fxgl/21.1/fxgl-21.1.jar!/fxglassets/textures/particles/trace_horizontal.png
11:47:15.600 [FXGL Background Thread 1 ] DEBUG FXGL.DefaultMenu     - createMenuBodyGameMenu()
11:47:15.603 [FXGL Background Thread 1 ] DEBUG FXGL.DefaultMenu     - createOptionsMenu()
11:47:15.634 [FXGL Background Thread 1 ] DEBUG GameApplicationServi - Application scenes initialized
11:47:15.654 [FXGL Background Thread 1 ] DEBUG SystemBundleService  - Loading FXGL system data
11:47:15.664 [FXGL Background Thread 1 ] DEBUG FileSystemAccess     - Reading from: C:\Users\jaure\OneDrive\Documents\final\T-JAV-501-NAN_2\system\fxgl.bundle
11:47:15.682 [FXGL Background Thread 1 ] DEBUG SystemBundleService  - Bundle FXGL: {}
11:47:15.683 [FXGL Background Thread 1 ] DEBUG UpdaterService       - Checking for updates
11:47:15.744 [FXGL Background Thread 4 ] DEBUG FXGLApplication      - Loading fonts
11:47:15.746 [FXGL Background Thread 4 ] DEBUG FXGLAssetLoaderServi - Loading from file system: jar:file:///C:/Users/jaure/.m2/repository/com/github/almasb/fxgl/21.1/fxgl-21.1.jar!/fxglassets/ui/fonts/VarelaRound-Regular.ttf
11:47:15.748 [FXGL Background Thread 1 ] DEBUG FXGLApplication      - Loading default localization
11:47:15.749 [FXGL Background Thread 1 ] DEBUG FXGLAssetLoaderServi - Loading from file system: jar:file:///C:/Users/jaure/.m2/repository/com/github/almasb/fxgl/21.1/fxgl-21.1.jar!/fxglassets/languages/english.lang
11:47:15.786 [FXGL Background Thread 1 ] INFO  FXGLApplication      - FXGL initialization took: 0,934 sec
11:47:15.788 [JavaFX Application Thread] DEBUG FXGLAssetLoaderServi - Loading from file system: file:/C:/Users/jaure/OneDrive/Documents/final/T-JAV-501-NAN_2/Dual_Arena/target/classes/assets/music/music_1.mp3
11:47:15.808 [FXGL Background Thread 4 ] DEBUG FXGLAssetLoaderServi - Loading from file system: jar:file:///C:/Users/jaure/.m2/repository/com/github/almasb/fxgl/21.1/fxgl-21.1.jar!/fxglassets/ui/fonts/Abel-Regular.ttf
11:47:15.817 [FXGL Background Thread 4 ] DEBUG FXGLAssetLoaderServi - Loading from file system: jar:file:///C:/Users/jaure/.m2/repository/com/github/almasb/fxgl/21.1/fxgl-21.1.jar!/fxglassets/ui/fonts/TerminalLandMono-Regular.otf
11:47:15.826 [FXGL Background Thread 4 ] DEBUG FXGLAssetLoaderServi - Loading from file system: jar:file:///C:/Users/jaure/.m2/repository/com/github/almasb/fxgl/21.1/fxgl-21.1.jar!/fxglassets/ui/fonts/Courier-Prime.ttf
11:47:16.018 [JavaFX Application Thread] DEBUG FXGLAssetLoaderServi - Loading from file system: file:/C:/Users/jaure/OneDrive/Documents/final/T-JAV-501-NAN_2/Dual_Arena/target/classes/assets/music/music_2.mp3
11:47:16.032 [JavaFX Application Thread] DEBUG AudioPlayer          - Playing music com.almasb.fxgl.audio.Music@124f1b9
11:47:16.034 [JavaFX Application Thread] DEBUG FXGLAssetLoaderServi - Loading from file system: jar:file:///C:/Users/jaure/.m2/repository/com/github/almasb/fxgl/21.1/fxgl-21.1.jar!/fxglassets/textures/fxgl_icon.png
11:47:16.060 [JavaFX Application Thread] DEBUG FXGLAssetLoaderServi - Loading from file system: jar:file:///C:/Users/jaure/.m2/repository/com/github/almasb/fxgl/21.1/fxgl-21.1.jar!/fxglassets/textures/fxgl_default_cursor.png
11:47:16.073 [JavaFX Application Thread] DEBUG Input                - Registered new binding: Screenshot - CTRL+8
11:47:16.074 [JavaFX Application Thread] DEBUG Input                - Registered new binding: Dev Options - 1
11:47:16.074 [JavaFX Application Thread] DEBUG Input                - Registered new binding: Dev Console - 2
11:47:16.075 [JavaFX Application Thread] DEBUG Input                - Registered new binding: System info dump - CTRL+9
11:47:16.075 [JavaFX Application Thread] DEBUG Input                - Registered new binding: Restart - CTRL+R
11:47:16.076 [JavaFX Application Thread] DEBUG Input                - Registered new binding: Toggle Debug Camera - CTRL+7
11:47:16.082 [JavaFX Application Thread] DEBUG LoopRunner           - Starting loop
11:47:16.102 [JavaFX Application Thread] DEBUG LoopRunner           - Initializing JavaFX AnimationTimerLoop
11:47:16.105 [JavaFX Application Thread] DEBUG Input                - Clearing active input actions
11:47:16.120 [JavaFX Application Thread] DEBUG GameApplicationServi - Removing overlay from FXGLStartupScene and adding to FXGLMainMenuDummyScene
11:47:16.128 [JavaFX Application Thread] DEBUG PrimaryStageWindow   - FXGLStartupScene -> FXGLMainMenuDummyScene
11:47:16.129 [JavaFX Application Thread] DEBUG PrimaryStageWindow   - Push state: FXGLDefaultMenu
11:47:16.135 [JavaFX Application Thread] DEBUG Input                - Clearing active input actions
11:47:16.146 [JavaFX Application Thread] DEBUG GameApplicationServi - Removing overlay from FXGLMainMenuDummyScene and adding to FXGLDefaultMenu
11:47:16.148 [JavaFX Application Thread] DEBUG PrimaryStageWindow   - FXGLMainMenuDummyScene -> FXGLDefaultMenu
11:47:16.149 [JavaFX Application Thread] DEBUG FXGLApplication      - Registering font factories with UI factory
11:47:18.740 [FXGL Background Thread 3 ] DEBUG Engine               - Logging environment variables
11:47:18.741 [FXGL Background Thread 3 ] DEBUG Engine               - achievements: []
11:47:18.741 [FXGL Background Thread 3 ] DEBUG Engine               - actualHeight: 810.0
11:47:18.741 [FXGL Background Thread 3 ] DEBUG Engine               - actualHeightProperty: ReadOnlyDoubleProperty [value: 810.0]
11:47:18.741 [FXGL Background Thread 3 ] DEBUG Engine               - actualWidth: 1440.0
11:47:18.741 [FXGL Background Thread 3 ] DEBUG Engine               - actualWidthProperty: ReadOnlyDoubleProperty [value: 1440.0]
11:47:18.741 [FXGL Background Thread 3 ] DEBUG Engine               - appIcon: fxgl_icon.png
11:47:18.741 [FXGL Background Thread 3 ] DEBUG Engine               - applicationMode: DEVELOPER
11:47:18.741 [FXGL Background Thread 3 ] DEBUG Engine               - cSSList: [fxgl_dark.css]
11:47:18.742 [FXGL Background Thread 3 ] DEBUG Engine               - collisionDetectionStrategy: BRUTE_FORCE
11:47:18.742 [FXGL Background Thread 3 ] DEBUG Engine               - configClass: Optional.empty
11:47:18.742 [FXGL Background Thread 3 ] DEBUG Engine               - credits: []
11:47:18.742 [FXGL Background Thread 3 ] DEBUG Engine               - defaultCursor: CursorInfo(imageName=fxgl_default_cursor.png, hotspotX=7.0, hotspotY=6.0)
11:47:18.743 [FXGL Background Thread 3 ] DEBUG Engine               - devBBoxColorProperty: ObjectProperty [value: 0xff0000ff]
11:47:18.743 [FXGL Background Thread 3 ] DEBUG Engine               - devEnableDebugCameraProperty: BooleanProperty [value: false]
11:47:18.743 [FXGL Background Thread 3 ] DEBUG Engine               - devSensorColorProperty: ObjectProperty [value: 0xffff00ff]
11:47:18.743 [FXGL Background Thread 3 ] DEBUG Engine               - devShowBBoxProperty: BooleanProperty [value: false]
11:47:18.743 [FXGL Background Thread 3 ] DEBUG Engine               - devShowPositionProperty: BooleanProperty [value: false]
11:47:18.743 [FXGL Background Thread 3 ] DEBUG Engine               - enabledMenuItems: []
11:47:18.743 [FXGL Background Thread 3 ] DEBUG Engine               - engineServices: [class com.almasb.fxgl.app.services.FXGLAssetLoaderService, class com.almasb.fxgl.app.FXGLApplication$GameApplicationService, class com.almasb.fxgl.app.services.FXGLDialogService, class com.almasb.fxgl.app.services.IOTaskExecutorService, class com.almasb.fxgl.io.FileSystemService, class com.almasb.fxgl.localization.LocalizationService, class com.almasb.fxgl.app.services.SystemBundleService, class com.almasb.fxgl.profile.SaveLoadService, class com.almasb.fxgl.ui.FXGLUIFactoryServiceProvider, class com.almasb.fxgl.ui.FXGLDialogFactoryServiceProvider, class com.almasb.fxgl.audio.AudioPlayer, class com.almasb.fxgl.notification.impl.NotificationServiceProvider, class com.almasb.fxgl.achievement.AchievementService, class com.almasb.fxgl.cutscene.CutsceneService, class com.almasb.fxgl.minigames.MiniGameService, class com.almasb.fxgl.net.NetService, class com.almasb.fxgl.app.services.UpdaterService, class com.almasb.fxgl.dev.DevService]
11:47:18.743 [FXGL Background Thread 3 ] DEBUG Engine               - fontGame: Abel-Regular.ttf
11:47:18.743 [FXGL Background Thread 3 ] DEBUG Engine               - fontMono: TerminalLandMono-Regular.otf
11:47:18.743 [FXGL Background Thread 3 ] DEBUG Engine               - fontSizeScaleUI: 1.0
11:47:18.745 [FXGL Background Thread 3 ] DEBUG Engine               - fontText: Courier-Prime.ttf
11:47:18.745 [FXGL Background Thread 3 ] DEBUG Engine               - fontUI: VarelaRound-Regular.ttf
11:47:18.745 [FXGL Background Thread 3 ] DEBUG Engine               - fullScreen: BooleanProperty [value: false]
11:47:18.745 [FXGL Background Thread 3 ] DEBUG Engine               - gameDifficulty: MEDIUM
11:47:18.745 [FXGL Background Thread 3 ] DEBUG Engine               - gameDifficultyProperty: ObjectProperty [value: MEDIUM]
11:47:18.745 [FXGL Background Thread 3 ] DEBUG Engine               - globalMusicVolume: 0.5
11:47:18.745 [FXGL Background Thread 3 ] DEBUG Engine               - globalMusicVolumeProperty: DoubleProperty [value: 0.25]
11:47:18.745 [FXGL Background Thread 3 ] DEBUG Engine               - globalSoundVolume: 0.5
11:47:18.745 [FXGL Background Thread 3 ] DEBUG Engine               - globalSoundVolumeProperty: DoubleProperty [value: 0.5]
11:47:18.746 [FXGL Background Thread 3 ] DEBUG Engine               - height: 810
11:47:18.746 [FXGL Background Thread 3 ] DEBUG Engine               - is3D: false
11:47:18.746 [FXGL Background Thread 3 ] DEBUG Engine               - isAndroid: false
11:47:18.746 [FXGL Background Thread 3 ] DEBUG Engine               - isBrowser: false
11:47:18.746 [FXGL Background Thread 3 ] DEBUG Engine               - isClickFeedbackEnabled: false
11:47:18.746 [FXGL Background Thread 3 ] DEBUG Engine               - isCloseConfirmation: false
11:47:18.746 [FXGL Background Thread 3 ] DEBUG Engine               - isDesktop: true
11:47:18.746 [FXGL Background Thread 3 ] DEBUG Engine               - isDeveloperMenuEnabled: true
11:47:18.746 [FXGL Background Thread 3 ] DEBUG Engine               - isEmbedded: false
11:47:18.746 [FXGL Background Thread 3 ] DEBUG Engine               - isEntityPreloadEnabled: true
11:47:18.746 [FXGL Background Thread 3 ] DEBUG Engine               - isExperimentalTiledLargeMap: false
11:47:18.747 [FXGL Background Thread 3 ] DEBUG Engine               - isFileSystemWriteAllowed: true
11:47:18.747 [FXGL Background Thread 3 ] DEBUG Engine               - isFullScreenAllowed: true
11:47:18.747 [FXGL Background Thread 3 ] DEBUG Engine               - isFullScreenFromStart: false
11:47:18.747 [FXGL Background Thread 3 ] DEBUG Engine               - isGameMenuEnabled: true
11:47:18.747 [FXGL Background Thread 3 ] DEBUG Engine               - isIOS: false
11:47:18.747 [FXGL Background Thread 3 ] DEBUG Engine               - isIntroEnabled: false
11:47:18.747 [FXGL Background Thread 3 ] DEBUG Engine               - isLinux: false
11:47:18.747 [FXGL Background Thread 3 ] DEBUG Engine               - isMac: false
11:47:18.747 [FXGL Background Thread 3 ] DEBUG Engine               - isMainMenuEnabled: true
11:47:18.747 [FXGL Background Thread 3 ] DEBUG Engine               - isManualResizeEnabled: false
11:47:18.747 [FXGL Background Thread 3 ] DEBUG Engine               - isMobile: false
11:47:18.748 [FXGL Background Thread 3 ] DEBUG Engine               - isNative: false
11:47:18.748 [FXGL Background Thread 3 ] DEBUG Engine               - isPauseMusicWhenMinimized: true
11:47:18.748 [FXGL Background Thread 3 ] DEBUG Engine               - isPreserveResizeRatio: false
11:47:18.748 [FXGL Background Thread 3 ] DEBUG Engine               - isProfilingEnabled: false
11:47:18.748 [FXGL Background Thread 3 ] DEBUG Engine               - isScaleAffectedOnResize: true
11:47:18.748 [FXGL Background Thread 3 ] DEBUG Engine               - isSingleStep: false
11:47:18.748 [FXGL Background Thread 3 ] DEBUG Engine               - isUserProfileEnabled: false
11:47:18.748 [FXGL Background Thread 3 ] DEBUG Engine               - isWindows: true
11:47:18.748 [FXGL Background Thread 3 ] DEBUG Engine               - language: ObjectProperty [value: ENGLISH]
11:47:18.749 [FXGL Background Thread 3 ] DEBUG Engine               - menuKey: ESCAPE
11:47:18.749 [FXGL Background Thread 3 ] DEBUG Engine               - mouseSensitivity: 0.2
11:47:18.749 [FXGL Background Thread 3 ] DEBUG Engine               - notificationViewClass: class com.almasb.fxgl.notification.view.XboxNotificationView
11:47:18.749 [FXGL Background Thread 3 ] DEBUG Engine               - pixelsPerMeter: 50.0
11:47:18.749 [FXGL Background Thread 3 ] DEBUG Engine               - platform: WINDOWS
11:47:18.749 [FXGL Background Thread 3 ] DEBUG Engine               - prefHeightProperty: ReadOnlyDoubleProperty [value: 810.0]
11:47:18.749 [FXGL Background Thread 3 ] DEBUG Engine               - prefWidthProperty: ReadOnlyDoubleProperty [value: 1440.0]
11:47:18.749 [FXGL Background Thread 3 ] DEBUG Engine               - profileDir: profiles/
11:47:18.749 [FXGL Background Thread 3 ] DEBUG Engine               - profileName: StringProperty [value: DEFAULT]
11:47:18.749 [FXGL Background Thread 3 ] DEBUG Engine               - randomSeed: -1
11:47:18.750 [FXGL Background Thread 3 ] DEBUG Engine               - runtimeInfo: RuntimeInfo(platform=WINDOWS, version=21.1, build=27.03.2024 07.52)
11:47:18.750 [FXGL Background Thread 3 ] DEBUG Engine               - saveFileExt: sav
11:47:18.750 [FXGL Background Thread 3 ] DEBUG Engine               - scaledHeightProp$fxgl: DoubleProperty [bound, value: 810.0]
11:47:18.751 [FXGL Background Thread 3 ] DEBUG Engine               - scaledWidthProp$fxgl: DoubleProperty [bound, value: 1440.0]
11:47:18.751 [FXGL Background Thread 3 ] DEBUG Engine               - sceneFactory: com.almasb.fxgl.app.scene.SceneFactory@fa779c9
11:47:18.751 [FXGL Background Thread 3 ] DEBUG Engine               - secondsIn24h: 60
11:47:18.751 [FXGL Background Thread 3 ] DEBUG Engine               - soundMenuBack: menu/back.wav
11:47:18.751 [FXGL Background Thread 3 ] DEBUG Engine               - soundMenuPress: menu/press.wav
11:47:18.751 [FXGL Background Thread 3 ] DEBUG Engine               - soundMenuSelect: menu/select.wav
11:47:18.751 [FXGL Background Thread 3 ] DEBUG Engine               - soundNotification: core/notification.wav
11:47:18.751 [FXGL Background Thread 3 ] DEBUG Engine               - stageStyle: DECORATED
11:47:18.751 [FXGL Background Thread 3 ] DEBUG Engine               - supportedLanguages: [ENGLISH, FRENCH, GERMAN, HUNGARIAN, RUSSIAN]
11:47:18.751 [FXGL Background Thread 3 ] DEBUG Engine               - ticksPerSecond: -1
11:47:18.751 [FXGL Background Thread 3 ] DEBUG Engine               - title: Island Knockout
11:47:18.751 [FXGL Background Thread 3 ] DEBUG Engine               - urlGithub: https://github.com/AlmasB/FXGL
11:47:18.751 [FXGL Background Thread 3 ] DEBUG Engine               - urlLeaderboard: http://fxgl-top.herokuapp.com/
11:47:18.751 [FXGL Background Thread 3 ] DEBUG Engine               - urlPOM: https://raw.githubusercontent.com/AlmasB/FXGL/release/README.md
11:47:18.751 [FXGL Background Thread 3 ] DEBUG Engine               - userAppClass: class com.arena.dual_arena.Main
11:47:18.752 [FXGL Background Thread 3 ] DEBUG Engine               - version: 1.0
11:47:18.752 [FXGL Background Thread 3 ] DEBUG Engine               - versionCheckDays: 7
11:47:18.752 [FXGL Background Thread 3 ] DEBUG Engine               - width: 1440
11:47:18.752 [FXGL Background Thread 3 ] DEBUG Engine               - Logging services
11:47:18.752 [FXGL Background Thread 3 ] DEBUG Engine               - class com.almasb.fxgl.app.services.FXGLAssetLoaderService
11:47:18.752 [FXGL Background Thread 3 ] DEBUG Engine               - class com.almasb.fxgl.app.FXGLApplication$GameApplicationService
11:47:18.752 [FXGL Background Thread 3 ] DEBUG Engine               - class com.almasb.fxgl.app.services.FXGLDialogService
11:47:18.752 [FXGL Background Thread 3 ] DEBUG Engine               - class com.almasb.fxgl.app.services.IOTaskExecutorService
11:47:18.752 [FXGL Background Thread 3 ] DEBUG Engine               - class com.almasb.fxgl.io.FileSystemService
11:47:18.752 [FXGL Background Thread 3 ] DEBUG Engine               - class com.almasb.fxgl.localization.LocalizationService
11:47:18.752 [FXGL Background Thread 3 ] DEBUG Engine               - class com.almasb.fxgl.app.services.SystemBundleService
11:47:18.752 [FXGL Background Thread 3 ] DEBUG Engine               - class com.almasb.fxgl.profile.SaveLoadService
11:47:18.752 [FXGL Background Thread 3 ] DEBUG Engine               - class com.almasb.fxgl.ui.FXGLUIFactoryServiceProvider
11:47:18.752 [FXGL Background Thread 3 ] DEBUG Engine               - class com.almasb.fxgl.ui.FXGLDialogFactoryServiceProvider
11:47:18.752 [FXGL Background Thread 3 ] DEBUG Engine               - class com.almasb.fxgl.audio.AudioPlayer
11:47:18.752 [FXGL Background Thread 3 ] DEBUG Engine               - class com.almasb.fxgl.notification.impl.NotificationServiceProvider
11:47:18.753 [FXGL Background Thread 3 ] DEBUG Engine               - class com.almasb.fxgl.achievement.AchievementService
11:47:18.753 [FXGL Background Thread 3 ] DEBUG Engine               - class com.almasb.fxgl.cutscene.CutsceneService
11:47:18.753 [FXGL Background Thread 3 ] DEBUG Engine               - class com.almasb.fxgl.minigames.MiniGameService
11:47:18.753 [FXGL Background Thread 3 ] DEBUG Engine               - class com.almasb.fxgl.net.NetService
11:47:18.753 [FXGL Background Thread 3 ] DEBUG Engine               - class com.almasb.fxgl.app.services.UpdaterService
11:47:18.753 [FXGL Background Thread 3 ] DEBUG Engine               - class com.almasb.fxgl.dev.DevService
11:47:22.168 [JavaFX Application Thread] DEBUG Menu                 - fireNewGame()
11:47:22.169 [JavaFX Application Thread] DEBUG GameApplicationServi - Starting new game
11:47:22.180 [JavaFX Application Thread] DEBUG PrimaryStageWindow   - Pop state: FXGLDefaultMenu
11:47:22.181 [JavaFX Application Thread] DEBUG Input                - Clearing active input actions
11:47:22.183 [JavaFX Application Thread] DEBUG GameApplicationServi - Removing overlay from FXGLDefaultMenu and adding to FXGLMainMenuDummyScene
11:47:22.187 [JavaFX Application Thread] DEBUG PrimaryStageWindow   - FXGLMainMenuDummyScene <- FXGLDefaultMenu
11:47:22.187 [JavaFX Application Thread] DEBUG Input                - Clearing active input actions
11:47:22.195 [JavaFX Application Thread] DEBUG GameApplicationServi - Removing overlay from FXGLMainMenuDummyScene and adding to FXGLLoadingScene
11:47:22.196 [JavaFX Application Thread] DEBUG PrimaryStageWindow   - FXGLMainMenuDummyScene -> FXGLLoadingScene
11:47:22.197 [JavaFX Application Thread] DEBUG GameApplicationServi - Clearing previous game
11:47:22.197 [JavaFX Application Thread] DEBUG GameScene            - Clearing game scene
11:47:22.197 [JavaFX Application Thread] DEBUG GameWorld            - Clearing game world
11:47:22.197 [JavaFX Application Thread] DEBUG PhysicsWorld         - Clearing physics world
11:47:22.202 [FXGL Background Thread 2 ] DEBUG FXGLApplication      - Initializing game
11:47:22.398 [FXGL Background Thread 2 ] WARN  TMXLevelLoader       - TiledMap generated from 1.11.0. Supported version: 1.9.0. Some features may not be parsed fully.
11:47:22.416 [FXGL Background Thread 2 ] DEBUG TMXLevelLoader       - Parsed TiledMap: file:/C:/Users/jaure/OneDrive/Documents/final/T-JAV-501-NAN_2/Dual_Arena/target/classes/assets/levels/arena.tmx
11:47:22.420 [FXGL Background Thread 2 ] DEBUG TMXLevelLoader       - Creating tile layer entities
11:47:22.425 [FXGL Background Thread 2 ] DEBUG TilesetLoader        - Loading view for layer Calque de Tuiles 1
11:47:22.426 [FXGL Background Thread 2 ] DEBUG TilesetLoader        - Created buffer with size 800.0x448.0
11:47:22.433 [FXGL Background Thread 2 ] DEBUG TMXLevelLoader       - Creating object layer entities
11:47:22.472 [FXGL Background Thread 2 ] DEBUG GameWorld            - Clearing removable entities
11:47:22.474 [FXGL Background Thread 2 ] DEBUG GameWorld            - Setting level: com.almasb.fxgl.entity.level.Level@21b9978c
11:47:22.803 [FXGL Background Thread 2 ] DEBUG Input                - Registered new binding: Move Up1 - Z
11:47:22.804 [FXGL Background Thread 2 ] DEBUG Input                - Registered new binding: Move Down1 - S
11:47:22.804 [FXGL Background Thread 2 ] DEBUG Input                - Registered new binding: Move Left1 - Q
11:47:22.804 [FXGL Background Thread 2 ] DEBUG Input                - Registered new binding: Move Right1 - D
11:47:22.804 [FXGL Background Thread 2 ] DEBUG Input                - Registered new binding: PrimaryFire1 - Space
11:47:22.804 [FXGL Background Thread 2 ] DEBUG Input                - Registered new binding: SecondaryFire1 - C
11:47:22.805 [FXGL Background Thread 2 ] DEBUG Input                - Registered new binding: Drop Weapon1 - G
11:47:22.808 [FXGL Background Thread 2 ] DEBUG FXGLAssetLoaderServi - Loading from file system: file:/C:/Users/jaure/OneDrive/Documents/final/T-JAV-501-NAN_2/Dual_Arena/target/classes/assets/textures/player_idle_2.png
11:47:22.814 [FXGL Background Thread 2 ] DEBUG FXGLAssetLoaderServi - Loading from file system: file:/C:/Users/jaure/OneDrive/Documents/final/T-JAV-501-NAN_2/Dual_Arena/target/classes/assets/textures/player_walk_2.png
11:47:22.876 [FXGL Background Thread 2 ] DEBUG Input                - Registered new binding: Move Up2 - Up
11:47:22.876 [FXGL Background Thread 2 ] DEBUG Input                - Registered new binding: Move Down2 - Down
11:47:22.876 [FXGL Background Thread 2 ] DEBUG Input                - Registered new binding: Move Left2 - Left
11:47:22.877 [FXGL Background Thread 2 ] DEBUG Input                - Registered new binding: Move Right2 - Right
11:47:22.877 [FXGL Background Thread 2 ] DEBUG Input                - Registered new binding: PrimaryFire2 - Page Up
11:47:22.877 [FXGL Background Thread 2 ] DEBUG Input                - Registered new binding: SecondaryFire2 - Page Down
11:47:22.877 [FXGL Background Thread 2 ] DEBUG Input                - Registered new binding: Drop Weapon2 - M
11:47:22.882 [FXGL Background Thread 2 ] DEBUG FXGLAssetLoaderServi - Loading from file system: file:/C:/Users/jaure/OneDrive/Documents/final/T-JAV-501-NAN_2/Dual_Arena/target/classes/assets/textures/DEagle_0.png
11:47:22.904 [FXGL Background Thread 2 ] INFO  FXGLApplication      - Game initialization took: 0,702 sec
11:47:22.908 [JavaFX Application Thread] DEBUG Input                - Clearing active input actions
11:47:22.917 [JavaFX Application Thread] DEBUG GameApplicationServi - Removing overlay from FXGLLoadingScene and adding to GameScene
11:47:22.921 [JavaFX Application Thread] DEBUG PrimaryStageWindow   - FXGLLoadingScene -> GameScene
11:47:25.409 [JavaFX Application Thread] DEBUG FXGLAssetLoaderServi - Loading from file system: file:/C:/Users/jaure/OneDrive/Documents/final/T-JAV-501-NAN_2/Dual_Arena/target/classes/assets/sounds/gun_shot.wav
11:47:25.431 [JavaFX Application Thread] DEBUG FXGLAssetLoaderServi - Loading from file system: file:/C:/Users/jaure/OneDrive/Documents/final/T-JAV-501-NAN_2/Dual_Arena/target/classes/assets/textures/bullet.png
11:47:27.792 [JavaFX Application Thread] DEBUG FXGLAssetLoaderServi - Loading from file system: file:/C:/Users/jaure/OneDrive/Documents/final/T-JAV-501-NAN_2/Dual_Arena/target/classes/assets/textures/explosion.png
11:47:27.820 [JavaFX Application Thread] DEBUG FXGLAssetLoaderServi - Loading from file system: file:/C:/Users/jaure/OneDrive/Documents/final/T-JAV-501-NAN_2/Dual_Arena/target/classes/assets/sounds/hazard_explosion.wav
11:47:27.891 [JavaFX Application Thread] DEBUG FXGLAssetLoaderServi - Loading from file system: file:/C:/Users/jaure/OneDrive/Documents/final/T-JAV-501-NAN_2/Dual_Arena/target/classes/assets/textures/reversed_bullet.png
11:47:38.593 [JavaFX Application Thread] DEBUG FXGLAssetLoaderServi - Loading from file system: file:/C:/Users/jaure/OneDrive/Documents/final/T-JAV-501-NAN_2/Dual_Arena/target/classes/assets/textures/AWP_00.png
11:47:43.137 [JavaFX Application Thread] DEBUG FXGLAssetLoaderServi - Loading from file system: file:/C:/Users/jaure/OneDrive/Documents/final/T-JAV-501-NAN_2/Dual_Arena/target/classes/assets/sounds/sniper_shot.wav
11:47:53.586 [JavaFX Application Thread] DEBUG FXGLAssetLoaderServi - Loading from file system: file:/C:/Users/jaure/OneDrive/Documents/final/T-JAV-501-NAN_2/Dual_Arena/target/classes/assets/textures/Six12SD_0.png
11:47:55.937 [JavaFX Application Thread] DEBUG FXGLAssetLoaderServi - Loading from file system: file:/C:/Users/jaure/OneDrive/Documents/final/T-JAV-501-NAN_2/Dual_Arena/target/classes/assets/sounds/rocket_blast.wav
11:47:56.018 [JavaFX Application Thread] DEBUG FXGLAssetLoaderServi - Loading from file system: file:/C:/Users/jaure/OneDrive/Documents/final/T-JAV-501-NAN_2/Dual_Arena/target/classes/assets/textures/rocket.png
11:48:02.612 [JavaFX Application Thread] DEBUG FXGLAssetLoaderServi - Loading from file system: file:/C:/Users/jaure/OneDrive/Documents/final/T-JAV-501-NAN_2/Dual_Arena/target/classes/assets/textures/guided_rocket.png
11:48:04.321 [JavaFX Application Thread] DEBUG FXGLAssetLoaderServi - Loading from file system: file:/C:/Users/jaure/OneDrive/Documents/final/T-JAV-501-NAN_2/Dual_Arena/target/classes/assets/textures/fireball.png
11:48:05.122 [JavaFX Application Thread] DEBUG FXGLAssetLoaderServi - Loading from file system: file:/C:/Users/jaure/OneDrive/Documents/final/T-JAV-501-NAN_2/Dual_Arena/target/classes/assets/sounds/rocket_explosion.wav
11:48:14.297 [JavaFX Application Thread] DEBUG PrimaryStageWindow   - Push state: DialogSubScene
11:48:14.297 [JavaFX Application Thread] DEBUG Input                - Clearing active input actions
11:48:14.299 [JavaFX Application Thread] DEBUG GameApplicationServi - Removing overlay from GameScene and adding to DialogSubScene
11:48:14.302 [JavaFX Application Thread] DEBUG PrimaryStageWindow   - GameScene -> DialogSubScene
11:48:23.015 [JavaFX Application Thread] DEBUG FXGLApplication      - Exiting FXGL
11:48:23.015 [JavaFX Application Thread] DEBUG LoopRunner           - Stopping loop
11:48:23.015 [JavaFX Application Thread] DEBUG SystemBundleService  - Saving FXGL system data
11:48:23.021 [JavaFX Application Thread] DEBUG FileSystemAccess     - Writing to: C:\Users\jaure\OneDrive\Documents\final\T-JAV-501-NAN_2\system\fxgl.bundle
11:48:23.026 [JavaFX Application Thread] DEBUG Async                - Shutting down background threads
11:48:23.026 [JavaFX Application Thread] DEBUG PrimaryStageWindow   - Closing main window
11:48:23.087 [JavaFX Application Thread] DEBUG Logger               - Closing Logger
